{"name": "test_mobile_name_field_validations", "status": "broken", "statusDetails": {"message": "selenium.common.exceptions.TimeoutException: Message: \nStacktrace:\n\tGetHandleVerifier [0x0x31d2a3+66419]\n\tGetHandleVerifier [0x0x31d2e4+66484]\n\t(No symbol) [0x0xf4bd3]\n\t(No symbol) [0x0x13e958]\n\t(No symbol) [0x0x13ecfb]\n\t(No symbol) [0x0x185152]\n\t(No symbol) [0x0x161064]\n\t(No symbol) [0x0x1828a1]\n\t(No symbol) [0x0x160e16]\n\t(No symbol) [0x0x1325ce]\n\t(No symbol) [0x0x1334a4]\n\tGetHandleVerifier [0x0x565ee3+2461619]\n\tGetHandleVerifier [0x0x560f66+2441270]\n\tGetHandleVerifier [0x0x346242+234258]\n\tGetHandleVerifier [0x0x336208+168664]\n\tGetHandleVerifier [0x0x33d1ad+197245]\n\tGetHandleVerifier [0x0x3255f8+100040]\n\tGetHandleVerifier [0x0x325792+100450]\n\tGetHandleVerifier [0x0x30f74a+10266]\n\tBaseThreadInitThunk [0x0x7563fcc9+25]\n\tRtlGetAppContainerNamedObjectPath [0x0x776982ae+286]\n\tRtlGetAppContainerNamedObjectPath [0x0x7769827e+238]\n\t(No symbol) [0x0]", "trace": "driver = <selenium.webdriver.chrome.webdriver.WebDriver (session=\"6f73b552d5ef0e444ddfda6601b0adb0\")>\n\n    @pytest.mark.usefixtures(\"driver\")\n    def test_mobile_name_field_validations(driver):\n            academypage = RegisterAcademyPage(driver)\n            academy = config[\"academy_reg\"]\n>           academypage.clear_field(academypage.mobile_number_input)\n\ntests\\test_academy_registration.py:110: \n_ _ _ _ _ _ _ _ _ _ _ _ _ _ _ _ _ _ _ _ _ _ _ _ _ _ _ _ _ _ _ _ _ _ _ _ _ _ _ _ _ _ _ _ _ _ _ _ _ _ _\npages\\academy_registration_page.py:221: in clear_field\n    field = self.wait.until(EC.presence_of_element_located(locator))\n            ^^^^^^^^^^^^^^^^^^^^^^^^^^^^^^^^^^^^^^^^^^^^^^^^^^^^^^^^\n_ _ _ _ _ _ _ _ _ _ _ _ _ _ _ _ _ _ _ _ _ _ _ _ _ _ _ _ _ _ _ _ _ _ _ _ _ _ _ _ _ _ _ _ _ _ _ _ _ _ _\n\nself = <selenium.webdriver.support.wait.WebDriverWait (session=\"6f73b552d5ef0e444ddfda6601b0adb0\")>\nmethod = <function presence_of_element_located.<locals>._predicate at 0x0000023CEA640540>\nmessage = ''\n\n    def until(self, method: Callable[[D], Union[Literal[False], T]], message: str = \"\") -> T:\n        \"\"\"Wait until the method returns a value that is not False.\n    \n        Calls the method provided with the driver as an argument until the\n        return value does not evaluate to ``False``.\n    \n        Parameters:\n        -----------\n        method: callable(WebDriver)\n            - A callable object that takes a WebDriver instance as an argument.\n    \n        message: str\n            - Optional message for :exc:`TimeoutException`\n    \n        Return:\n        -------\n        object: T\n            - The result of the last call to `method`\n    \n        Raises:\n        -------\n        TimeoutException\n            - If 'method' does not return a truthy value within the WebDriverWait\n            object's timeout\n    \n        Example:\n        --------\n        >>> from selenium.webdriver.common.by import By\n        >>> from selenium.webdriver.support.ui import WebDriverWait\n        >>> from selenium.webdriver.support import expected_conditions as EC\n    \n        # Wait until an element is visible on the page\n        >>> wait = WebDriverWait(driver, 10)\n        >>> element = wait.until(EC.visibility_of_element_located((By.ID, \"exampleId\")))\n        >>> print(element.text)\n        \"\"\"\n        screen = None\n        stacktrace = None\n    \n        end_time = time.monotonic() + self._timeout\n        while True:\n            try:\n                value = method(self._driver)\n                if value:\n                    return value\n            except self._ignored_exceptions as exc:\n                screen = getattr(exc, \"screen\", None)\n                stacktrace = getattr(exc, \"stacktrace\", None)\n            if time.monotonic() > end_time:\n                break\n            time.sleep(self._poll)\n>       raise TimeoutException(message, screen, stacktrace)\nE       selenium.common.exceptions.TimeoutException: Message: \nE       Stacktrace:\nE       \tGetHandleVerifier [0x0x31d2a3+66419]\nE       \tGetHandleVerifier [0x0x31d2e4+66484]\nE       \t(No symbol) [0x0xf4bd3]\nE       \t(No symbol) [0x0x13e958]\nE       \t(No symbol) [0x0x13ecfb]\nE       \t(No symbol) [0x0x185152]\nE       \t(No symbol) [0x0x161064]\nE       \t(No symbol) [0x0x1828a1]\nE       \t(No symbol) [0x0x160e16]\nE       \t(No symbol) [0x0x1325ce]\nE       \t(No symbol) [0x0x1334a4]\nE       \tGetHandleVerifier [0x0x565ee3+2461619]\nE       \tGetHandleVerifier [0x0x560f66+2441270]\nE       \tGetHandleVerifier [0x0x346242+234258]\nE       \tGetHandleVerifier [0x0x336208+168664]\nE       \tGetHandleVerifier [0x0x33d1ad+197245]\nE       \tGetHandleVerifier [0x0x3255f8+100040]\nE       \tGetHandleVerifier [0x0x325792+100450]\nE       \tGetHandleVerifier [0x0x30f74a+10266]\nE       \tBaseThreadInitThunk [0x0x7563fcc9+25]\nE       \tRtlGetAppContainerNamedObjectPath [0x0x776982ae+286]\nE       \tRtlGetAppContainerNamedObjectPath [0x0x7769827e+238]\nE       \t(No symbol) [0x0]\n\nvenv\\Lib\\site-packages\\selenium\\webdriver\\support\\wait.py:138: TimeoutException"}, "start": 1757834882164, "stop": 1757834892237, "uuid": "243a8ec4-18b2-47e8-afde-f6de0b9f706c", "historyId": "e04ad98f05f1c43de7a9723335efd209", "testCaseId": "e04ad98f05f1c43de7a9723335efd209", "fullName": "tests.test_academy_registration#test_mobile_name_field_validations", "labels": [{"name": "parentSuite", "value": "tests"}, {"name": "suite", "value": "test_academy_registration"}, {"name": "host", "value": "OTSI-Lap80"}, {"name": "thread", "value": "31964-MainThread"}, {"name": "framework", "value": "pytest"}, {"name": "language", "value": "cpython3"}, {"name": "package", "value": "tests.test_academy_registration"}]}