{"name": "test_mandate_field_validation_errors", "status": "failed", "statusDetails": {"message": "AssertionError: Validation errors mismatch!\n  Expected: {'Email': 'Email is required', 'Password': 'Password is erequired'}\n  Got: {'Email': 'emailisrequired', 'Password': 'passwordisrequired'}\nassert False\n +  where False = compare_errors({'Email': 'Email is required', 'Password': 'Password is erequired'}, {'Email': 'emailisrequired', 'Password': 'passwordisrequired'})\n +    where compare_errors = <pages.login_page.LoginPage object at 0x0000027FD2EBA750>.compare_errors", "trace": "driver = <selenium.webdriver.chrome.webdriver.WebDriver (session=\"8fa69048bd49ebfa24b9e74bc3794332\")>\n\n    @pytest.mark.usefixtures(\"driver\")\n    def test_mandate_field_validation_errors(driver):\n        driver.get(config[\"base_url\"])\n        login_page = LoginPage(driver)\n        time.sleep(4)\n        login_page.click_login_button()\n        actual_errors = login_page.validations_capture()\n        expected_errors = {\n                \"Email\": \"Email is required\",\n                \"Password\": \"Password is erequired\"\n            }\n>       assert login_page.compare_errors(expected_errors, actual_errors), \\\n                f\"Validation errors mismatch!\\nExpected: {expected_errors}\\nGot: {actual_errors}\"\nE       AssertionError: Validation errors mismatch!\nE         Expected: {'Email': 'Email is required', 'Password': 'Password is erequired'}\nE         Got: {'Email': 'emailisrequired', 'Password': 'passwordisrequired'}\nE       assert False\nE        +  where False = compare_errors({'Email': 'Email is required', 'Password': 'Password is erequired'}, {'Email': 'emailisrequired', 'Password': 'passwordisrequired'})\nE        +    where compare_errors = <pages.login_page.LoginPage object at 0x0000027FD2EBA750>.compare_errors\n\ntests\\test_login.py:24: AssertionError"}, "attachments": [{"name": "stdout", "source": "6bcaa8f8-d835-417e-bd27-9d9ff8c5ac13-attachment.txt", "type": "text/plain"}], "start": 1757834037566, "stop": 1757834048871, "uuid": "fd85a116-47f8-4c6d-b06e-18bf8a2bcedc", "historyId": "2203030119bb1ebcffce23dee66c66f2", "testCaseId": "2203030119bb1ebcffce23dee66c66f2", "fullName": "tests.test_login#test_mandate_field_validation_errors", "labels": [{"name": "parentSuite", "value": "tests"}, {"name": "suite", "value": "test_login"}, {"name": "host", "value": "OTSI-Lap80"}, {"name": "thread", "value": "62028-MainThread"}, {"name": "framework", "value": "pytest"}, {"name": "language", "value": "cpython3"}, {"name": "package", "value": "tests.test_login"}]}