{"name": "test_forgotpassword_set_alpha_validation_error", "status": "broken", "statusDetails": {"message": "selenium.common.exceptions.StaleElementReferenceException: Message: stale element reference: stale element not found in the current frame\n  (Session info: chrome=139.0.7258.157); For documentation on this error, please visit: https://www.selenium.dev/documentation/webdriver/troubleshooting/errors#stale-element-reference-exception\nStacktrace:\n\tGetHandleVerifier [0x0x11ea8a3+63283]\n\tGetHandleVerifier [0x0x11ea8e4+63348]\n\t(No symbol) [0x0x1023e43]\n\t(No symbol) [0x0x102a609]\n\t(No symbol) [0x0x102c97a]\n\t(No symbol) [0x0x102c9f7]\n\t(No symbol) [0x0x10675fe]\n\t(No symbol) [0x0x109141c]\n\t(No symbol) [0x0x1062044]\n\t(No symbol) [0x0x1091694]\n\t(No symbol) [0x0x10b271a]\n\t(No symbol) [0x0x1091216]\n\t(No symbol) [0x0x1060855]\n\t(No symbol) [0x0x10616f4]\n\tGetHandleVerifier [0x0x145bb43+2623955]\n\tGetHandleVerifier [0x0x1456daa+2604090]\n\tGetHandleVerifier [0x0x121069a+218410]\n\tGetHandleVerifier [0x0x1200ed8+154984]\n\tGetHandleVerifier [0x0x120742d+180925]\n\tGetHandleVerifier [0x0x11f22b8+94536]\n\tGetHandleVerifier [0x0x11f2442+94930]\n\tGetHandleVerifier [0x0x11dd5ea+9338]\n\tBaseThreadInitThunk [0x0x75befcc9+25]\n\tRtlGetAppContainerNamedObjectPath [0x0x76f382ae+286]\n\tRtlGetAppContainerNamedObjectPath [0x0x76f3827e+238]", "trace": "driver = <selenium.webdriver.chrome.webdriver.WebDriver (session=\"81a05eb9458b1a5b203bd3707207203a\")>\n\n    @pytest.mark.usefixtures(\"driver\")\n    def test_forgotpassword_set_alpha_validation_error(driver):\n        # Get credentials from config file\n        newpassword = config[\"forgotpassword\"][\"set_alpha\"]\n        confirmpassword = config[\"forgotpassword\"][\"set_alpha\"]\n        # Initialize forgot page and perform forgotpassword\n        forgotpass = Forgotpassword(driver)\n        # forgotpass.forgotpassword(username, newpassword, confirmpassword, captch_url)\n        forgotpass.clear_field(forgotpass.newpassword_input)\n        forgotpass.create_new_password(newpassword)\n        time.sleep(1)\n        forgotpass.clear_field(forgotpass.confirmpassword_input)\n        time.sleep(1)\n        forgotpass.create_confirm_password(confirmpassword)\n        forgotpass.click_submit_button()\n>       forgotpass.validations_capture()\n\ntests\\test_forgotpassword.py:249: \n_ _ _ _ _ _ _ _ _ _ _ _ _ _ _ _ _ _ _ _ _ _ _ _ _ _ _ _ _ _ _ _ _ _ _ _ _ _ _ _ _ _ _ _ _ _ _ _ _ _ _ _\npages\\base_page.py:30: in validations_capture\n    error_text = elem.text.strip()\n                 ^^^^^^^^^\nvenv\\Lib\\site-packages\\selenium\\webdriver\\remote\\webelement.py:111: in text\n    return self._execute(Command.GET_ELEMENT_TEXT)[\"value\"]\n           ^^^^^^^^^^^^^^^^^^^^^^^^^^^^^^^^^^^^^^^\nvenv\\Lib\\site-packages\\selenium\\webdriver\\remote\\webelement.py:574: in _execute\n    return self._parent.execute(command, params)\n           ^^^^^^^^^^^^^^^^^^^^^^^^^^^^^^^^^^^^^\nvenv\\Lib\\site-packages\\selenium\\webdriver\\remote\\webdriver.py:447: in execute\n    self.error_handler.check_response(response)\n_ _ _ _ _ _ _ _ _ _ _ _ _ _ _ _ _ _ _ _ _ _ _ _ _ _ _ _ _ _ _ _ _ _ _ _ _ _ _ _ _ _ _ _ _ _ _ _ _ _ _ _\n\nself = <selenium.webdriver.remote.errorhandler.ErrorHandler object at 0x0000027486640A50>\nresponse = {'status': 404, 'value': '{\"value\":{\"error\":\"stale element reference\",\"message\":\"stale element reference: stale elemen...tRtlGetAppContainerNamedObjectPath [0x0x76f382ae+286]\\\\n\\\\tRtlGetAppContainerNamedObjectPath [0x0x76f3827e+238]\\\\n\"}}'}\n\n    def check_response(self, response: Dict[str, Any]) -> None:\n        \"\"\"Checks that a JSON response from the WebDriver does not have an\n        error.\n    \n        :Args:\n         - response - The JSON response from the WebDriver server as a dictionary\n           object.\n    \n        :Raises: If the response contains an error message.\n        \"\"\"\n        status = response.get(\"status\", None)\n        if not status or status == ErrorCode.SUCCESS:\n            return\n        value = None\n        message = response.get(\"message\", \"\")\n        screen: str = response.get(\"screen\", \"\")\n        stacktrace = None\n        if isinstance(status, int):\n            value_json = response.get(\"value\", None)\n            if value_json and isinstance(value_json, str):\n                import json\n    \n                try:\n                    value = json.loads(value_json)\n                    if len(value) == 1:\n                        value = value[\"value\"]\n                    status = value.get(\"error\", None)\n                    if not status:\n                        status = value.get(\"status\", ErrorCode.UNKNOWN_ERROR)\n                        message = value.get(\"value\") or value.get(\"message\")\n                        if not isinstance(message, str):\n                            value = message\n                            message = message.get(\"message\")\n                    else:\n                        message = value.get(\"message\", None)\n                except ValueError:\n                    pass\n    \n        exception_class: Type[WebDriverException]\n        e = ErrorCode()\n        error_codes = [item for item in dir(e) if not item.startswith(\"__\")]\n        for error_code in error_codes:\n            error_info = getattr(ErrorCode, error_code)\n            if isinstance(error_info, list) and status in error_info:\n                exception_class = getattr(ExceptionMapping, error_code, WebDriverException)\n                break\n        else:\n            exception_class = WebDriverException\n    \n        if not value:\n            value = response[\"value\"]\n        if isinstance(value, str):\n            raise exception_class(value)\n        if message == \"\" and \"message\" in value:\n            message = value[\"message\"]\n    \n        screen = None  # type: ignore[assignment]\n        if \"screen\" in value:\n            screen = value[\"screen\"]\n    \n        stacktrace = None\n        st_value = value.get(\"stackTrace\") or value.get(\"stacktrace\")\n        if st_value:\n            if isinstance(st_value, str):\n                stacktrace = st_value.split(\"\\n\")\n            else:\n                stacktrace = []\n                try:\n                    for frame in st_value:\n                        line = frame.get(\"lineNumber\", \"\")\n                        file = frame.get(\"fileName\", \"<anonymous>\")\n                        if line:\n                            file = f\"{file}:{line}\"\n                        meth = frame.get(\"methodName\", \"<anonymous>\")\n                        if \"className\" in frame:\n                            meth = f\"{frame['className']}.{meth}\"\n                        msg = \"    at %s (%s)\"\n                        msg = msg % (meth, file)\n                        stacktrace.append(msg)\n                except TypeError:\n                    pass\n        if exception_class == UnexpectedAlertPresentException:\n            alert_text = None\n            if \"data\" in value:\n                alert_text = value[\"data\"].get(\"text\")\n            elif \"alert\" in value:\n                alert_text = value[\"alert\"].get(\"text\")\n            raise exception_class(message, screen, stacktrace, alert_text)  # type: ignore[call-arg]  # mypy is not smart enough here\n>       raise exception_class(message, screen, stacktrace)\nE       selenium.common.exceptions.StaleElementReferenceException: Message: stale element reference: stale element not found in the current frame\nE         (Session info: chrome=139.0.7258.157); For documentation on this error, please visit: https://www.selenium.dev/documentation/webdriver/troubleshooting/errors#stale-element-reference-exception\nE       Stacktrace:\nE       \tGetHandleVerifier [0x0x11ea8a3+63283]\nE       \tGetHandleVerifier [0x0x11ea8e4+63348]\nE       \t(No symbol) [0x0x1023e43]\nE       \t(No symbol) [0x0x102a609]\nE       \t(No symbol) [0x0x102c97a]\nE       \t(No symbol) [0x0x102c9f7]\nE       \t(No symbol) [0x0x10675fe]\nE       \t(No symbol) [0x0x109141c]\nE       \t(No symbol) [0x0x1062044]\nE       \t(No symbol) [0x0x1091694]\nE       \t(No symbol) [0x0x10b271a]\nE       \t(No symbol) [0x0x1091216]\nE       \t(No symbol) [0x0x1060855]\nE       \t(No symbol) [0x0x10616f4]\nE       \tGetHandleVerifier [0x0x145bb43+2623955]\nE       \tGetHandleVerifier [0x0x1456daa+2604090]\nE       \tGetHandleVerifier [0x0x121069a+218410]\nE       \tGetHandleVerifier [0x0x1200ed8+154984]\nE       \tGetHandleVerifier [0x0x120742d+180925]\nE       \tGetHandleVerifier [0x0x11f22b8+94536]\nE       \tGetHandleVerifier [0x0x11f2442+94930]\nE       \tGetHandleVerifier [0x0x11dd5ea+9338]\nE       \tBaseThreadInitThunk [0x0x75befcc9+25]\nE       \tRtlGetAppContainerNamedObjectPath [0x0x76f382ae+286]\nE       \tRtlGetAppContainerNamedObjectPath [0x0x76f3827e+238]\n\nvenv\\Lib\\site-packages\\selenium\\webdriver\\remote\\errorhandler.py:232: StaleElementReferenceException"}, "attachments": [{"name": "stdout", "source": "5e3bd97c-4522-42bb-b6fa-abb2dca5e628-attachment.txt", "type": "text/plain"}], "start": 1757601340603, "stop": 1757601343233, "uuid": "3d6ca056-9d82-404e-ac37-f25897d66543", "historyId": "743f6b2f147f2794fc62c50bcc33e5b4", "testCaseId": "743f6b2f147f2794fc62c50bcc33e5b4", "fullName": "tests.test_forgotpassword#test_forgotpassword_set_alpha_validation_error", "labels": [{"name": "parentSuite", "value": "tests"}, {"name": "suite", "value": "test_forgotpassword"}, {"name": "host", "value": "OTSI-Lap80"}, {"name": "thread", "value": "88424-MainThread"}, {"name": "framework", "value": "pytest"}, {"name": "language", "value": "cpython3"}, {"name": "package", "value": "tests.test_forgotpassword"}]}