{"name": "test_mandate_field_validation_in_second_page_errors", "status": "broken", "statusDetails": {"message": "selenium.common.exceptions.TimeoutException: Message: \nStacktrace:\n\tGetHandleVerifier [0x0xf0d2a3+66419]\n\tGetHandleVerifier [0x0xf0d2e4+66484]\n\t(No symbol) [0x0xce4bd3]\n\t(No symbol) [0x0xd2e958]\n\t(No symbol) [0x0xd2ecfb]\n\t(No symbol) [0x0xd75152]\n\t(No symbol) [0x0xd51064]\n\t(No symbol) [0x0xd728a1]\n\t(No symbol) [0x0xd50e16]\n\t(No symbol) [0x0xd225ce]\n\t(No symbol) [0x0xd234a4]\n\tGetHandleVerifier [0x0x1155ee3+2461619]\n\tGetHandleVerifier [0x0x1150f66+2441270]\n\tGetHandleVerifier [0x0xf36242+234258]\n\tGetHandleVerifier [0x0xf26208+168664]\n\tGetHandleVerifier [0x0xf2d1ad+197245]\n\tGetHandleVerifier [0x0xf155f8+100040]\n\tGetHandleVerifier [0x0xf15792+100450]\n\tGetHandleVerifier [0x0xeff74a+10266]\n\tBaseThreadInitThunk [0x0x7563fcc9+25]\n\tRtlGetAppContainerNamedObjectPath [0x0x776982ae+286]\n\tRtlGetAppContainerNamedObjectPath [0x0x7769827e+238]", "trace": "driver = <selenium.webdriver.chrome.webdriver.WebDriver (session=\"f0acb1a8221a1866b44803905f75dbe7\")>\n\n    @pytest.mark.usefixtures(\"driver\")\n    def test_mandate_field_validation_in_second_page_errors(driver):\n            academypage = RegisterAcademyPage(driver)\n            academy = config[\"academy_reg\"]\n            # ---------- Test 2: Location empty validation ----------\n            print(\"Checking location field validations by entering remaining details\")\n>           academypage.academy_name_field(academy[\"academy_name\"])\n\ntests\\test_academy_registration.py:60: \n_ _ _ _ _ _ _ _ _ _ _ _ _ _ _ _ _ _ _ _ _ _ _ _ _ _ _ _ _ _ _ _ _ _ _ _ _ _ _ _ _ _ _ _ _ _ _ _ _ _ _\npages\\academy_registration_page.py:113: in academy_name_field\n    academy_input = self.wait.until(\n_ _ _ _ _ _ _ _ _ _ _ _ _ _ _ _ _ _ _ _ _ _ _ _ _ _ _ _ _ _ _ _ _ _ _ _ _ _ _ _ _ _ _ _ _ _ _ _ _ _ _\n\nself = <selenium.webdriver.support.wait.WebDriverWait (session=\"f0acb1a8221a1866b44803905f75dbe7\")>\nmethod = <function element_to_be_clickable.<locals>._predicate at 0x000001E16649AD40>, message = ''\n\n    def until(self, method: Callable[[D], Union[Literal[False], T]], message: str = \"\") -> T:\n        \"\"\"Wait until the method returns a value that is not False.\n    \n        Calls the method provided with the driver as an argument until the\n        return value does not evaluate to ``False``.\n    \n        Parameters:\n        -----------\n        method: callable(WebDriver)\n            - A callable object that takes a WebDriver instance as an argument.\n    \n        message: str\n            - Optional message for :exc:`TimeoutException`\n    \n        Return:\n        -------\n        object: T\n            - The result of the last call to `method`\n    \n        Raises:\n        -------\n        TimeoutException\n            - If 'method' does not return a truthy value within the WebDriverWait\n            object's timeout\n    \n        Example:\n        --------\n        >>> from selenium.webdriver.common.by import By\n        >>> from selenium.webdriver.support.ui import WebDriverWait\n        >>> from selenium.webdriver.support import expected_conditions as EC\n    \n        # Wait until an element is visible on the page\n        >>> wait = WebDriverWait(driver, 10)\n        >>> element = wait.until(EC.visibility_of_element_located((By.ID, \"exampleId\")))\n        >>> print(element.text)\n        \"\"\"\n        screen = None\n        stacktrace = None\n    \n        end_time = time.monotonic() + self._timeout\n        while True:\n            try:\n                value = method(self._driver)\n                if value:\n                    return value\n            except self._ignored_exceptions as exc:\n                screen = getattr(exc, \"screen\", None)\n                stacktrace = getattr(exc, \"stacktrace\", None)\n            if time.monotonic() > end_time:\n                break\n            time.sleep(self._poll)\n>       raise TimeoutException(message, screen, stacktrace)\nE       selenium.common.exceptions.TimeoutException: Message: \nE       Stacktrace:\nE       \tGetHandleVerifier [0x0xf0d2a3+66419]\nE       \tGetHandleVerifier [0x0xf0d2e4+66484]\nE       \t(No symbol) [0x0xce4bd3]\nE       \t(No symbol) [0x0xd2e958]\nE       \t(No symbol) [0x0xd2ecfb]\nE       \t(No symbol) [0x0xd75152]\nE       \t(No symbol) [0x0xd51064]\nE       \t(No symbol) [0x0xd728a1]\nE       \t(No symbol) [0x0xd50e16]\nE       \t(No symbol) [0x0xd225ce]\nE       \t(No symbol) [0x0xd234a4]\nE       \tGetHandleVerifier [0x0x1155ee3+2461619]\nE       \tGetHandleVerifier [0x0x1150f66+2441270]\nE       \tGetHandleVerifier [0x0xf36242+234258]\nE       \tGetHandleVerifier [0x0xf26208+168664]\nE       \tGetHandleVerifier [0x0xf2d1ad+197245]\nE       \tGetHandleVerifier [0x0xf155f8+100040]\nE       \tGetHandleVerifier [0x0xf15792+100450]\nE       \tGetHandleVerifier [0x0xeff74a+10266]\nE       \tBaseThreadInitThunk [0x0x7563fcc9+25]\nE       \tRtlGetAppContainerNamedObjectPath [0x0x776982ae+286]\nE       \tRtlGetAppContainerNamedObjectPath [0x0x7769827e+238]\n\nvenv\\Lib\\site-packages\\selenium\\webdriver\\support\\wait.py:138: TimeoutException"}, "attachments": [{"name": "stdout", "source": "a503d00e-a5a1-451e-b81f-cc9f94429cc5-attachment.txt", "type": "text/plain"}], "start": 1757927626752, "stop": 1757927638892, "uuid": "e5ca8f2c-0261-46e9-8a50-828456aab256", "historyId": "2c981baabaa2ca2ddcaee59f5122e27f", "testCaseId": "2c981baabaa2ca2ddcaee59f5122e27f", "fullName": "tests.test_academy_registration#test_mandate_field_validation_in_second_page_errors", "labels": [{"name": "parentSuite", "value": "tests"}, {"name": "suite", "value": "test_academy_registration"}, {"name": "host", "value": "OTSI-Lap80"}, {"name": "thread", "value": "83100-MainThread"}, {"name": "framework", "value": "pytest"}, {"name": "language", "value": "cpython3"}, {"name": "package", "value": "tests.test_academy_registration"}]}