{"name": "test_create_program[program_data3]", "status": "broken", "statusDetails": {"message": "selenium.common.exceptions.TimeoutException: Message: \nStacktrace:\n\tGetHandleVerifier [0x0x111c333+65459]\n\tGetHandleVerifier [0x0x111c374+65524]\n\t(No symbol) [0x0xf3d973]\n\t(No symbol) [0x0xf876e7]\n\t(No symbol) [0x0xf87a8b]\n\t(No symbol) [0x0xfcdea2]\n\t(No symbol) [0x0xfa9e44]\n\t(No symbol) [0x0xfcb606]\n\t(No symbol) [0x0xfa9bf6]\n\t(No symbol) [0x0xf7b38e]\n\t(No symbol) [0x0xf7c274]\n\tGetHandleVerifier [0x0x139eda3+2697763]\n\tGetHandleVerifier [0x0x1399ec7+2677575]\n\tGetHandleVerifier [0x0x1144194+228884]\n\tGetHandleVerifier [0x0x11349f8+165496]\n\tGetHandleVerifier [0x0x113b18d+192013]\n\tGetHandleVerifier [0x0x11247d8+99416]\n\tGetHandleVerifier [0x0x1124972+99826]\n\tGetHandleVerifier [0x0x110ebea+10346]\n\tBaseThreadInitThunk [0x0x75cbfcc9+25]\n\tRtlGetAppContainerNamedObjectPath [0x0x77ab82ae+286]\n\tRtlGetAppContainerNamedObjectPath [0x0x77ab827e+238]", "trace": "driver = <selenium.webdriver.chrome.webdriver.WebDriver (session=\"a79ccaa0abc0e6b414d5254e9c0c90ba\")>\nprogram_data = {'cover_image_path': 'test_data/images/sample.png', 'description': 'Auto-generated description for Program D', 'price': '104', 'title': 'Program D'}\n\n    @pytest.mark.usefixtures(\"driver\")\n    @pytest.mark.parametrize(\"program_data\", programs)\n    def test_create_program(driver, program_data):\n        page = ProgramsPage(driver)\n    \n        # Step 1: Navigate & click \"Create Program\"\n        page.click_programs_tab()\n        page.click_create_new_program_button()\n        # Step 2: Enter program details\n        time.sleep(1)\n        page.clear_field(page.program_title_input)\n        time.sleep(1)\n        page.create_program_title(program_data[\"title\"])\n        time.sleep(1)\n        page.clear_field(page.program_desc_input)\n        time.sleep(1)\n        page.create_program_desc(program_data[\"description\"])\n        time.sleep(1)\n        page.clear_field(page.program_price_input)\n        time.sleep(1)\n        page.create_program_price(program_data[\"price\"])\n        page.select_sports_dropdown()\n>       page.select_bestfit_level()\n\ntests\\test_programs.py:261: \n_ _ _ _ _ _ _ _ _ _ _ _ _ _ _ _ _ _ _ _ _ _ _ _ _ _ _ _ _ _ _ _ _ _ _ _ _ _ _ _ _ _ _ _ _ _ _ _ _ _ _ _ _ _ _ _ _ _ _ _ _ _ _\npages\\programs_page.py:57: in select_sports_dropdown\n    self.wait.until(EC.element_to_be_clickable(self.sport_dropdown)).click()\n    ^^^^^^^^^^^^^^^^^^^^^^^^^^^^^^^^^^^^^^^^^^^^^^^^^^^^^^^^^^^^^^^^\n_ _ _ _ _ _ _ _ _ _ _ _ _ _ _ _ _ _ _ _ _ _ _ _ _ _ _ _ _ _ _ _ _ _ _ _ _ _ _ _ _ _ _ _ _ _ _ _ _ _ _ _ _ _ _ _ _ _ _ _ _ _ _\n\nself = <selenium.webdriver.support.wait.WebDriverWait (session=\"a79ccaa0abc0e6b414d5254e9c0c90ba\")>\nmethod = <function element_to_be_clickable.<locals>._predicate at 0x00000284C1BDCD60>, message = ''\n\n    def until(self, method: Callable[[D], Union[Literal[False], T]], message: str = \"\") -> T:\n        \"\"\"Wait until the method returns a value that is not False.\n    \n        Calls the method provided with the driver as an argument until the\n        return value does not evaluate to ``False``.\n    \n        Parameters:\n        -----------\n        method: callable(WebDriver)\n            - A callable object that takes a WebDriver instance as an argument.\n    \n        message: str\n            - Optional message for :exc:`TimeoutException`\n    \n        Return:\n        -------\n        object: T\n            - The result of the last call to `method`\n    \n        Raises:\n        -------\n        TimeoutException\n            - If 'method' does not return a truthy value within the WebDriverWait\n            object's timeout\n    \n        Example:\n        --------\n        >>> from selenium.webdriver.common.by import By\n        >>> from selenium.webdriver.support.ui import WebDriverWait\n        >>> from selenium.webdriver.support import expected_conditions as EC\n    \n        # Wait until an element is visible on the page\n        >>> wait = WebDriverWait(driver, 10)\n        >>> element = wait.until(EC.visibility_of_element_located((By.ID, \"exampleId\")))\n        >>> print(element.text)\n        \"\"\"\n        screen = None\n        stacktrace = None\n    \n        end_time = time.monotonic() + self._timeout\n        while True:\n            try:\n                value = method(self._driver)\n                if value:\n                    return value\n            except self._ignored_exceptions as exc:\n                screen = getattr(exc, \"screen\", None)\n                stacktrace = getattr(exc, \"stacktrace\", None)\n            if time.monotonic() > end_time:\n                break\n            time.sleep(self._poll)\n>       raise TimeoutException(message, screen, stacktrace)\nE       selenium.common.exceptions.TimeoutException: Message: \nE       Stacktrace:\nE       \tGetHandleVerifier [0x0x111c333+65459]\nE       \tGetHandleVerifier [0x0x111c374+65524]\nE       \t(No symbol) [0x0xf3d973]\nE       \t(No symbol) [0x0xf876e7]\nE       \t(No symbol) [0x0xf87a8b]\nE       \t(No symbol) [0x0xfcdea2]\nE       \t(No symbol) [0x0xfa9e44]\nE       \t(No symbol) [0x0xfcb606]\nE       \t(No symbol) [0x0xfa9bf6]\nE       \t(No symbol) [0x0xf7b38e]\nE       \t(No symbol) [0x0xf7c274]\nE       \tGetHandleVerifier [0x0x139eda3+2697763]\nE       \tGetHandleVerifier [0x0x1399ec7+2677575]\nE       \tGetHandleVerifier [0x0x1144194+228884]\nE       \tGetHandleVerifier [0x0x11349f8+165496]\nE       \tGetHandleVerifier [0x0x113b18d+192013]\nE       \tGetHandleVerifier [0x0x11247d8+99416]\nE       \tGetHandleVerifier [0x0x1124972+99826]\nE       \tGetHandleVerifier [0x0x110ebea+10346]\nE       \tBaseThreadInitThunk [0x0x75cbfcc9+25]\nE       \tRtlGetAppContainerNamedObjectPath [0x0x77ab82ae+286]\nE       \tRtlGetAppContainerNamedObjectPath [0x0x77ab827e+238]\n\nvenv\\Lib\\site-packages\\selenium\\webdriver\\support\\wait.py:138: TimeoutException"}, "attachments": [{"name": "stdout", "source": "19271d59-189b-4a6f-8fd0-fc99a9d89a3e-attachment.txt", "type": "text/plain"}], "parameters": [{"name": "program_data", "value": "{'title': 'Program D', 'description': 'Auto-generated description for Program D', 'price': '104', 'cover_image_path': 'test_data/images/sample.png'}"}], "start": 1758865655381, "stop": 1758865687339, "uuid": "8a3e9b1b-8ca3-440e-b6f2-314c8037b34d", "historyId": "98e30a46805d16ad36f9103e5836f2b4", "testCaseId": "63b9275240e987384cb4ff783d8d6a2a", "fullName": "tests.test_programs#test_create_program", "labels": [{"name": "parentSuite", "value": "tests"}, {"name": "suite", "value": "test_programs"}, {"name": "host", "value": "OTSI-Lap80"}, {"name": "thread", "value": "88224-MainThread"}, {"name": "framework", "value": "pytest"}, {"name": "language", "value": "cpython3"}, {"name": "package", "value": "tests.test_programs"}]}