{"name": "test_signup_email_submit_toast_message_validation", "status": "broken", "statusDetails": {"message": "selenium.common.exceptions.TimeoutException: Message: \nStacktrace:\n\tGetHandleVerifier [0x0x82a8a3+63283]\n\tGetHandleVerifier [0x0x82a8e4+63348]\n\t(No symbol) [0x0x663e43]\n\t(No symbol) [0x0x6ac8de]\n\t(No symbol) [0x0x6acc7b]\n\t(No symbol) [0x0x6f4ef2]\n\t(No symbol) [0x0x6d1464]\n\t(No symbol) [0x0x6f271a]\n\t(No symbol) [0x0x6d1216]\n\t(No symbol) [0x0x6a0855]\n\t(No symbol) [0x0x6a16f4]\n\tGetHandleVerifier [0x0xa9bb43+2623955]\n\tGetHandleVerifier [0x0xa96daa+2604090]\n\tGetHandleVerifier [0x0x85069a+218410]\n\tGetHandleVerifier [0x0x840ed8+154984]\n\tGetHandleVerifier [0x0x84742d+180925]\n\tGetHandleVerifier [0x0x8322b8+94536]\n\tGetHandleVerifier [0x0x832442+94930]\n\tGetHandleVerifier [0x0x81d5ea+9338]\n\tBaseThreadInitThunk [0x0x75befcc9+25]\n\tRtlGetAppContainerNamedObjectPath [0x0x76f382ae+286]\n\tRtlGetAppContainerNamedObjectPath [0x0x76f3827e+238]", "trace": "driver = <selenium.webdriver.chrome.webdriver.WebDriver (session=\"c9d1ceab5b2f45328acffc2a9679afef\")>\n\n    @pytest.mark.usefixtures(\"driver\")\n    def test_signup_email_submit_toast_message_validation(driver):\n        signup=SignupPage(driver)\n        username = signup_value['email']\n>       signup.click_signup_link()\n\ntests\\test_signup.py:93: \n_ _ _ _ _ _ _ _ _ _ _ _ _ _ _ _ _ _ _ _ _ _ _ _ _ _ _ _ _ _ _ _ _ _ _ _ _ _ _ _ _ _ _ _ _ _ _ _ _ _ _\npages\\signup_page.py:25: in click_signup_link\n    self.wait.until(EC.visibility_of_element_located(self.signup_link)).click()\n    ^^^^^^^^^^^^^^^^^^^^^^^^^^^^^^^^^^^^^^^^^^^^^^^^^^^^^^^^^^^^^^^^^^^\n_ _ _ _ _ _ _ _ _ _ _ _ _ _ _ _ _ _ _ _ _ _ _ _ _ _ _ _ _ _ _ _ _ _ _ _ _ _ _ _ _ _ _ _ _ _ _ _ _ _ _\n\nself = <selenium.webdriver.support.wait.WebDriverWait (session=\"c9d1ceab5b2f45328acffc2a9679afef\")>\nmethod = <function visibility_of_element_located.<locals>._predicate at 0x000001CB20E19260>\nmessage = ''\n\n    def until(self, method: Callable[[D], Union[Literal[False], T]], message: str = \"\") -> T:\n        \"\"\"Wait until the method returns a value that is not False.\n    \n        Calls the method provided with the driver as an argument until the\n        return value does not evaluate to ``False``.\n    \n        Parameters:\n        -----------\n        method: callable(WebDriver)\n            - A callable object that takes a WebDriver instance as an argument.\n    \n        message: str\n            - Optional message for :exc:`TimeoutException`\n    \n        Return:\n        -------\n        object: T\n            - The result of the last call to `method`\n    \n        Raises:\n        -------\n        TimeoutException\n            - If 'method' does not return a truthy value within the WebDriverWait\n            object's timeout\n    \n        Example:\n        --------\n        >>> from selenium.webdriver.common.by import By\n        >>> from selenium.webdriver.support.ui import WebDriverWait\n        >>> from selenium.webdriver.support import expected_conditions as EC\n    \n        # Wait until an element is visible on the page\n        >>> wait = WebDriverWait(driver, 10)\n        >>> element = wait.until(EC.visibility_of_element_located((By.ID, \"exampleId\")))\n        >>> print(element.text)\n        \"\"\"\n        screen = None\n        stacktrace = None\n    \n        end_time = time.monotonic() + self._timeout\n        while True:\n            try:\n                value = method(self._driver)\n                if value:\n                    return value\n            except self._ignored_exceptions as exc:\n                screen = getattr(exc, \"screen\", None)\n                stacktrace = getattr(exc, \"stacktrace\", None)\n            if time.monotonic() > end_time:\n                break\n            time.sleep(self._poll)\n>       raise TimeoutException(message, screen, stacktrace)\nE       selenium.common.exceptions.TimeoutException: Message: \nE       Stacktrace:\nE       \tGetHandleVerifier [0x0x82a8a3+63283]\nE       \tGetHandleVerifier [0x0x82a8e4+63348]\nE       \t(No symbol) [0x0x663e43]\nE       \t(No symbol) [0x0x6ac8de]\nE       \t(No symbol) [0x0x6acc7b]\nE       \t(No symbol) [0x0x6f4ef2]\nE       \t(No symbol) [0x0x6d1464]\nE       \t(No symbol) [0x0x6f271a]\nE       \t(No symbol) [0x0x6d1216]\nE       \t(No symbol) [0x0x6a0855]\nE       \t(No symbol) [0x0x6a16f4]\nE       \tGetHandleVerifier [0x0xa9bb43+2623955]\nE       \tGetHandleVerifier [0x0xa96daa+2604090]\nE       \tGetHandleVerifier [0x0x85069a+218410]\nE       \tGetHandleVerifier [0x0x840ed8+154984]\nE       \tGetHandleVerifier [0x0x84742d+180925]\nE       \tGetHandleVerifier [0x0x8322b8+94536]\nE       \tGetHandleVerifier [0x0x832442+94930]\nE       \tGetHandleVerifier [0x0x81d5ea+9338]\nE       \tBaseThreadInitThunk [0x0x75befcc9+25]\nE       \tRtlGetAppContainerNamedObjectPath [0x0x76f382ae+286]\nE       \tRtlGetAppContainerNamedObjectPath [0x0x76f3827e+238]\n\nvenv\\Lib\\site-packages\\selenium\\webdriver\\support\\wait.py:138: TimeoutException"}, "start": 1757673167632, "stop": 1757673177709, "uuid": "1a9392cb-2a94-4005-a64e-af74d8bb1b47", "historyId": "e09754f6dcb3b325c505085b134bed6d", "testCaseId": "e09754f6dcb3b325c505085b134bed6d", "fullName": "tests.test_signup#test_signup_email_submit_toast_message_validation", "labels": [{"name": "parentSuite", "value": "tests"}, {"name": "suite", "value": "test_signup"}, {"name": "host", "value": "OTSI-Lap80"}, {"name": "thread", "value": "88652-MainThread"}, {"name": "framework", "value": "pytest"}, {"name": "language", "value": "cpython3"}, {"name": "package", "value": "tests.test_signup"}]}