{"name": "test_login_correct_username_correct_password", "status": "failed", "statusDetails": {"message": "AssertionError: Login failed with correct username and correct password\nassert False", "trace": "driver = <selenium.webdriver.chrome.webdriver.WebDriver (session=\"5e1d28b9019ec9e12bea4b17259ef070\")>\n\n    @pytest.mark.usefixtures(\"driver\")\n    def test_login_correct_username_correct_password(driver):\n        \"\"\"Test login with correct username and correct password.\"\"\"\n        driver.get(config[\"base_url\"])\n    \n        username = config[\"username\"]\n        password = config[\"password\"]\n    \n        login_page = LoginPage(driver)\n        login_page.login(username, password)\n    \n        time.sleep(4)\n    \n        if login_page.is_logged_in():\n            print(\"Login test with correct username and correct password executed successfully!\")\n        else:\n>           assert False, \"Login failed with correct username and correct password\"\nE           AssertionError: Login failed with correct username and correct password\nE           assert False\n\ntests\\test_login.py:121: AssertionError"}, "description": "Test login with correct username and correct password.", "start": 1757255903419, "stop": 1757255913757, "uuid": "77f2a6d0-f25d-472d-a4f6-1a459e746757", "historyId": "73be65653c7801c1b3e9ad3c4844d02f", "testCaseId": "73be65653c7801c1b3e9ad3c4844d02f", "fullName": "tests.test_login#test_login_correct_username_correct_password", "labels": [{"name": "parentSuite", "value": "tests"}, {"name": "suite", "value": "test_login"}, {"name": "host", "value": "OTSI-Lap80"}, {"name": "thread", "value": "70228-MainThread"}, {"name": "framework", "value": "pytest"}, {"name": "language", "value": "cpython3"}, {"name": "package", "value": "tests.test_login"}]}