{"name": "test_forgotpassword_set_alpha_validation_error", "status": "broken", "statusDetails": {"message": "selenium.common.exceptions.TimeoutException: Message: \nStacktrace:\n\tGetHandleVerifier [0x0x11ea8a3+63283]\n\tGetHandleVerifier [0x0x11ea8e4+63348]\n\t(No symbol) [0x0x1023e43]\n\t(No symbol) [0x0x106c8de]\n\t(No symbol) [0x0x106cc7b]\n\t(No symbol) [0x0x10b4ef2]\n\t(No symbol) [0x0x1091464]\n\t(No symbol) [0x0x10b271a]\n\t(No symbol) [0x0x1091216]\n\t(No symbol) [0x0x1060855]\n\t(No symbol) [0x0x10616f4]\n\tGetHandleVerifier [0x0x145bb43+2623955]\n\tGetHandleVerifier [0x0x1456daa+2604090]\n\tGetHandleVerifier [0x0x121069a+218410]\n\tGetHandleVerifier [0x0x1200ed8+154984]\n\tGetHandleVerifier [0x0x120742d+180925]\n\tGetHandleVerifier [0x0x11f22b8+94536]\n\tGetHandleVerifier [0x0x11f2442+94930]\n\tGetHandleVerifier [0x0x11dd5ea+9338]\n\tBaseThreadInitThunk [0x0x75befcc9+25]\n\tRtlGetAppContainerNamedObjectPath [0x0x76f382ae+286]\n\tRtlGetAppContainerNamedObjectPath [0x0x76f3827e+238]", "trace": "driver = <selenium.webdriver.chrome.webdriver.WebDriver (session=\"244d173f96bbab6c274906667191bd71\")>\n\n    @pytest.mark.usefixtures(\"driver\")\n    def test_forgotpassword_set_alpha_validation_error(driver):\n        # Get credentials from config file\n        newpassword = config[\"forgotpassword\"][\"set_alpha\"]\n        confirmpassword = config[\"forgotpassword\"][\"set_alpha\"]\n        # Initialize forgot page and perform forgotpassword\n        forgotpass = Forgotpassword(driver)\n        # forgotpass.forgotpassword(username, newpassword, confirmpassword, captch_url)\n>       forgotpass.clear_field(forgotpass.newpassword_input)\n\ntests\\test_forgotpassword.py:242: \n_ _ _ _ _ _ _ _ _ _ _ _ _ _ _ _ _ _ _ _ _ _ _ _ _ _ _ _ _ _ _ _ _ _ _ _ _ _ _ _ _ _ _ _ _ _ _ _ _ _ _ _\npages\\base_page.py:59: in clear_field\n    field = self.wait.until(EC.presence_of_element_located(locator))\n            ^^^^^^^^^^^^^^^^^^^^^^^^^^^^^^^^^^^^^^^^^^^^^^^^^^^^^^^^\n_ _ _ _ _ _ _ _ _ _ _ _ _ _ _ _ _ _ _ _ _ _ _ _ _ _ _ _ _ _ _ _ _ _ _ _ _ _ _ _ _ _ _ _ _ _ _ _ _ _ _ _\n\nself = <selenium.webdriver.support.wait.WebDriverWait (session=\"244d173f96bbab6c274906667191bd71\")>\nmethod = <function presence_of_element_located.<locals>._predicate at 0x000002355F3196C0>, message = ''\n\n    def until(self, method: Callable[[D], Union[Literal[False], T]], message: str = \"\") -> T:\n        \"\"\"Wait until the method returns a value that is not False.\n    \n        Calls the method provided with the driver as an argument until the\n        return value does not evaluate to ``False``.\n    \n        Parameters:\n        -----------\n        method: callable(WebDriver)\n            - A callable object that takes a WebDriver instance as an argument.\n    \n        message: str\n            - Optional message for :exc:`TimeoutException`\n    \n        Return:\n        -------\n        object: T\n            - The result of the last call to `method`\n    \n        Raises:\n        -------\n        TimeoutException\n            - If 'method' does not return a truthy value within the WebDriverWait\n            object's timeout\n    \n        Example:\n        --------\n        >>> from selenium.webdriver.common.by import By\n        >>> from selenium.webdriver.support.ui import WebDriverWait\n        >>> from selenium.webdriver.support import expected_conditions as EC\n    \n        # Wait until an element is visible on the page\n        >>> wait = WebDriverWait(driver, 10)\n        >>> element = wait.until(EC.visibility_of_element_located((By.ID, \"exampleId\")))\n        >>> print(element.text)\n        \"\"\"\n        screen = None\n        stacktrace = None\n    \n        end_time = time.monotonic() + self._timeout\n        while True:\n            try:\n                value = method(self._driver)\n                if value:\n                    return value\n            except self._ignored_exceptions as exc:\n                screen = getattr(exc, \"screen\", None)\n                stacktrace = getattr(exc, \"stacktrace\", None)\n            if time.monotonic() > end_time:\n                break\n            time.sleep(self._poll)\n>       raise TimeoutException(message, screen, stacktrace)\nE       selenium.common.exceptions.TimeoutException: Message: \nE       Stacktrace:\nE       \tGetHandleVerifier [0x0x11ea8a3+63283]\nE       \tGetHandleVerifier [0x0x11ea8e4+63348]\nE       \t(No symbol) [0x0x1023e43]\nE       \t(No symbol) [0x0x106c8de]\nE       \t(No symbol) [0x0x106cc7b]\nE       \t(No symbol) [0x0x10b4ef2]\nE       \t(No symbol) [0x0x1091464]\nE       \t(No symbol) [0x0x10b271a]\nE       \t(No symbol) [0x0x1091216]\nE       \t(No symbol) [0x0x1060855]\nE       \t(No symbol) [0x0x10616f4]\nE       \tGetHandleVerifier [0x0x145bb43+2623955]\nE       \tGetHandleVerifier [0x0x1456daa+2604090]\nE       \tGetHandleVerifier [0x0x121069a+218410]\nE       \tGetHandleVerifier [0x0x1200ed8+154984]\nE       \tGetHandleVerifier [0x0x120742d+180925]\nE       \tGetHandleVerifier [0x0x11f22b8+94536]\nE       \tGetHandleVerifier [0x0x11f2442+94930]\nE       \tGetHandleVerifier [0x0x11dd5ea+9338]\nE       \tBaseThreadInitThunk [0x0x75befcc9+25]\nE       \tRtlGetAppContainerNamedObjectPath [0x0x76f382ae+286]\nE       \tRtlGetAppContainerNamedObjectPath [0x0x76f3827e+238]\n\nvenv\\Lib\\site-packages\\selenium\\webdriver\\support\\wait.py:138: TimeoutException"}, "start": 1757601595454, "stop": 1757601605634, "uuid": "2d6cabb0-920d-418c-a6e2-af4380341397", "historyId": "743f6b2f147f2794fc62c50bcc33e5b4", "testCaseId": "743f6b2f147f2794fc62c50bcc33e5b4", "fullName": "tests.test_forgotpassword#test_forgotpassword_set_alpha_validation_error", "labels": [{"name": "parentSuite", "value": "tests"}, {"name": "suite", "value": "test_forgotpassword"}, {"name": "host", "value": "OTSI-Lap80"}, {"name": "thread", "value": "70304-MainThread"}, {"name": "framework", "value": "pytest"}, {"name": "language", "value": "cpython3"}, {"name": "package", "value": "tests.test_forgotpassword"}]}