{"name": "test_is_profile_email_matched_function", "status": "broken", "statusDetails": {"message": "selenium.common.exceptions.TimeoutException: Message: \nStacktrace:\n\tGetHandleVerifier [0x0x82a8a3+63283]\n\tGetHandleVerifier [0x0x82a8e4+63348]\n\t(No symbol) [0x0x663e43]\n\t(No symbol) [0x0x6ac8de]\n\t(No symbol) [0x0x6acc7b]\n\t(No symbol) [0x0x6f4ef2]\n\t(No symbol) [0x0x6d1464]\n\t(No symbol) [0x0x6f271a]\n\t(No symbol) [0x0x6d1216]\n\t(No symbol) [0x0x6a0855]\n\t(No symbol) [0x0x6a16f4]\n\tGetHandleVerifier [0x0xa9bb43+2623955]\n\tGetHandleVerifier [0x0xa96daa+2604090]\n\tGetHandleVerifier [0x0x85069a+218410]\n\tGetHandleVerifier [0x0x840ed8+154984]\n\tGetHandleVerifier [0x0x84742d+180925]\n\tGetHandleVerifier [0x0x8322b8+94536]\n\tGetHandleVerifier [0x0x832442+94930]\n\tGetHandleVerifier [0x0x81d5ea+9338]\n\tBaseThreadInitThunk [0x0x75befcc9+25]\n\tRtlGetAppContainerNamedObjectPath [0x0x76f382ae+286]\n\tRtlGetAppContainerNamedObjectPath [0x0x76f3827e+238]", "trace": "driver = <selenium.webdriver.chrome.webdriver.WebDriver (session=\"1a5b633c3de5e04376930ef36283c445\")>\n\n    @pytest.mark.usefixtures(\"driver\")\n    def test_is_profile_email_matched_function(driver):\n        signup=SignupPage(driver)\n        username = signup_value['email']\n>       signup.click_profile_toggle_button()\n\ntests\\test_signup.py:41: \n_ _ _ _ _ _ _ _ _ _ _ _ _ _ _ _ _ _ _ _ _ _ _ _ _ _ _ _ _ _ _ _ _ _ _ _ _ _ _ _ _ _ _ _ _ _ _ _ _ _ _\npages\\signup_page.py:75: in click_profile_toggle_button\n    toggle_button = self.wait.until(EC.element_to_be_clickable((\n_ _ _ _ _ _ _ _ _ _ _ _ _ _ _ _ _ _ _ _ _ _ _ _ _ _ _ _ _ _ _ _ _ _ _ _ _ _ _ _ _ _ _ _ _ _ _ _ _ _ _\n\nself = <selenium.webdriver.support.wait.WebDriverWait (session=\"1a5b633c3de5e04376930ef36283c445\")>\nmethod = <function element_to_be_clickable.<locals>._predicate at 0x00000255957194E0>, message = ''\n\n    def until(self, method: Callable[[D], Union[Literal[False], T]], message: str = \"\") -> T:\n        \"\"\"Wait until the method returns a value that is not False.\n    \n        Calls the method provided with the driver as an argument until the\n        return value does not evaluate to ``False``.\n    \n        Parameters:\n        -----------\n        method: callable(WebDriver)\n            - A callable object that takes a WebDriver instance as an argument.\n    \n        message: str\n            - Optional message for :exc:`TimeoutException`\n    \n        Return:\n        -------\n        object: T\n            - The result of the last call to `method`\n    \n        Raises:\n        -------\n        TimeoutException\n            - If 'method' does not return a truthy value within the WebDriverWait\n            object's timeout\n    \n        Example:\n        --------\n        >>> from selenium.webdriver.common.by import By\n        >>> from selenium.webdriver.support.ui import WebDriverWait\n        >>> from selenium.webdriver.support import expected_conditions as EC\n    \n        # Wait until an element is visible on the page\n        >>> wait = WebDriverWait(driver, 10)\n        >>> element = wait.until(EC.visibility_of_element_located((By.ID, \"exampleId\")))\n        >>> print(element.text)\n        \"\"\"\n        screen = None\n        stacktrace = None\n    \n        end_time = time.monotonic() + self._timeout\n        while True:\n            try:\n                value = method(self._driver)\n                if value:\n                    return value\n            except self._ignored_exceptions as exc:\n                screen = getattr(exc, \"screen\", None)\n                stacktrace = getattr(exc, \"stacktrace\", None)\n            if time.monotonic() > end_time:\n                break\n            time.sleep(self._poll)\n>       raise TimeoutException(message, screen, stacktrace)\nE       selenium.common.exceptions.TimeoutException: Message: \nE       Stacktrace:\nE       \tGetHandleVerifier [0x0x82a8a3+63283]\nE       \tGetHandleVerifier [0x0x82a8e4+63348]\nE       \t(No symbol) [0x0x663e43]\nE       \t(No symbol) [0x0x6ac8de]\nE       \t(No symbol) [0x0x6acc7b]\nE       \t(No symbol) [0x0x6f4ef2]\nE       \t(No symbol) [0x0x6d1464]\nE       \t(No symbol) [0x0x6f271a]\nE       \t(No symbol) [0x0x6d1216]\nE       \t(No symbol) [0x0x6a0855]\nE       \t(No symbol) [0x0x6a16f4]\nE       \tGetHandleVerifier [0x0xa9bb43+2623955]\nE       \tGetHandleVerifier [0x0xa96daa+2604090]\nE       \tGetHandleVerifier [0x0x85069a+218410]\nE       \tGetHandleVerifier [0x0x840ed8+154984]\nE       \tGetHandleVerifier [0x0x84742d+180925]\nE       \tGetHandleVerifier [0x0x8322b8+94536]\nE       \tGetHandleVerifier [0x0x832442+94930]\nE       \tGetHandleVerifier [0x0x81d5ea+9338]\nE       \tBaseThreadInitThunk [0x0x75befcc9+25]\nE       \tRtlGetAppContainerNamedObjectPath [0x0x76f382ae+286]\nE       \tRtlGetAppContainerNamedObjectPath [0x0x76f3827e+238]\n\nvenv\\Lib\\site-packages\\selenium\\webdriver\\support\\wait.py:138: TimeoutException"}, "start": 1757670420515, "stop": 1757670430585, "uuid": "23f1c912-3791-4257-b9e2-d7ea807f4c28", "historyId": "45284bad0a11d94b4e29ed15e5506d42", "testCaseId": "45284bad0a11d94b4e29ed15e5506d42", "fullName": "tests.test_signup#test_is_profile_email_matched_function", "labels": [{"name": "parentSuite", "value": "tests"}, {"name": "suite", "value": "test_signup"}, {"name": "host", "value": "OTSI-Lap80"}, {"name": "thread", "value": "70624-MainThread"}, {"name": "framework", "value": "pytest"}, {"name": "language", "value": "cpython3"}, {"name": "package", "value": "tests.test_signup"}]}