{"name": "test_upload_file_with_valid_file_validations", "status": "broken", "statusDetails": {"message": "selenium.common.exceptions.NoSuchElementException: Message: no such element: Unable to locate element: {\"method\":\"xpath\",\"selector\":\"//label[contains(., 'Choose File')]/input[@type='file']\"}\n  (Session info: chrome=140.0.7339.128); For documentation on this error, please visit: https://www.selenium.dev/documentation/webdriver/troubleshooting/errors#no-such-element-exception\nStacktrace:\n\tGetHandleVerifier [0x0xe4d2a3+66419]\n\tGetHandleVerifier [0x0xe4d2e4+66484]\n\t(No symbol) [0x0xc24bd3]\n\t(No symbol) [0x0xc6e958]\n\t(No symbol) [0x0xc6ecfb]\n\t(No symbol) [0x0xcb5152]\n\t(No symbol) [0x0xc91064]\n\t(No symbol) [0x0xcb28a1]\n\t(No symbol) [0x0xc90e16]\n\t(No symbol) [0x0xc625ce]\n\t(No symbol) [0x0xc634a4]\n\tGetHandleVerifier [0x0x1095ee3+2461619]\n\tGetHandleVerifier [0x0x1090f66+2441270]\n\tGetHandleVerifier [0x0xe76242+234258]\n\tGetHandleVerifier [0x0xe66208+168664]\n\tGetHandleVerifier [0x0xe6d1ad+197245]\n\tGetHandleVerifier [0x0xe555f8+100040]\n\tGetHandleVerifier [0x0xe55792+100450]\n\tGetHandleVerifier [0x0xe3f74a+10266]\n\tBaseThreadInitThunk [0x0x7563fcc9+25]\n\tRtlGetAppContainerNamedObjectPath [0x0x776982ae+286]\n\tRtlGetAppContainerNamedObjectPath [0x0x7769827e+238]", "trace": "driver = <selenium.webdriver.chrome.webdriver.WebDriver (session=\"aa07f6e91dcd8f5565d9a69c69af89a5\")>\n\n    @pytest.mark.usefixtures(\"driver\")\n    def test_upload_file_with_valid_file_validations(driver):\n            academypage = RegisterAcademyPage(driver)\n>           academypage.upload_file(\"C:/Users/vamshi.namile/Desktop/Test data Upload/splinktestdata/50splink.xlsx\")  # File larger than 5MB\n            ^^^^^^^^^^^^^^^^^^^^^^^^^^^^^^^^^^^^^^^^^^^^^^^^^^^^^^^^^^^^^^^^^^^^^^^^^^^^^^^^^^^^^^^^^^^^^^^^^^^^^^^\n\ntests\\test_academy_registration.py:237: \n_ _ _ _ _ _ _ _ _ _ _ _ _ _ _ _ _ _ _ _ _ _ _ _ _ _ _ _ _ _ _ _ _ _ _ _ _ _ _ _ _ _ _ _ _ _ _ _ _ _ _\npages\\academy_registration_page.py:151: in upload_file\n    upload_input = self.driver.find_element(*self.file_upload_input)\n                   ^^^^^^^^^^^^^^^^^^^^^^^^^^^^^^^^^^^^^^^^^^^^^^^^^\nvenv\\Lib\\site-packages\\selenium\\webdriver\\remote\\webdriver.py:914: in find_element\n    return self.execute(Command.FIND_ELEMENT, {\"using\": by, \"value\": value})[\"value\"]\n           ^^^^^^^^^^^^^^^^^^^^^^^^^^^^^^^^^^^^^^^^^^^^^^^^^^^^^^^^^^^^^^^^^\nvenv\\Lib\\site-packages\\selenium\\webdriver\\remote\\webdriver.py:447: in execute\n    self.error_handler.check_response(response)\n_ _ _ _ _ _ _ _ _ _ _ _ _ _ _ _ _ _ _ _ _ _ _ _ _ _ _ _ _ _ _ _ _ _ _ _ _ _ _ _ _ _ _ _ _ _ _ _ _ _ _\n\nself = <selenium.webdriver.remote.errorhandler.ErrorHandler object at 0x0000023D2D2AB350>\nresponse = {'status': 404, 'value': '{\"value\":{\"error\":\"no such element\",\"message\":\"no such element: Unable to locate element: {\\...tRtlGetAppContainerNamedObjectPath [0x0x776982ae+286]\\\\n\\\\tRtlGetAppContainerNamedObjectPath [0x0x7769827e+238]\\\\n\"}}'}\n\n    def check_response(self, response: Dict[str, Any]) -> None:\n        \"\"\"Checks that a JSON response from the WebDriver does not have an\n        error.\n    \n        :Args:\n         - response - The JSON response from the WebDriver server as a dictionary\n           object.\n    \n        :Raises: If the response contains an error message.\n        \"\"\"\n        status = response.get(\"status\", None)\n        if not status or status == ErrorCode.SUCCESS:\n            return\n        value = None\n        message = response.get(\"message\", \"\")\n        screen: str = response.get(\"screen\", \"\")\n        stacktrace = None\n        if isinstance(status, int):\n            value_json = response.get(\"value\", None)\n            if value_json and isinstance(value_json, str):\n                import json\n    \n                try:\n                    value = json.loads(value_json)\n                    if len(value) == 1:\n                        value = value[\"value\"]\n                    status = value.get(\"error\", None)\n                    if not status:\n                        status = value.get(\"status\", ErrorCode.UNKNOWN_ERROR)\n                        message = value.get(\"value\") or value.get(\"message\")\n                        if not isinstance(message, str):\n                            value = message\n                            message = message.get(\"message\")\n                    else:\n                        message = value.get(\"message\", None)\n                except ValueError:\n                    pass\n    \n        exception_class: Type[WebDriverException]\n        e = ErrorCode()\n        error_codes = [item for item in dir(e) if not item.startswith(\"__\")]\n        for error_code in error_codes:\n            error_info = getattr(ErrorCode, error_code)\n            if isinstance(error_info, list) and status in error_info:\n                exception_class = getattr(ExceptionMapping, error_code, WebDriverException)\n                break\n        else:\n            exception_class = WebDriverException\n    \n        if not value:\n            value = response[\"value\"]\n        if isinstance(value, str):\n            raise exception_class(value)\n        if message == \"\" and \"message\" in value:\n            message = value[\"message\"]\n    \n        screen = None  # type: ignore[assignment]\n        if \"screen\" in value:\n            screen = value[\"screen\"]\n    \n        stacktrace = None\n        st_value = value.get(\"stackTrace\") or value.get(\"stacktrace\")\n        if st_value:\n            if isinstance(st_value, str):\n                stacktrace = st_value.split(\"\\n\")\n            else:\n                stacktrace = []\n                try:\n                    for frame in st_value:\n                        line = frame.get(\"lineNumber\", \"\")\n                        file = frame.get(\"fileName\", \"<anonymous>\")\n                        if line:\n                            file = f\"{file}:{line}\"\n                        meth = frame.get(\"methodName\", \"<anonymous>\")\n                        if \"className\" in frame:\n                            meth = f\"{frame['className']}.{meth}\"\n                        msg = \"    at %s (%s)\"\n                        msg = msg % (meth, file)\n                        stacktrace.append(msg)\n                except TypeError:\n                    pass\n        if exception_class == UnexpectedAlertPresentException:\n            alert_text = None\n            if \"data\" in value:\n                alert_text = value[\"data\"].get(\"text\")\n            elif \"alert\" in value:\n                alert_text = value[\"alert\"].get(\"text\")\n            raise exception_class(message, screen, stacktrace, alert_text)  # type: ignore[call-arg]  # mypy is not smart enough here\n>       raise exception_class(message, screen, stacktrace)\nE       selenium.common.exceptions.NoSuchElementException: Message: no such element: Unable to locate element: {\"method\":\"xpath\",\"selector\":\"//label[contains(., 'Choose File')]/input[@type='file']\"}\nE         (Session info: chrome=140.0.7339.128); For documentation on this error, please visit: https://www.selenium.dev/documentation/webdriver/troubleshooting/errors#no-such-element-exception\nE       Stacktrace:\nE       \tGetHandleVerifier [0x0xe4d2a3+66419]\nE       \tGetHandleVerifier [0x0xe4d2e4+66484]\nE       \t(No symbol) [0x0xc24bd3]\nE       \t(No symbol) [0x0xc6e958]\nE       \t(No symbol) [0x0xc6ecfb]\nE       \t(No symbol) [0x0xcb5152]\nE       \t(No symbol) [0x0xc91064]\nE       \t(No symbol) [0x0xcb28a1]\nE       \t(No symbol) [0x0xc90e16]\nE       \t(No symbol) [0x0xc625ce]\nE       \t(No symbol) [0x0xc634a4]\nE       \tGetHandleVerifier [0x0x1095ee3+2461619]\nE       \tGetHandleVerifier [0x0x1090f66+2441270]\nE       \tGetHandleVerifier [0x0xe76242+234258]\nE       \tGetHandleVerifier [0x0xe66208+168664]\nE       \tGetHandleVerifier [0x0xe6d1ad+197245]\nE       \tGetHandleVerifier [0x0xe555f8+100040]\nE       \tGetHandleVerifier [0x0xe55792+100450]\nE       \tGetHandleVerifier [0x0xe3f74a+10266]\nE       \tBaseThreadInitThunk [0x0x7563fcc9+25]\nE       \tRtlGetAppContainerNamedObjectPath [0x0x776982ae+286]\nE       \tRtlGetAppContainerNamedObjectPath [0x0x7769827e+238]\n\nvenv\\Lib\\site-packages\\selenium\\webdriver\\remote\\errorhandler.py:232: NoSuchElementException"}, "start": 1757868604795, "stop": 1757868614866, "uuid": "d102e232-e147-4423-8162-4de8bce0f2a4", "historyId": "712802fe5884c5f06b32f42e5be564bf", "testCaseId": "712802fe5884c5f06b32f42e5be564bf", "fullName": "tests.test_academy_registration#test_upload_file_with_valid_file_validations", "labels": [{"name": "parentSuite", "value": "tests"}, {"name": "suite", "value": "test_academy_registration"}, {"name": "host", "value": "OTSI-Lap80"}, {"name": "thread", "value": "80276-MainThread"}, {"name": "framework", "value": "pytest"}, {"name": "language", "value": "cpython3"}, {"name": "package", "value": "tests.test_academy_registration"}]}