{"name": "test_signup_function", "status": "broken", "statusDetails": {"message": "selenium.common.exceptions.TimeoutException: Message: \nStacktrace:\n\tGetHandleVerifier [0x0xc0a8a3+63283]\n\tGetHandleVerifier [0x0xc0a8e4+63348]\n\t(No symbol) [0x0xa43e43]\n\t(No symbol) [0x0xa8c8de]\n\t(No symbol) [0x0xa8cc7b]\n\t(No symbol) [0x0xad4ef2]\n\t(No symbol) [0x0xab1464]\n\t(No symbol) [0x0xad271a]\n\t(No symbol) [0x0xab1216]\n\t(No symbol) [0x0xa80855]\n\t(No symbol) [0x0xa816f4]\n\tGetHandleVerifier [0x0xe7bb43+2623955]\n\tGetHandleVerifier [0x0xe76daa+2604090]\n\tGetHandleVerifier [0x0xc3069a+218410]\n\tGetHandleVerifier [0x0xc20ed8+154984]\n\tGetHandleVerifier [0x0xc2742d+180925]\n\tGetHandleVerifier [0x0xc122b8+94536]\n\tGetHandleVerifier [0x0xc12442+94930]\n\tGetHandleVerifier [0x0xbfd5ea+9338]\n\tBaseThreadInitThunk [0x0x75befcc9+25]\n\tRtlGetAppContainerNamedObjectPath [0x0x76f382ae+286]\n\tRtlGetAppContainerNamedObjectPath [0x0x76f3827e+238]", "trace": "driver = <selenium.webdriver.chrome.webdriver.WebDriver (session=\"9cd4a55ed7d848943a3f67a1a756f2e4\")>\n\n    @pytest.mark.usefixtures(\"driver\")\n    def test_signup_function(driver):\n        driver.get(config[\"base_url\"])\n        username = signup_value['email']\n        newpassword = config[\"signup\"][\"newpassword\"]\n        confirm_password = config[\"signup\"][\"confirmpassword\"]\n        captch_url= config[\"captch_url\"]\n        # Initialize signup page and perform signup\n        signup=SignupPage(driver)\n        signup.click_signup_link()\n        signup.create_username(username)\n        signup.click_continue_button()\n>       signup.capture_otp_and_send_otp(captch_url,username)\n\ntests\\test_signup.py:305: \n_ _ _ _ _ _ _ _ _ _ _ _ _ _ _ _ _ _ _ _ _ _ _ _ _ _ _ _ _ _ _ _ _ _ _ _ _ _ _ _ _ _ _ _ _ _ _ _ _ _ _\npages\\signup_page.py:67: in capture_otp_and_send_otp\n    otp_input = self.wait.until(\n_ _ _ _ _ _ _ _ _ _ _ _ _ _ _ _ _ _ _ _ _ _ _ _ _ _ _ _ _ _ _ _ _ _ _ _ _ _ _ _ _ _ _ _ _ _ _ _ _ _ _\n\nself = <selenium.webdriver.support.wait.WebDriverWait (session=\"9cd4a55ed7d848943a3f67a1a756f2e4\")>\nmethod = <function visibility_of_element_located.<locals>._predicate at 0x000002B1021BA840>\nmessage = ''\n\n    def until(self, method: Callable[[D], Union[Literal[False], T]], message: str = \"\") -> T:\n        \"\"\"Wait until the method returns a value that is not False.\n    \n        Calls the method provided with the driver as an argument until the\n        return value does not evaluate to ``False``.\n    \n        Parameters:\n        -----------\n        method: callable(WebDriver)\n            - A callable object that takes a WebDriver instance as an argument.\n    \n        message: str\n            - Optional message for :exc:`TimeoutException`\n    \n        Return:\n        -------\n        object: T\n            - The result of the last call to `method`\n    \n        Raises:\n        -------\n        TimeoutException\n            - If 'method' does not return a truthy value within the WebDriverWait\n            object's timeout\n    \n        Example:\n        --------\n        >>> from selenium.webdriver.common.by import By\n        >>> from selenium.webdriver.support.ui import WebDriverWait\n        >>> from selenium.webdriver.support import expected_conditions as EC\n    \n        # Wait until an element is visible on the page\n        >>> wait = WebDriverWait(driver, 10)\n        >>> element = wait.until(EC.visibility_of_element_located((By.ID, \"exampleId\")))\n        >>> print(element.text)\n        \"\"\"\n        screen = None\n        stacktrace = None\n    \n        end_time = time.monotonic() + self._timeout\n        while True:\n            try:\n                value = method(self._driver)\n                if value:\n                    return value\n            except self._ignored_exceptions as exc:\n                screen = getattr(exc, \"screen\", None)\n                stacktrace = getattr(exc, \"stacktrace\", None)\n            if time.monotonic() > end_time:\n                break\n            time.sleep(self._poll)\n>       raise TimeoutException(message, screen, stacktrace)\nE       selenium.common.exceptions.TimeoutException: Message: \nE       Stacktrace:\nE       \tGetHandleVerifier [0x0xc0a8a3+63283]\nE       \tGetHandleVerifier [0x0xc0a8e4+63348]\nE       \t(No symbol) [0x0xa43e43]\nE       \t(No symbol) [0x0xa8c8de]\nE       \t(No symbol) [0x0xa8cc7b]\nE       \t(No symbol) [0x0xad4ef2]\nE       \t(No symbol) [0x0xab1464]\nE       \t(No symbol) [0x0xad271a]\nE       \t(No symbol) [0x0xab1216]\nE       \t(No symbol) [0x0xa80855]\nE       \t(No symbol) [0x0xa816f4]\nE       \tGetHandleVerifier [0x0xe7bb43+2623955]\nE       \tGetHandleVerifier [0x0xe76daa+2604090]\nE       \tGetHandleVerifier [0x0xc3069a+218410]\nE       \tGetHandleVerifier [0x0xc20ed8+154984]\nE       \tGetHandleVerifier [0x0xc2742d+180925]\nE       \tGetHandleVerifier [0x0xc122b8+94536]\nE       \tGetHandleVerifier [0x0xc12442+94930]\nE       \tGetHandleVerifier [0x0xbfd5ea+9338]\nE       \tBaseThreadInitThunk [0x0x75befcc9+25]\nE       \tRtlGetAppContainerNamedObjectPath [0x0x76f382ae+286]\nE       \tRtlGetAppContainerNamedObjectPath [0x0x76f3827e+238]\n\nvenv\\Lib\\site-packages\\selenium\\webdriver\\support\\wait.py:138: TimeoutException"}, "attachments": [{"name": "stdout", "source": "8daed52f-440d-4edd-b69c-d60bb3ab331f-attachment.txt", "type": "text/plain"}], "start": 1757696620567, "stop": 1757696649172, "uuid": "ea1cad71-876a-4660-b342-8eba64d23400", "historyId": "1463521361f0e41655aa4f23820abf14", "testCaseId": "1463521361f0e41655aa4f23820abf14", "fullName": "tests.test_signup#test_signup_function", "labels": [{"name": "parentSuite", "value": "tests"}, {"name": "suite", "value": "test_signup"}, {"name": "host", "value": "OTSI-Lap80"}, {"name": "thread", "value": "80984-MainThread"}, {"name": "framework", "value": "pytest"}, {"name": "language", "value": "cpython3"}, {"name": "package", "value": "tests.test_signup"}]}