{"name": "test_check_label__name_displayed_in_description", "status": "broken", "statusDetails": {"message": "selenium.common.exceptions.TimeoutException: Message: \nStacktrace:\n\tGetHandleVerifier [0x0xe2d2a3+66419]\n\tGetHandleVerifier [0x0xe2d2e4+66484]\n\t(No symbol) [0x0xc04bd3]\n\t(No symbol) [0x0xc4e958]\n\t(No symbol) [0x0xc4ecfb]\n\t(No symbol) [0x0xc95152]\n\t(No symbol) [0x0xc71064]\n\t(No symbol) [0x0xc928a1]\n\t(No symbol) [0x0xc70e16]\n\t(No symbol) [0x0xc425ce]\n\t(No symbol) [0x0xc434a4]\n\tGetHandleVerifier [0x0x1075ee3+2461619]\n\tGetHandleVerifier [0x0x1070f66+2441270]\n\tGetHandleVerifier [0x0xe56242+234258]\n\tGetHandleVerifier [0x0xe46208+168664]\n\tGetHandleVerifier [0x0xe4d1ad+197245]\n\tGetHandleVerifier [0x0xe355f8+100040]\n\tGetHandleVerifier [0x0xe35792+100450]\n\tGetHandleVerifier [0x0xe1f74a+10266]\n\tBaseThreadInitThunk [0x0x7563fcc9+25]\n\tRtlGetAppContainerNamedObjectPath [0x0x776982ae+286]\n\tRtlGetAppContainerNamedObjectPath [0x0x7769827e+238]", "trace": "driver = <selenium.webdriver.chrome.webdriver.WebDriver (session=\"8f1b5a84ce578a6f01f0fa22e6b2491e\")>\n\n    @pytest.mark.usefixtures(\"driver\")\n    def test_check_label__name_displayed_in_description(driver):\n        forgotpass = Forgotpassword(driver)\n>       result = forgotpass.compare_label_with_description()\n                 ^^^^^^^^^^^^^^^^^^^^^^^^^^^^^^^^^^^^^^^^^^^\n\ntests\\test_forgotpassword.py:61: \n_ _ _ _ _ _ _ _ _ _ _ _ _ _ _ _ _ _ _ _ _ _ _ _ _ _ _ _ _ _ _ _ _ _ _ _ _ _ _ _ _ _ _ _ _ _ _ _ _ _ _\npages\\forgotpassword_page.py:211: in compare_label_with_description\n    label_elem = WebDriverWait(self.driver, 10).until(\n_ _ _ _ _ _ _ _ _ _ _ _ _ _ _ _ _ _ _ _ _ _ _ _ _ _ _ _ _ _ _ _ _ _ _ _ _ _ _ _ _ _ _ _ _ _ _ _ _ _ _\n\nself = <selenium.webdriver.support.wait.WebDriverWait (session=\"8f1b5a84ce578a6f01f0fa22e6b2491e\")>\nmethod = <function presence_of_element_located.<locals>._predicate at 0x0000027C33D76D40>\nmessage = ''\n\n    def until(self, method: Callable[[D], Union[Literal[False], T]], message: str = \"\") -> T:\n        \"\"\"Wait until the method returns a value that is not False.\n    \n        Calls the method provided with the driver as an argument until the\n        return value does not evaluate to ``False``.\n    \n        Parameters:\n        -----------\n        method: callable(WebDriver)\n            - A callable object that takes a WebDriver instance as an argument.\n    \n        message: str\n            - Optional message for :exc:`TimeoutException`\n    \n        Return:\n        -------\n        object: T\n            - The result of the last call to `method`\n    \n        Raises:\n        -------\n        TimeoutException\n            - If 'method' does not return a truthy value within the WebDriverWait\n            object's timeout\n    \n        Example:\n        --------\n        >>> from selenium.webdriver.common.by import By\n        >>> from selenium.webdriver.support.ui import WebDriverWait\n        >>> from selenium.webdriver.support import expected_conditions as EC\n    \n        # Wait until an element is visible on the page\n        >>> wait = WebDriverWait(driver, 10)\n        >>> element = wait.until(EC.visibility_of_element_located((By.ID, \"exampleId\")))\n        >>> print(element.text)\n        \"\"\"\n        screen = None\n        stacktrace = None\n    \n        end_time = time.monotonic() + self._timeout\n        while True:\n            try:\n                value = method(self._driver)\n                if value:\n                    return value\n            except self._ignored_exceptions as exc:\n                screen = getattr(exc, \"screen\", None)\n                stacktrace = getattr(exc, \"stacktrace\", None)\n            if time.monotonic() > end_time:\n                break\n            time.sleep(self._poll)\n>       raise TimeoutException(message, screen, stacktrace)\nE       selenium.common.exceptions.TimeoutException: Message: \nE       Stacktrace:\nE       \tGetHandleVerifier [0x0xe2d2a3+66419]\nE       \tGetHandleVerifier [0x0xe2d2e4+66484]\nE       \t(No symbol) [0x0xc04bd3]\nE       \t(No symbol) [0x0xc4e958]\nE       \t(No symbol) [0x0xc4ecfb]\nE       \t(No symbol) [0x0xc95152]\nE       \t(No symbol) [0x0xc71064]\nE       \t(No symbol) [0x0xc928a1]\nE       \t(No symbol) [0x0xc70e16]\nE       \t(No symbol) [0x0xc425ce]\nE       \t(No symbol) [0x0xc434a4]\nE       \tGetHandleVerifier [0x0x1075ee3+2461619]\nE       \tGetHandleVerifier [0x0x1070f66+2441270]\nE       \tGetHandleVerifier [0x0xe56242+234258]\nE       \tGetHandleVerifier [0x0xe46208+168664]\nE       \tGetHandleVerifier [0x0xe4d1ad+197245]\nE       \tGetHandleVerifier [0x0xe355f8+100040]\nE       \tGetHandleVerifier [0x0xe35792+100450]\nE       \tGetHandleVerifier [0x0xe1f74a+10266]\nE       \tBaseThreadInitThunk [0x0x7563fcc9+25]\nE       \tRtlGetAppContainerNamedObjectPath [0x0x776982ae+286]\nE       \tRtlGetAppContainerNamedObjectPath [0x0x7769827e+238]\n\nvenv\\Lib\\site-packages\\selenium\\webdriver\\support\\wait.py:138: TimeoutException"}, "start": 1757781795968, "stop": 1757781806017, "uuid": "b095d771-eb84-4e2d-8373-449c65cf30ee", "historyId": "beb67afba3700cb8c7a385a6b3bfc5c3", "testCaseId": "beb67afba3700cb8c7a385a6b3bfc5c3", "fullName": "tests.test_forgotpassword#test_check_label__name_displayed_in_description", "labels": [{"name": "parentSuite", "value": "tests"}, {"name": "suite", "value": "test_forgotpassword"}, {"name": "host", "value": "OTSI-Lap80"}, {"name": "thread", "value": "416-MainThread"}, {"name": "framework", "value": "pytest"}, {"name": "language", "value": "cpython3"}, {"name": "package", "value": "tests.test_forgotpassword"}]}