{"name": "test_signup_set_min_pass_validation_error", "status": "broken", "statusDetails": {"message": "selenium.common.exceptions.StaleElementReferenceException: Message: stale element reference: stale element not found in the current frame\n  (Session info: chrome=139.0.7258.157); For documentation on this error, please visit: https://www.selenium.dev/documentation/webdriver/troubleshooting/errors#stale-element-reference-exception\nStacktrace:\n\tGetHandleVerifier [0x0xc0a8a3+63283]\n\tGetHandleVerifier [0x0xc0a8e4+63348]\n\t(No symbol) [0x0xa43e43]\n\t(No symbol) [0x0xa4a609]\n\t(No symbol) [0x0xa4c97a]\n\t(No symbol) [0x0xa4c9f7]\n\t(No symbol) [0x0xa875fe]\n\t(No symbol) [0x0xab141c]\n\t(No symbol) [0x0xa82044]\n\t(No symbol) [0x0xab1694]\n\t(No symbol) [0x0xad271a]\n\t(No symbol) [0x0xab1216]\n\t(No symbol) [0x0xa80855]\n\t(No symbol) [0x0xa816f4]\n\tGetHandleVerifier [0x0xe7bb43+2623955]\n\tGetHandleVerifier [0x0xe76daa+2604090]\n\tGetHandleVerifier [0x0xc3069a+218410]\n\tGetHandleVerifier [0x0xc20ed8+154984]\n\tGetHandleVerifier [0x0xc2742d+180925]\n\tGetHandleVerifier [0x0xc122b8+94536]\n\tGetHandleVerifier [0x0xc12442+94930]\n\tGetHandleVerifier [0x0xbfd5ea+9338]\n\tBaseThreadInitThunk [0x0x75befcc9+25]\n\tRtlGetAppContainerNamedObjectPath [0x0x76f382ae+286]\n\tRtlGetAppContainerNamedObjectPath [0x0x76f3827e+238]", "trace": "driver = <selenium.webdriver.chrome.webdriver.WebDriver (session=\"e1c9824d92d5fe24bccdaba50eadccf4\")>\n\n    @pytest.mark.usefixtures(\"driver\")\n    def test_signup_set_min_pass_validation_error(driver):\n        \"\"\"Validate error when signup password length is less than minimum required.\"\"\"\n        newpassword = config[\"signup\"][\"set_min_pass\"]\n        confirmpassword = config[\"signup\"][\"set_min_pass\"]\n    \n        signup = SignupPage(driver)\n        # Set weak password\n        signup.clear_field_signup(signup.password_input)\n        time.sleep(1)\n        signup.create_password(newpassword)\n        signup.clear_field_signup(signup.confirmpassword_input)\n        time.sleep(1)\n        signup.create_confirm_password(confirmpassword)\n    \n        signup.click_continue_button_for_signup()\n    \n        # Capture validation error\n>       signup.validations_capture()\n\ntests\\test_signup.py:273: \n_ _ _ _ _ _ _ _ _ _ _ _ _ _ _ _ _ _ _ _ _ _ _ _ _ _ _ _ _ _ _ _ _ _ _ _ _ _ _ _ _ _ _ _ _ _ _ _ _ _ _\npages\\base_page.py:30: in validations_capture\n    error_text = elem.text.strip()\n                 ^^^^^^^^^\nvenv\\Lib\\site-packages\\selenium\\webdriver\\remote\\webelement.py:111: in text\n    return self._execute(Command.GET_ELEMENT_TEXT)[\"value\"]\n           ^^^^^^^^^^^^^^^^^^^^^^^^^^^^^^^^^^^^^^^\nvenv\\Lib\\site-packages\\selenium\\webdriver\\remote\\webelement.py:574: in _execute\n    return self._parent.execute(command, params)\n           ^^^^^^^^^^^^^^^^^^^^^^^^^^^^^^^^^^^^^\nvenv\\Lib\\site-packages\\selenium\\webdriver\\remote\\webdriver.py:447: in execute\n    self.error_handler.check_response(response)\n_ _ _ _ _ _ _ _ _ _ _ _ _ _ _ _ _ _ _ _ _ _ _ _ _ _ _ _ _ _ _ _ _ _ _ _ _ _ _ _ _ _ _ _ _ _ _ _ _ _ _\n\nself = <selenium.webdriver.remote.errorhandler.ErrorHandler object at 0x0000013F8A5BFA90>\nresponse = {'status': 404, 'value': '{\"value\":{\"error\":\"stale element reference\",\"message\":\"stale element reference: stale elemen...tRtlGetAppContainerNamedObjectPath [0x0x76f382ae+286]\\\\n\\\\tRtlGetAppContainerNamedObjectPath [0x0x76f3827e+238]\\\\n\"}}'}\n\n    def check_response(self, response: Dict[str, Any]) -> None:\n        \"\"\"Checks that a JSON response from the WebDriver does not have an\n        error.\n    \n        :Args:\n         - response - The JSON response from the WebDriver server as a dictionary\n           object.\n    \n        :Raises: If the response contains an error message.\n        \"\"\"\n        status = response.get(\"status\", None)\n        if not status or status == ErrorCode.SUCCESS:\n            return\n        value = None\n        message = response.get(\"message\", \"\")\n        screen: str = response.get(\"screen\", \"\")\n        stacktrace = None\n        if isinstance(status, int):\n            value_json = response.get(\"value\", None)\n            if value_json and isinstance(value_json, str):\n                import json\n    \n                try:\n                    value = json.loads(value_json)\n                    if len(value) == 1:\n                        value = value[\"value\"]\n                    status = value.get(\"error\", None)\n                    if not status:\n                        status = value.get(\"status\", ErrorCode.UNKNOWN_ERROR)\n                        message = value.get(\"value\") or value.get(\"message\")\n                        if not isinstance(message, str):\n                            value = message\n                            message = message.get(\"message\")\n                    else:\n                        message = value.get(\"message\", None)\n                except ValueError:\n                    pass\n    \n        exception_class: Type[WebDriverException]\n        e = ErrorCode()\n        error_codes = [item for item in dir(e) if not item.startswith(\"__\")]\n        for error_code in error_codes:\n            error_info = getattr(ErrorCode, error_code)\n            if isinstance(error_info, list) and status in error_info:\n                exception_class = getattr(ExceptionMapping, error_code, WebDriverException)\n                break\n        else:\n            exception_class = WebDriverException\n    \n        if not value:\n            value = response[\"value\"]\n        if isinstance(value, str):\n            raise exception_class(value)\n        if message == \"\" and \"message\" in value:\n            message = value[\"message\"]\n    \n        screen = None  # type: ignore[assignment]\n        if \"screen\" in value:\n            screen = value[\"screen\"]\n    \n        stacktrace = None\n        st_value = value.get(\"stackTrace\") or value.get(\"stacktrace\")\n        if st_value:\n            if isinstance(st_value, str):\n                stacktrace = st_value.split(\"\\n\")\n            else:\n                stacktrace = []\n                try:\n                    for frame in st_value:\n                        line = frame.get(\"lineNumber\", \"\")\n                        file = frame.get(\"fileName\", \"<anonymous>\")\n                        if line:\n                            file = f\"{file}:{line}\"\n                        meth = frame.get(\"methodName\", \"<anonymous>\")\n                        if \"className\" in frame:\n                            meth = f\"{frame['className']}.{meth}\"\n                        msg = \"    at %s (%s)\"\n                        msg = msg % (meth, file)\n                        stacktrace.append(msg)\n                except TypeError:\n                    pass\n        if exception_class == UnexpectedAlertPresentException:\n            alert_text = None\n            if \"data\" in value:\n                alert_text = value[\"data\"].get(\"text\")\n            elif \"alert\" in value:\n                alert_text = value[\"alert\"].get(\"text\")\n            raise exception_class(message, screen, stacktrace, alert_text)  # type: ignore[call-arg]  # mypy is not smart enough here\n>       raise exception_class(message, screen, stacktrace)\nE       selenium.common.exceptions.StaleElementReferenceException: Message: stale element reference: stale element not found in the current frame\nE         (Session info: chrome=139.0.7258.157); For documentation on this error, please visit: https://www.selenium.dev/documentation/webdriver/troubleshooting/errors#stale-element-reference-exception\nE       Stacktrace:\nE       \tGetHandleVerifier [0x0xc0a8a3+63283]\nE       \tGetHandleVerifier [0x0xc0a8e4+63348]\nE       \t(No symbol) [0x0xa43e43]\nE       \t(No symbol) [0x0xa4a609]\nE       \t(No symbol) [0x0xa4c97a]\nE       \t(No symbol) [0x0xa4c9f7]\nE       \t(No symbol) [0x0xa875fe]\nE       \t(No symbol) [0x0xab141c]\nE       \t(No symbol) [0x0xa82044]\nE       \t(No symbol) [0x0xab1694]\nE       \t(No symbol) [0x0xad271a]\nE       \t(No symbol) [0x0xab1216]\nE       \t(No symbol) [0x0xa80855]\nE       \t(No symbol) [0x0xa816f4]\nE       \tGetHandleVerifier [0x0xe7bb43+2623955]\nE       \tGetHandleVerifier [0x0xe76daa+2604090]\nE       \tGetHandleVerifier [0x0xc3069a+218410]\nE       \tGetHandleVerifier [0x0xc20ed8+154984]\nE       \tGetHandleVerifier [0x0xc2742d+180925]\nE       \tGetHandleVerifier [0x0xc122b8+94536]\nE       \tGetHandleVerifier [0x0xc12442+94930]\nE       \tGetHandleVerifier [0x0xbfd5ea+9338]\nE       \tBaseThreadInitThunk [0x0x75befcc9+25]\nE       \tRtlGetAppContainerNamedObjectPath [0x0x76f382ae+286]\nE       \tRtlGetAppContainerNamedObjectPath [0x0x76f3827e+238]\n\nvenv\\Lib\\site-packages\\selenium\\webdriver\\remote\\errorhandler.py:232: StaleElementReferenceException"}, "description": "Validate error when signup password length is less than minimum required.", "attachments": [{"name": "stdout", "source": "6aa3368a-02f7-4354-9e23-d7253a943cbd-attachment.txt", "type": "text/plain"}], "start": 1757697616318, "stop": 1757697618898, "uuid": "1529f6d8-b4c3-4f04-b710-520a53480651", "historyId": "af3e6aa5d4a65b2a7fe4b50e41befc87", "testCaseId": "af3e6aa5d4a65b2a7fe4b50e41befc87", "fullName": "tests.test_signup#test_signup_set_min_pass_validation_error", "labels": [{"name": "parentSuite", "value": "tests"}, {"name": "suite", "value": "test_signup"}, {"name": "host", "value": "OTSI-Lap80"}, {"name": "thread", "value": "68172-MainThread"}, {"name": "framework", "value": "pytest"}, {"name": "language", "value": "cpython3"}, {"name": "package", "value": "tests.test_signup"}]}