{"name": "test_signup_function", "status": "failed", "statusDetails": {"message": "AssertionError: Expected SUCCESS but got None, desc: None\nassert None == 'SUCCESS'", "trace": "driver = <selenium.webdriver.chrome.webdriver.WebDriver (session=\"ab7f23efe5e1d7a9bdaca56e82fc92ab\")>\n\n    def test_signup_function(driver):\n        driver.get(config[\"base_url\"])\n        # Generate a unique email to avoid conflicts\n        timestamp = int(time.time())\n        username = f\"qa{timestamp}@otsi.co.in\"\n        newpassword = config[\"signup\"][\"newpassword\"]\n        confirm_password = config[\"signup\"][\"confirmpassword\"]\n        captch_url= config[\"captch_url\"]\n        # Initialize signup page and perform signup\n        signup=SignupPage(driver)\n        signup.click_signup_link()\n        signup.create_username(username)\n        signup.click_continue_button()\n        signup.capture_otp_and_send_otp(captch_url,username)\n        signup.click_continue_button()\n        signup.create_password(newpassword)\n        signup.create_confirm_password(confirm_password)\n        signup.click_continue_button()\n        title, desc = signup.get_toast_message()\n>       assert title == \"SUCCESS\", f\"Expected SUCCESS but got {title}, desc: {desc}\"\nE       AssertionError: Expected SUCCESS but got None, desc: None\nE       assert None == 'SUCCESS'\n\ntests\\test_signup.py:30: AssertionError"}, "attachments": [{"name": "stdout", "source": "2ff776f3-8444-494e-ac55-826bdff710ff-attachment.txt", "type": "text/plain"}], "start": 1757611482779, "stop": 1757611528620, "uuid": "56fd2896-47a1-4d48-9d15-3d8e23517013", "historyId": "1463521361f0e41655aa4f23820abf14", "testCaseId": "1463521361f0e41655aa4f23820abf14", "fullName": "tests.test_signup#test_signup_function", "labels": [{"name": "parentSuite", "value": "tests"}, {"name": "suite", "value": "test_signup"}, {"name": "host", "value": "OTSI-Lap80"}, {"name": "thread", "value": "82764-MainThread"}, {"name": "framework", "value": "pytest"}, {"name": "language", "value": "cpython3"}, {"name": "package", "value": "tests.test_signup"}]}