{"name": "test_forgotpassword_function", "status": "broken", "statusDetails": {"message": "selenium.common.exceptions.TimeoutException: Message: \nStacktrace:\n\tGetHandleVerifier [0x0x32a8a3+63283]\n\tGetHandleVerifier [0x0x32a8e4+63348]\n\t(No symbol) [0x0x163e43]\n\t(No symbol) [0x0x1ac8de]\n\t(No symbol) [0x0x1acc7b]\n\t(No symbol) [0x0x1f4ef2]\n\t(No symbol) [0x0x1d1464]\n\t(No symbol) [0x0x1f271a]\n\t(No symbol) [0x0x1d1216]\n\t(No symbol) [0x0x1a0855]\n\t(No symbol) [0x0x1a16f4]\n\tGetHandleVerifier [0x0x59bb43+2623955]\n\tGetHandleVerifier [0x0x596daa+2604090]\n\tGetHandleVerifier [0x0x35069a+218410]\n\tGetHandleVerifier [0x0x340ed8+154984]\n\tGetHandleVerifier [0x0x34742d+180925]\n\tGetHandleVerifier [0x0x3322b8+94536]\n\tGetHandleVerifier [0x0x332442+94930]\n\tGetHandleVerifier [0x0x31d5ea+9338]\n\tBaseThreadInitThunk [0x0x76b9fcc9+25]\n\tRtlGetAppContainerNamedObjectPath [0x0x777582ae+286]\n\tRtlGetAppContainerNamedObjectPath [0x0x7775827e+238]\n\t(No symbol) [0x0]", "trace": "driver = <selenium.webdriver.chrome.webdriver.WebDriver (session=\"b9a52e5345e28c9303010cfd27c79edd\")>\n\n    @pytest.mark.usefixtures(\"driver\")\n    def test_forgotpassword_function(driver):\n        driver.get(config[\"base_url\"])\n        captch_url= config[\"captch_url\"]\n        # Get credentials from config file\n        username = config[\"forgotpassword\"][\"email\"]\n        newpassword = config[\"forgotpassword\"][\"newpassword\"]\n        confirmpassword = config[\"forgotpassword\"][\"confirmpassword\"]\n        # Initialize forgot page and perform forgotpassword\n        forgotpass = Forgotpassword(driver)\n        # forgotpass.forgotpassword(username, newpassword, confirmpassword, captch_url)\n        forgotpass.click_forgot_password_link()\n        forgotpass.create_username(username)\n        forgotpass.click_continue_button()\n        forgotpass.capture_otp(username,captch_url)\n        forgotpass.create_new_password(newpassword)\n        forgotpass.create_confirm_password(confirmpassword)\n>       forgotpass.click_continue_button()\n\ntests\\test_forgotpassword.py:30: \n_ _ _ _ _ _ _ _ _ _ _ _ _ _ _ _ _ _ _ _ _ _ _ _ _ _ _ _ _ _ _ _ _ _ _ _ _ _ _ _ _ _ _ _ _ _ _ _ _ _ _ _ \npages\\forgotpassword_page.py:31: in click_continue_button\n    self.wait.until(EC.element_to_be_clickable(self.continue_button)).click()\n    ^^^^^^^^^^^^^^^^^^^^^^^^^^^^^^^^^^^^^^^^^^^^^^^^^^^^^^^^^^^^^^^^^\n_ _ _ _ _ _ _ _ _ _ _ _ _ _ _ _ _ _ _ _ _ _ _ _ _ _ _ _ _ _ _ _ _ _ _ _ _ _ _ _ _ _ _ _ _ _ _ _ _ _ _ _ \n\nself = <selenium.webdriver.support.wait.WebDriverWait (session=\"b9a52e5345e28c9303010cfd27c79edd\")>\nmethod = <function element_to_be_clickable.<locals>._predicate at 0x000001F7C371D1C0>, message = ''\n\n    def until(self, method: Callable[[D], Union[Literal[False], T]], message: str = \"\") -> T:\n        \"\"\"Wait until the method returns a value that is not False.\n    \n        Calls the method provided with the driver as an argument until the\n        return value does not evaluate to ``False``.\n    \n        Parameters:\n        -----------\n        method: callable(WebDriver)\n            - A callable object that takes a WebDriver instance as an argument.\n    \n        message: str\n            - Optional message for :exc:`TimeoutException`\n    \n        Return:\n        -------\n        object: T\n            - The result of the last call to `method`\n    \n        Raises:\n        -------\n        TimeoutException\n            - If 'method' does not return a truthy value within the WebDriverWait\n            object's timeout\n    \n        Example:\n        --------\n        >>> from selenium.webdriver.common.by import By\n        >>> from selenium.webdriver.support.ui import WebDriverWait\n        >>> from selenium.webdriver.support import expected_conditions as EC\n    \n        # Wait until an element is visible on the page\n        >>> wait = WebDriverWait(driver, 10)\n        >>> element = wait.until(EC.visibility_of_element_located((By.ID, \"exampleId\")))\n        >>> print(element.text)\n        \"\"\"\n        screen = None\n        stacktrace = None\n    \n        end_time = time.monotonic() + self._timeout\n        while True:\n            try:\n                value = method(self._driver)\n                if value:\n                    return value\n            except self._ignored_exceptions as exc:\n                screen = getattr(exc, \"screen\", None)\n                stacktrace = getattr(exc, \"stacktrace\", None)\n            if time.monotonic() > end_time:\n                break\n            time.sleep(self._poll)\n>       raise TimeoutException(message, screen, stacktrace)\nE       selenium.common.exceptions.TimeoutException: Message: \nE       Stacktrace:\nE       \tGetHandleVerifier [0x0x32a8a3+63283]\nE       \tGetHandleVerifier [0x0x32a8e4+63348]\nE       \t(No symbol) [0x0x163e43]\nE       \t(No symbol) [0x0x1ac8de]\nE       \t(No symbol) [0x0x1acc7b]\nE       \t(No symbol) [0x0x1f4ef2]\nE       \t(No symbol) [0x0x1d1464]\nE       \t(No symbol) [0x0x1f271a]\nE       \t(No symbol) [0x0x1d1216]\nE       \t(No symbol) [0x0x1a0855]\nE       \t(No symbol) [0x0x1a16f4]\nE       \tGetHandleVerifier [0x0x59bb43+2623955]\nE       \tGetHandleVerifier [0x0x596daa+2604090]\nE       \tGetHandleVerifier [0x0x35069a+218410]\nE       \tGetHandleVerifier [0x0x340ed8+154984]\nE       \tGetHandleVerifier [0x0x34742d+180925]\nE       \tGetHandleVerifier [0x0x3322b8+94536]\nE       \tGetHandleVerifier [0x0x332442+94930]\nE       \tGetHandleVerifier [0x0x31d5ea+9338]\nE       \tBaseThreadInitThunk [0x0x76b9fcc9+25]\nE       \tRtlGetAppContainerNamedObjectPath [0x0x777582ae+286]\nE       \tRtlGetAppContainerNamedObjectPath [0x0x7775827e+238]\nE       \t(No symbol) [0x0]\n\nvenv\\Lib\\site-packages\\selenium\\webdriver\\support\\wait.py:138: TimeoutException"}, "attachments": [{"name": "stdout", "source": "94725619-94ef-463f-a496-7269fb922266-attachment.txt", "type": "text/plain"}], "start": 1757330798746, "stop": 1757330838702, "uuid": "29abce29-519b-4ff2-b7a1-eccf1cbaede6", "historyId": "b0166c140ac41016787eab8051692fd9", "testCaseId": "b0166c140ac41016787eab8051692fd9", "fullName": "tests.test_forgotpassword#test_forgotpassword_function", "labels": [{"name": "parentSuite", "value": "tests"}, {"name": "suite", "value": "test_forgotpassword"}, {"name": "host", "value": "OTSI-Lap80"}, {"name": "thread", "value": "84688-MainThread"}, {"name": "framework", "value": "pytest"}, {"name": "language", "value": "cpython3"}, {"name": "package", "value": "tests.test_forgotpassword"}]}