{"name": "test_assign_athlete_to_batch", "status": "broken", "statusDetails": {"message": "selenium.common.exceptions.NoSuchElementException: Message: Could not locate element with visible text: paid_till_next_due; For documentation on this error, please visit: https://www.selenium.dev/documentation/webdriver/troubleshooting/errors#no-such-element-exception", "trace": "driver = <selenium.webdriver.chrome.webdriver.WebDriver (session=\"08670b62c1527a1d58e1f55086d3dcf1\")>\n\n    @pytest.mark.usefixtures(\"driver\")\n    def test_assign_athlete_to_batch(driver):\n        page = AssignAthletesToBatchPage(driver)\n        # Step 1: Click on Programs tab\n        page.click_program_tab()\n        page.select_and_click_program_name(program_data[\"title\"])\n        page.click_actions_dropdown()\n        page.click_athlete_onboard()\n        # Step 3: Click on Search Athlete button\n        page.click_search_button()\n        # Step 4: Search and select athlete by name\n        page.search_and_select_athlete(\"John\")\n        # Step 5 & 6: Select payment status \"Fully Paid\"\n        page.click_drop_down_button()\n>       page.select_payment_status(\"paid_till_next_due\")\n\ntests\\test_assign_athletes_to_batch.py:24: \n_ _ _ _ _ _ _ _ _ _ _ _ _ _ _ _ _ _ _ _ _ _ _ _ _ _ _ _ _ _ _ _ _ _ _ _ _ _ _ _ _ _ _ _ _ _ _ _ _ _ _ _ _\npages\\assign_athletes_to_batch_page.py:87: in select_payment_status\n    select.select_by_visible_text(status_text)\n_ _ _ _ _ _ _ _ _ _ _ _ _ _ _ _ _ _ _ _ _ _ _ _ _ _ _ _ _ _ _ _ _ _ _ _ _ _ _ _ _ _ _ _ _ _ _ _ _ _ _ _ _\n\nself = <selenium.webdriver.support.select.Select object at 0x000002C3DCEE83D0>\ntext = 'paid_till_next_due'\n\n    def select_by_visible_text(self, text: str) -> None:\n        \"\"\"Select all options that display text matching the argument. That is,\n        when given \"Bar\" this would select an option like:\n    \n         <option value=\"foo\">Bar</option>\n    \n        :Args:\n         - text - The visible text to match against\n    \n         throws NoSuchElementException If there is no option with specified text in SELECT\n        \"\"\"\n        xpath = f\".//option[normalize-space(.) = {self._escape_string(text)}]\"\n        opts = self._el.find_elements(By.XPATH, xpath)\n        matched = False\n        for opt in opts:\n            if not self._has_css_property_and_visible(opt):\n                raise NoSuchElementException(f\"Invisible option with text: {text}\")\n            self._set_selected(opt)\n            if not self.is_multiple:\n                return\n            matched = True\n    \n        if len(opts) == 0 and \" \" in text:\n            sub_string_without_space = self._get_longest_token(text)\n            if sub_string_without_space == \"\":\n                candidates = self.options\n            else:\n                xpath = f\".//option[contains(.,{self._escape_string(sub_string_without_space)})]\"\n                candidates = self._el.find_elements(By.XPATH, xpath)\n            for candidate in candidates:\n                if text == candidate.text:\n                    if not self._has_css_property_and_visible(candidate):\n                        raise NoSuchElementException(f\"Invisible option with text: {text}\")\n                    self._set_selected(candidate)\n                    if not self.is_multiple:\n                        return\n                    matched = True\n    \n        if not matched:\n>           raise NoSuchElementException(f\"Could not locate element with visible text: {text}\")\nE           selenium.common.exceptions.NoSuchElementException: Message: Could not locate element with visible text: paid_till_next_due; For documentation on this error, please visit: https://www.selenium.dev/documentation/webdriver/troubleshooting/errors#no-such-element-exception\n\nvenv\\Lib\\site-packages\\selenium\\webdriver\\support\\select.py:140: NoSuchElementException"}, "attachments": [{"name": "stdout", "source": "2cc839fa-f2fd-45f3-b30c-43c5ce2df80b-attachment.txt", "type": "text/plain"}], "start": 1756994814006, "stop": 1756994837853, "uuid": "4bc62b3e-7147-45dd-9e67-7abecf6e54df", "historyId": "8cdaf8c00d5fe48c7671c2d70ef56fcd", "testCaseId": "8cdaf8c00d5fe48c7671c2d70ef56fcd", "fullName": "tests.test_assign_athletes_to_batch#test_assign_athlete_to_batch", "labels": [{"name": "parentSuite", "value": "tests"}, {"name": "suite", "value": "test_assign_athletes_to_batch"}, {"name": "host", "value": "OTSI-Lap80"}, {"name": "thread", "value": "56816-MainThread"}, {"name": "framework", "value": "pytest"}, {"name": "language", "value": "cpython3"}, {"name": "package", "value": "tests.test_assign_athletes_to_batch"}]}