{"name": "test_assign_athlete_to_batch", "status": "failed", "statusDetails": {"message": "AssertionError: Expected success message not found. Got: \nassert 'athlete added to batch successfully' in ''\n +  where '' = <built-in method lower of str object at 0x00007FFAAFE9C6E0>()\n +    where <built-in method lower of str object at 0x00007FFAAFE9C6E0> = ''.lower", "trace": "driver = <selenium.webdriver.chrome.webdriver.WebDriver (session=\"0d2aa77ad36da81b6601f73973560238\")>\n\n    @pytest.mark.usefixtures(\"driver\")\n    def test_assign_athlete_to_batch(driver):\n        page = AssignAthletesToBatchPage(driver)\n        # Step 1: Click on Programs tab\n        page.click_program_tab()\n        page.select_and_click_program_name(program_data[\"title\"])\n        page.click_actions_dropdown()\n        page.click_athlete_onboard()\n        # Step 3: Click on Search Athlete button\n        page.click_search_button()\n        # Step 4: Search and select athlete by name\n        page.search_and_select_athlete(\"John\")\n        page.select_payment_status_via_keys()\n        # Step 5 & 6: Select payment status \"Fully Paid\"\n        # page.click_drop_down_button()\n        # page.select_payment_status(\"paid_till_next_due\")\n        # page.select_payment()\n        # Step 7: Click on Add Athlete submit\n        page.click_add_athlete_submit()\n        # Step 8: Verify success message with retry wait\n        success_message = page.get_success_message_text()\n        print(f\"[INFO] Success message: {success_message}\")\n>       assert \"athlete added to batch successfully\" in success_message.lower(), \\\n            f\"Expected success message not found. Got: {success_message}\"\nE       AssertionError: Expected success message not found. Got: \nE       assert 'athlete added to batch successfully' in ''\nE        +  where '' = <built-in method lower of str object at 0x00007FFAAFE9C6E0>()\nE        +    where <built-in method lower of str object at 0x00007FFAAFE9C6E0> = ''.lower\n\ntests\\test_assign_athletes_to_batch.py:32: AssertionError"}, "attachments": [{"name": "stdout", "source": "1becb897-d697-4915-835e-44e4c59ddcf2-attachment.txt", "type": "text/plain"}], "start": 1756998920617, "stop": 1756999000011, "uuid": "5bacee2f-cca2-4074-87ba-f52468e037c2", "historyId": "8cdaf8c00d5fe48c7671c2d70ef56fcd", "testCaseId": "8cdaf8c00d5fe48c7671c2d70ef56fcd", "fullName": "tests.test_assign_athletes_to_batch#test_assign_athlete_to_batch", "labels": [{"name": "parentSuite", "value": "tests"}, {"name": "suite", "value": "test_assign_athletes_to_batch"}, {"name": "host", "value": "OTSI-Lap80"}, {"name": "thread", "value": "66896-MainThread"}, {"name": "framework", "value": "pytest"}, {"name": "language", "value": "cpython3"}, {"name": "package", "value": "tests.test_assign_athletes_to_batch"}]}