{"name": "test_mandate_field_validation_errors", "status": "failed", "statusDetails": {"message": "AssertionError: Validation errors mismatch!\n  Expected: {'Email': 'Email is required', 'Pasword': 'Password is required'}\n  Got: {'Email': 'emailisrequired', 'Password': 'passwordisrequired'}\nassert False\n +  where False = compare_errors({'Email': 'Email is required', 'Pasword': 'Password is required'}, {'Email': 'emailisrequired', 'Password': 'passwordisrequired'})\n +    where compare_errors = <pages.login_page.LoginPage object at 0x0000020EA6CAF5D0>.compare_errors", "trace": "driver = <selenium.webdriver.chrome.webdriver.WebDriver (session=\"d5cfc6ef083fd2f1921f8e527cb3f45f\")>\n\n    @pytest.mark.usefixtures(\"driver\")\n    def test_mandate_field_validation_errors(driver):\n        driver.get(config[\"base_url\"])\n        login_page = LoginPage(driver)\n        time.sleep(4)\n        login_page.click_login_button()\n        actual_errors = login_page.validations_capture()\n        expected_errors = {\n                \"Email\": \"Email is required\",\n                \"Pasword\": \"Password is required\"\n            }\n>       assert login_page.compare_errors(expected_errors, actual_errors), \\\n                f\"Validation errors mismatch!\\nExpected: {expected_errors}\\nGot: {actual_errors}\"\nE       AssertionError: Validation errors mismatch!\nE         Expected: {'Email': 'Email is required', 'Pasword': 'Password is required'}\nE         Got: {'Email': 'emailisrequired', 'Password': 'passwordisrequired'}\nE       assert False\nE        +  where False = compare_errors({'Email': 'Email is required', 'Pasword': 'Password is required'}, {'Email': 'emailisrequired', 'Password': 'passwordisrequired'})\nE        +    where compare_errors = <pages.login_page.LoginPage object at 0x0000020EA6CAF5D0>.compare_errors\n\ntests\\test_login.py:24: AssertionError"}, "attachments": [{"name": "stdout", "source": "720b385e-dab5-47ee-b6b2-5faa82fd6146-attachment.txt", "type": "text/plain"}], "start": 1757834094511, "stop": 1757834105663, "uuid": "2f064e2c-06f1-4273-97d1-ab6134ee77b9", "historyId": "2203030119bb1ebcffce23dee66c66f2", "testCaseId": "2203030119bb1ebcffce23dee66c66f2", "fullName": "tests.test_login#test_mandate_field_validation_errors", "labels": [{"name": "parentSuite", "value": "tests"}, {"name": "suite", "value": "test_login"}, {"name": "host", "value": "OTSI-Lap80"}, {"name": "thread", "value": "56508-MainThread"}, {"name": "framework", "value": "pytest"}, {"name": "language", "value": "cpython3"}, {"name": "package", "value": "tests.test_login"}]}