{"name": "test_check_signup_link_is_displayed", "status": "failed", "statusDetails": {"message": "AssertionError: 'Sign Up' link is not visible on login screen\nassert False\n +  where False = is_signup_link_displayed()\n +    where is_signup_link_displayed = <pages.login_page.LoginPage object at 0x00000186DC773E90>.is_signup_link_displayed", "trace": "driver = <selenium.webdriver.chrome.webdriver.WebDriver (session=\"23b5b85d0d68ff5f0f42598bd46944c2\")>\n\n    def test_check_signup_link_is_displayed(driver):\n        login_page = LoginPage(driver)\n>       assert login_page.is_signup_link_displayed(), \"'Sign Up' link is not visible on login screen\"\nE       AssertionError: 'Sign Up' link is not visible on login screen\nE       assert False\nE        +  where False = is_signup_link_displayed()\nE        +    where is_signup_link_displayed = <pages.login_page.LoginPage object at 0x00000186DC773E90>.is_signup_link_displayed\n\ntests\\test_login.py:33: AssertionError"}, "attachments": [{"name": "stdout", "source": "be2578da-36e5-4a20-a13a-ecfbdfe5fc15-attachment.txt", "type": "text/plain"}], "start": 1758864495705, "stop": 1758864495710, "uuid": "76c04d89-41cb-44cf-8c40-8bb2abbd7882", "historyId": "d5dd038fa9530ae34389fa9cce80d663", "testCaseId": "d5dd038fa9530ae34389fa9cce80d663", "fullName": "tests.test_login#test_check_signup_link_is_displayed", "labels": [{"name": "parentSuite", "value": "tests"}, {"name": "suite", "value": "test_login"}, {"name": "host", "value": "OTSI-Lap80"}, {"name": "thread", "value": "95044-MainThread"}, {"name": "framework", "value": "pytest"}, {"name": "language", "value": "cpython3"}, {"name": "package", "value": "tests.test_login"}]}