{"name": "test_login_incorrect_username_correct_password", "status": "failed", "statusDetails": {"message": "AssertionError: Expected error message 'Invalid email', got 'Invalid Email'\nassert 'Invalid Email' == 'Invalid email'\n  \n  \u001b[0m\u001b[91m- Invalid email\u001b[39;49;00m\u001b[90m\u001b[39;49;00m\n  ?         ^\u001b[90m\u001b[39;49;00m\n  \u001b[92m+ Invalid Email\u001b[39;49;00m\u001b[90m\u001b[39;49;00m\n  ?         ^\u001b[90m\u001b[39;49;00m", "trace": "driver = <selenium.webdriver.chrome.webdriver.WebDriver (session=\"5e1d28b9019ec9e12bea4b17259ef070\")>\n\n    @pytest.mark.usefixtures(\"driver\")\n    def test_login_incorrect_username_correct_password(driver):\n        \"\"\"Test login with incorrect username and correct password and check error message.\"\"\"\n        driver.get(config[\"base_url\"])\n        time.sleep(1)\n        username = \"invalid_user\"\n        password = config[\"password\"]\n    \n        login_page = LoginPage(driver)\n        login_page.login(username, password)\n    \n        time.sleep(1)\n    \n        assert not login_page.is_logged_in(), \"Login succeeded with incorrect username and correct password\"\n        # Capture the error message displayed on the page\n        error_element = driver.find_element(\"css selector\", 'p[data-slot=\"form-message\"]')\n        actual_error_message = error_element.text\n        expected_invalid_mail_error_message = config[\"expected_invalid_mail_error_message\"]\n        print(f\"Actual error message: '{actual_error_message}'\")\n>       assert actual_error_message == expected_invalid_mail_error_message, f\"Expected error message '{expected_invalid_mail_error_message}', got '{actual_error_message}'\"\nE       AssertionError: Expected error message 'Invalid email', got 'Invalid Email'\nE       assert 'Invalid Email' == 'Invalid email'\nE         \nE         \u001b[0m\u001b[91m- Invalid email\u001b[39;49;00m\u001b[90m\u001b[39;49;00m\nE         ?         ^\u001b[90m\u001b[39;49;00m\nE         \u001b[92m+ Invalid Email\u001b[39;49;00m\u001b[90m\u001b[39;49;00m\nE         ?         ^\u001b[90m\u001b[39;49;00m\n\ntests\\test_login.py:68: AssertionError"}, "description": "Test login with incorrect username and correct password and check error message.", "attachments": [{"name": "stdout", "source": "b1ace4f2-3fbf-4091-b28e-18b9f5fee107-attachment.txt", "type": "text/plain"}], "start": 1757255867414, "stop": 1757255885740, "uuid": "4b0023d5-735c-47a8-b8ab-851f87552f96", "historyId": "1658a3ffc3089ee50cab31ced9f49cf2", "testCaseId": "1658a3ffc3089ee50cab31ced9f49cf2", "fullName": "tests.test_login#test_login_incorrect_username_correct_password", "labels": [{"name": "parentSuite", "value": "tests"}, {"name": "suite", "value": "test_login"}, {"name": "host", "value": "OTSI-Lap80"}, {"name": "thread", "value": "70228-MainThread"}, {"name": "framework", "value": "pytest"}, {"name": "language", "value": "cpython3"}, {"name": "package", "value": "tests.test_login"}]}