{"name": "test_assign_athlete_to_batch", "status": "failed", "statusDetails": {"message": "AssertionError: Expected success message not found. Got: \nassert 'athlete added to batch successfully' in ''\n +  where '' = <built-in method lower of str object at 0x00007FFAAFB4C6E0>()\n +    where <built-in method lower of str object at 0x00007FFAAFB4C6E0> = ''.lower", "trace": "driver = <selenium.webdriver.chrome.webdriver.WebDriver (session=\"e3e62a3ff1c3a53d9667897dd44a5489\")>\n\n    @pytest.mark.usefixtures(\"driver\")\n    def test_assign_athlete_to_batch(driver):\n        page = AssignAthletesToBatchPage(driver)\n        # Step 1: Click on Programs tab\n        page.click_program_tab()\n        page.select_and_click_program_name(program_data[\"title\"])\n        page.click_actions_dropdown()\n        page.click_athlete_onboard()\n        # Step 3: Click on Search Athlete button\n        page.click_search_button()\n        # Step 4: Search and select athlete by name\n        page.search_and_select_athlete(\"John\")\n        page.select_payment_status_via_keys()\n        # Step 5 & 6: Select payment status \"Fully Paid\"\n        # page.click_drop_down_button()\n        # page.select_payment_status(\"paid_till_next_due\")\n        # page.select_payment()\n        # Step 7: Click on Add Athlete submit\n        page.click_add_athlete_submit()\n        # Step 8: Verify success message with retry wait\n        success_message = page.get_success_message_text()\n        print(f\"[INFO] Success message: {success_message}\")\n>       assert \"athlete added to batch successfully\" in success_message.lower(), \\\n            f\"Expected success message not found. Got: {success_message}\"\nE       AssertionError: Expected success message not found. Got: \nE       assert 'athlete added to batch successfully' in ''\nE        +  where '' = <built-in method lower of str object at 0x00007FFAAFB4C6E0>()\nE        +    where <built-in method lower of str object at 0x00007FFAAFB4C6E0> = ''.lower\n\ntests\\test_assign_athletes_to_batch.py:32: AssertionError"}, "attachments": [{"name": "log", "source": "f990d09e-9a3d-491d-8d6d-89339ba9b28e-attachment.txt", "type": "text/plain"}, {"name": "stdout", "source": "6b12796e-76f1-47f4-8302-a990cbcee394-attachment.txt", "type": "text/plain"}], "start": 1756998262247, "stop": 1756998326087, "uuid": "819a262f-8d0e-4819-9249-a026d284ccaa", "historyId": "8cdaf8c00d5fe48c7671c2d70ef56fcd", "testCaseId": "8cdaf8c00d5fe48c7671c2d70ef56fcd", "fullName": "tests.test_assign_athletes_to_batch#test_assign_athlete_to_batch", "labels": [{"name": "parentSuite", "value": "tests"}, {"name": "suite", "value": "test_assign_athletes_to_batch"}, {"name": "host", "value": "OTSI-Lap80"}, {"name": "thread", "value": "52704-MainThread"}, {"name": "framework", "value": "pytest"}, {"name": "language", "value": "cpython3"}, {"name": "package", "value": "tests.test_assign_athletes_to_batch"}]}