{"name": "test_upload_specific_files", "status": "broken", "statusDetails": {"message": "selenium.common.exceptions.InvalidArgumentException: Message: invalid argument: File not found : C:/Users/vamshi.namile/Desktop/Test data Upload/splinktestdata/cricketq.jpg\\nC:/Users/vamshi.namile/Desktop/Test data Upload/splinktestdata/basket.jpg\\nC:/Users/vamshi.namile/Desktop/Test data Upload/splinktestdata/file1.xlsx\\nC:/Users/vamshi.namile/Desktop/Test data Upload/splinktestdata/file2.xlsx\\nC:/Users/vamshi.namile/Desktop/Test data Upload/splinktestdata/file3.xlsx\n  (Session info: chrome=140.0.7339.128)\nStacktrace:\n\tGetHandleVerifier [0x0xf0d2a3+66419]\n\tGetHandleVerifier [0x0xf0d2e4+66484]\n\t(No symbol) [0x0xce4bd3]\n\t(No symbol) [0x0xd27c74]\n\t(No symbol) [0x0xd5101c]\n\t(No symbol) [0x0xd23e24]\n\t(No symbol) [0x0xd511d4]\n\t(No symbol) [0x0xd728a1]\n\t(No symbol) [0x0xd50e16]\n\t(No symbol) [0x0xd225ce]\n\t(No symbol) [0x0xd234a4]\n\tGetHandleVerifier [0x0x1155ee3+2461619]\n\tGetHandleVerifier [0x0x1150f66+2441270]\n\tGetHandleVerifier [0x0xf36242+234258]\n\tGetHandleVerifier [0x0xf26208+168664]\n\tGetHandleVerifier [0x0xf2d1ad+197245]\n\tGetHandleVerifier [0x0xf155f8+100040]\n\tGetHandleVerifier [0x0xf15792+100450]\n\tGetHandleVerifier [0x0xeff74a+10266]\n\tBaseThreadInitThunk [0x0x7563fcc9+25]\n\tRtlGetAppContainerNamedObjectPath [0x0x776982ae+286]\n\tRtlGetAppContainerNamedObjectPath [0x0x7769827e+238]", "trace": "driver = <selenium.webdriver.chrome.webdriver.WebDriver (session=\"8e3f8194ef7b62f661c87a5772a46e7f\")>\n\n    @pytest.mark.usefixtures(\"driver\")\n    def test_upload_specific_files(driver):\n            academypage = RegisterAcademyPage(driver)\n            academy = config[\"academy_reg\"]\n            time.sleep(5)\n>           academypage.upload_files(\n        r\"C:/Users/vamshi.namile/Desktop/Test data Upload/splinktestdata/cricketq.jpg\\n\"\n        r\"C:/Users/vamshi.namile/Desktop/Test data Upload/splinktestdata/basket.jpg\\n\"\n        r\"C:/Users/vamshi.namile/Desktop/Test data Upload/splinktestdata/file1.xlsx\\n\"\n        r\"C:/Users/vamshi.namile/Desktop/Test data Upload/splinktestdata/file2.xlsx\\n\"\n        r\"C:/Users/vamshi.namile/Desktop/Test data Upload/splinktestdata/file3.xlsx\")\n\ntests\\test_academy_registration.py:198: \n_ _ _ _ _ _ _ _ _ _ _ _ _ _ _ _ _ _ _ _ _ _ _ _ _ _ _ _ _ _ _ _ _ _ _ _ _ _ _ _ _ _ _ _ _ _ _ _ _ _ _\npages\\academy_registration_page.py:148: in upload_files\n    upload_file_input.send_keys(files_to_upload)\nvenv\\Lib\\site-packages\\selenium\\webdriver\\remote\\webelement.py:305: in send_keys\n    self._execute(\nvenv\\Lib\\site-packages\\selenium\\webdriver\\remote\\webelement.py:574: in _execute\n    return self._parent.execute(command, params)\n           ^^^^^^^^^^^^^^^^^^^^^^^^^^^^^^^^^^^^^\nvenv\\Lib\\site-packages\\selenium\\webdriver\\remote\\webdriver.py:447: in execute\n    self.error_handler.check_response(response)\n_ _ _ _ _ _ _ _ _ _ _ _ _ _ _ _ _ _ _ _ _ _ _ _ _ _ _ _ _ _ _ _ _ _ _ _ _ _ _ _ _ _ _ _ _ _ _ _ _ _ _\n\nself = <selenium.webdriver.remote.errorhandler.ErrorHandler object at 0x00000236C23510D0>\nresponse = {'status': 400, 'value': '{\"value\":{\"error\":\"invalid argument\",\"message\":\"invalid argument: File not found : C:/Users/...tRtlGetAppContainerNamedObjectPath [0x0x776982ae+286]\\\\n\\\\tRtlGetAppContainerNamedObjectPath [0x0x7769827e+238]\\\\n\"}}'}\n\n    def check_response(self, response: Dict[str, Any]) -> None:\n        \"\"\"Checks that a JSON response from the WebDriver does not have an\n        error.\n    \n        :Args:\n         - response - The JSON response from the WebDriver server as a dictionary\n           object.\n    \n        :Raises: If the response contains an error message.\n        \"\"\"\n        status = response.get(\"status\", None)\n        if not status or status == ErrorCode.SUCCESS:\n            return\n        value = None\n        message = response.get(\"message\", \"\")\n        screen: str = response.get(\"screen\", \"\")\n        stacktrace = None\n        if isinstance(status, int):\n            value_json = response.get(\"value\", None)\n            if value_json and isinstance(value_json, str):\n                import json\n    \n                try:\n                    value = json.loads(value_json)\n                    if len(value) == 1:\n                        value = value[\"value\"]\n                    status = value.get(\"error\", None)\n                    if not status:\n                        status = value.get(\"status\", ErrorCode.UNKNOWN_ERROR)\n                        message = value.get(\"value\") or value.get(\"message\")\n                        if not isinstance(message, str):\n                            value = message\n                            message = message.get(\"message\")\n                    else:\n                        message = value.get(\"message\", None)\n                except ValueError:\n                    pass\n    \n        exception_class: Type[WebDriverException]\n        e = ErrorCode()\n        error_codes = [item for item in dir(e) if not item.startswith(\"__\")]\n        for error_code in error_codes:\n            error_info = getattr(ErrorCode, error_code)\n            if isinstance(error_info, list) and status in error_info:\n                exception_class = getattr(ExceptionMapping, error_code, WebDriverException)\n                break\n        else:\n            exception_class = WebDriverException\n    \n        if not value:\n            value = response[\"value\"]\n        if isinstance(value, str):\n            raise exception_class(value)\n        if message == \"\" and \"message\" in value:\n            message = value[\"message\"]\n    \n        screen = None  # type: ignore[assignment]\n        if \"screen\" in value:\n            screen = value[\"screen\"]\n    \n        stacktrace = None\n        st_value = value.get(\"stackTrace\") or value.get(\"stacktrace\")\n        if st_value:\n            if isinstance(st_value, str):\n                stacktrace = st_value.split(\"\\n\")\n            else:\n                stacktrace = []\n                try:\n                    for frame in st_value:\n                        line = frame.get(\"lineNumber\", \"\")\n                        file = frame.get(\"fileName\", \"<anonymous>\")\n                        if line:\n                            file = f\"{file}:{line}\"\n                        meth = frame.get(\"methodName\", \"<anonymous>\")\n                        if \"className\" in frame:\n                            meth = f\"{frame['className']}.{meth}\"\n                        msg = \"    at %s (%s)\"\n                        msg = msg % (meth, file)\n                        stacktrace.append(msg)\n                except TypeError:\n                    pass\n        if exception_class == UnexpectedAlertPresentException:\n            alert_text = None\n            if \"data\" in value:\n                alert_text = value[\"data\"].get(\"text\")\n            elif \"alert\" in value:\n                alert_text = value[\"alert\"].get(\"text\")\n            raise exception_class(message, screen, stacktrace, alert_text)  # type: ignore[call-arg]  # mypy is not smart enough here\n>       raise exception_class(message, screen, stacktrace)\nE       selenium.common.exceptions.InvalidArgumentException: Message: invalid argument: File not found : C:/Users/vamshi.namile/Desktop/Test data Upload/splinktestdata/cricketq.jpg\\nC:/Users/vamshi.namile/Desktop/Test data Upload/splinktestdata/basket.jpg\\nC:/Users/vamshi.namile/Desktop/Test data Upload/splinktestdata/file1.xlsx\\nC:/Users/vamshi.namile/Desktop/Test data Upload/splinktestdata/file2.xlsx\\nC:/Users/vamshi.namile/Desktop/Test data Upload/splinktestdata/file3.xlsx\nE         (Session info: chrome=140.0.7339.128)\nE       Stacktrace:\nE       \tGetHandleVerifier [0x0xf0d2a3+66419]\nE       \tGetHandleVerifier [0x0xf0d2e4+66484]\nE       \t(No symbol) [0x0xce4bd3]\nE       \t(No symbol) [0x0xd27c74]\nE       \t(No symbol) [0x0xd5101c]\nE       \t(No symbol) [0x0xd23e24]\nE       \t(No symbol) [0x0xd511d4]\nE       \t(No symbol) [0x0xd728a1]\nE       \t(No symbol) [0x0xd50e16]\nE       \t(No symbol) [0x0xd225ce]\nE       \t(No symbol) [0x0xd234a4]\nE       \tGetHandleVerifier [0x0x1155ee3+2461619]\nE       \tGetHandleVerifier [0x0x1150f66+2441270]\nE       \tGetHandleVerifier [0x0xf36242+234258]\nE       \tGetHandleVerifier [0x0xf26208+168664]\nE       \tGetHandleVerifier [0x0xf2d1ad+197245]\nE       \tGetHandleVerifier [0x0xf155f8+100040]\nE       \tGetHandleVerifier [0x0xf15792+100450]\nE       \tGetHandleVerifier [0x0xeff74a+10266]\nE       \tBaseThreadInitThunk [0x0x7563fcc9+25]\nE       \tRtlGetAppContainerNamedObjectPath [0x0x776982ae+286]\nE       \tRtlGetAppContainerNamedObjectPath [0x0x7769827e+238]\n\nvenv\\Lib\\site-packages\\selenium\\webdriver\\remote\\errorhandler.py:232: InvalidArgumentException"}, "start": 1757950538859, "stop": 1757950546704, "uuid": "19990b49-feb2-4e0e-9384-a7f984e36240", "historyId": "d6e2032c36340ed620d8ed5598b10eea", "testCaseId": "d6e2032c36340ed620d8ed5598b10eea", "fullName": "tests.test_academy_registration#test_upload_specific_files", "labels": [{"name": "parentSuite", "value": "tests"}, {"name": "suite", "value": "test_academy_registration"}, {"name": "host", "value": "OTSI-Lap80"}, {"name": "thread", "value": "81892-MainThread"}, {"name": "framework", "value": "pytest"}, {"name": "language", "value": "cpython3"}, {"name": "package", "value": "tests.test_academy_registration"}]}