{"name": "test_search_program_by_title", "status": "broken", "statusDetails": {"message": "selenium.common.exceptions.TimeoutException: Message: \nStacktrace:\n\tGetHandleVerifier [0x0xf0d2a3+66419]\n\tGetHandleVerifier [0x0xf0d2e4+66484]\n\t(No symbol) [0x0xce4bd3]\n\t(No symbol) [0x0xd2e958]\n\t(No symbol) [0x0xd2ecfb]\n\t(No symbol) [0x0xd75152]\n\t(No symbol) [0x0xd51064]\n\t(No symbol) [0x0xd728a1]\n\t(No symbol) [0x0xd50e16]\n\t(No symbol) [0x0xd225ce]\n\t(No symbol) [0x0xd234a4]\n\tGetHandleVerifier [0x0x1155ee3+2461619]\n\tGetHandleVerifier [0x0x1150f66+2441270]\n\tGetHandleVerifier [0x0xf36242+234258]\n\tGetHandleVerifier [0x0xf26208+168664]\n\tGetHandleVerifier [0x0xf2d1ad+197245]\n\tGetHandleVerifier [0x0xf155f8+100040]\n\tGetHandleVerifier [0x0xf15792+100450]\n\tGetHandleVerifier [0x0xeff74a+10266]\n\tBaseThreadInitThunk [0x0x7563fcc9+25]\n\tRtlGetAppContainerNamedObjectPath [0x0x776982ae+286]\n\tRtlGetAppContainerNamedObjectPath [0x0x7769827e+238]", "trace": "driver = <selenium.webdriver.chrome.webdriver.WebDriver (session=\"cee62a1481f20f2421e64909d7d2dc2b\")>\n\n    @pytest.mark.usefixtures(\"driver\")\n    def test_search_program_by_title(driver):\n        time.sleep(5)\n        page = ProgramsPage(driver)\n>       page.search_program(program_data[\"title\"])\n\ntests\\test_programs.py:195: \n_ _ _ _ _ _ _ _ _ _ _ _ _ _ _ _ _ _ _ _ _ _ _ _ _ _ _ _ _ _ _ _ _ _ _ _ _ _ _ _ _ _ _ _ _ _ _ _ _ _ _\npages\\programs_page.py:127: in search_program\n    search = self.wait.until(EC.visibility_of_element_located(self.search_input))\n           ^^^^^^^^^^^^^^^^^^^^^^^^^^^^^^^^^^^^^^^^^^^^^^^^^^^^^^^^^^^^^^^^^^^^\n_ _ _ _ _ _ _ _ _ _ _ _ _ _ _ _ _ _ _ _ _ _ _ _ _ _ _ _ _ _ _ _ _ _ _ _ _ _ _ _ _ _ _ _ _ _ _ _ _ _ _\n\nself = <selenium.webdriver.support.wait.WebDriverWait (session=\"cee62a1481f20f2421e64909d7d2dc2b\")>\nmethod = <function visibility_of_element_located.<locals>._predicate at 0x000001E71355FF60>\nmessage = ''\n\n    def until(self, method: Callable[[D], Union[Literal[False], T]], message: str = \"\") -> T:\n        \"\"\"Wait until the method returns a value that is not False.\n    \n        Calls the method provided with the driver as an argument until the\n        return value does not evaluate to ``False``.\n    \n        Parameters:\n        -----------\n        method: callable(WebDriver)\n            - A callable object that takes a WebDriver instance as an argument.\n    \n        message: str\n            - Optional message for :exc:`TimeoutException`\n    \n        Return:\n        -------\n        object: T\n            - The result of the last call to `method`\n    \n        Raises:\n        -------\n        TimeoutException\n            - If 'method' does not return a truthy value within the WebDriverWait\n            object's timeout\n    \n        Example:\n        --------\n        >>> from selenium.webdriver.common.by import By\n        >>> from selenium.webdriver.support.ui import WebDriverWait\n        >>> from selenium.webdriver.support import expected_conditions as EC\n    \n        # Wait until an element is visible on the page\n        >>> wait = WebDriverWait(driver, 10)\n        >>> element = wait.until(EC.visibility_of_element_located((By.ID, \"exampleId\")))\n        >>> print(element.text)\n        \"\"\"\n        screen = None\n        stacktrace = None\n    \n        end_time = time.monotonic() + self._timeout\n        while True:\n            try:\n                value = method(self._driver)\n                if value:\n                    return value\n            except self._ignored_exceptions as exc:\n                screen = getattr(exc, \"screen\", None)\n                stacktrace = getattr(exc, \"stacktrace\", None)\n            if time.monotonic() > end_time:\n                break\n            time.sleep(self._poll)\n>       raise TimeoutException(message, screen, stacktrace)\nE       selenium.common.exceptions.TimeoutException: Message: \nE       Stacktrace:\nE       \tGetHandleVerifier [0x0xf0d2a3+66419]\nE       \tGetHandleVerifier [0x0xf0d2e4+66484]\nE       \t(No symbol) [0x0xce4bd3]\nE       \t(No symbol) [0x0xd2e958]\nE       \t(No symbol) [0x0xd2ecfb]\nE       \t(No symbol) [0x0xd75152]\nE       \t(No symbol) [0x0xd51064]\nE       \t(No symbol) [0x0xd728a1]\nE       \t(No symbol) [0x0xd50e16]\nE       \t(No symbol) [0x0xd225ce]\nE       \t(No symbol) [0x0xd234a4]\nE       \tGetHandleVerifier [0x0x1155ee3+2461619]\nE       \tGetHandleVerifier [0x0x1150f66+2441270]\nE       \tGetHandleVerifier [0x0xf36242+234258]\nE       \tGetHandleVerifier [0x0xf26208+168664]\nE       \tGetHandleVerifier [0x0xf2d1ad+197245]\nE       \tGetHandleVerifier [0x0xf155f8+100040]\nE       \tGetHandleVerifier [0x0xf15792+100450]\nE       \tGetHandleVerifier [0x0xeff74a+10266]\nE       \tBaseThreadInitThunk [0x0x7563fcc9+25]\nE       \tRtlGetAppContainerNamedObjectPath [0x0x776982ae+286]\nE       \tRtlGetAppContainerNamedObjectPath [0x0x7769827e+238]\n\nvenv\\Lib\\site-packages\\selenium\\webdriver\\support\\wait.py:138: TimeoutException"}, "start": 1757955596010, "stop": 1757955621643, "uuid": "2b79e6db-e6a8-4e9c-b57d-83bab3dc251e", "historyId": "e59299bb489d8aa59ad36b09bace88f9", "testCaseId": "e59299bb489d8aa59ad36b09bace88f9", "fullName": "tests.test_programs#test_search_program_by_title", "labels": [{"name": "parentSuite", "value": "tests"}, {"name": "suite", "value": "test_programs"}, {"name": "host", "value": "OTSI-Lap80"}, {"name": "thread", "value": "77216-MainThread"}, {"name": "framework", "value": "pytest"}, {"name": "language", "value": "cpython3"}, {"name": "package", "value": "tests.test_programs"}]}