{"name": "test_check_signup_link_is_displayed", "status": "failed", "statusDetails": {"message": "AssertionError: 'Sign Up' link is not visible on login screen\nassert False\n +  where False = is_signup_link_displayed()\n +    where is_signup_link_displayed = <pages.login_page.LoginPage object at 0x00000203A7A41C90>.is_signup_link_displayed", "trace": "driver = <selenium.webdriver.chrome.webdriver.WebDriver (session=\"b40a5b6671a36c2437684a32c630798e\")>\n\n    def test_check_signup_link_is_displayed(driver):\n        login_page = LoginPage(driver)\n>       assert login_page.is_signup_link_displayed(), \"'Sign Up' link is not visible on login screen\"\nE       AssertionError: 'Sign Up' link is not visible on login screen\nE       assert False\nE        +  where False = is_signup_link_displayed()\nE        +    where is_signup_link_displayed = <pages.login_page.LoginPage object at 0x00000203A7A41C90>.is_signup_link_displayed\n\ntests\\test_login.py:27: AssertionError"}, "attachments": [{"name": "stdout", "source": "0b3089db-e0ca-4467-884a-0b74a28d725a-attachment.txt", "type": "text/plain"}], "start": 1757783526315, "stop": 1757783526339, "uuid": "f0feecf2-351e-40f9-a7f1-5b24d50115ef", "historyId": "d5dd038fa9530ae34389fa9cce80d663", "testCaseId": "d5dd038fa9530ae34389fa9cce80d663", "fullName": "tests.test_login#test_check_signup_link_is_displayed", "labels": [{"name": "parentSuite", "value": "tests"}, {"name": "suite", "value": "test_login"}, {"name": "host", "value": "OTSI-Lap80"}, {"name": "thread", "value": "76736-MainThread"}, {"name": "framework", "value": "pytest"}, {"name": "language", "value": "cpython3"}, {"name": "package", "value": "tests.test_login"}]}