{"uid":"42565686c3ee83ea","name":"test_assign_athlete_to_batch","fullName":"tests.test_assign_athletes_to_batch#test_assign_athlete_to_batch","historyId":"8cdaf8c00d5fe48c7671c2d70ef56fcd","time":{"start":1756999378335,"stop":1756999401986,"duration":23651},"status":"broken","statusMessage":"selenium.common.exceptions.TimeoutException: Message: \nStacktrace:\n\tGetHandleVerifier [0x0x82a8a3+63283]\n\tGetHandleVerifier [0x0x82a8e4+63348]\n\t(No symbol) [0x0x663e43]\n\t(No symbol) [0x0x6ac8de]\n\t(No symbol) [0x0x6acc7b]\n\t(No symbol) [0x0x6f4ef2]\n\t(No symbol) [0x0x6d1464]\n\t(No symbol) [0x0x6f271a]\n\t(No symbol) [0x0x6d1216]\n\t(No symbol) [0x0x6a0855]\n\t(No symbol) [0x0x6a16f4]\n\tGetHandleVerifier [0x0xa9bb43+2623955]\n\tGetHandleVerifier [0x0xa96daa+2604090]\n\tGetHandleVerifier [0x0x85069a+218410]\n\tGetHandleVerifier [0x0x840ed8+154984]\n\tGetHandleVerifier [0x0x84742d+180925]\n\tGetHandleVerifier [0x0x8322b8+94536]\n\tGetHandleVerifier [0x0x832442+94930]\n\tGetHandleVerifier [0x0x81d5ea+9338]\n\tBaseThreadInitThunk [0x0x76b9fcc9+25]\n\tRtlGetAppContainerNamedObjectPath [0x0x777582ae+286]\n\tRtlGetAppContainerNamedObjectPath [0x0x7775827e+238]","statusTrace":"driver = <selenium.webdriver.chrome.webdriver.WebDriver (session=\"e11f13485387ffb05deed8ef889ddb8e\")>\n\n    @pytest.mark.usefixtures(\"driver\")\n    def test_assign_athlete_to_batch(driver):\n        page = AssignAthletesToBatchPage(driver)\n        # Step 1: Click on Programs tab\n        page.click_program_tab()\n        page.select_and_click_program_name(program_data[\"title\"])\n        page.click_actions_dropdown()\n        page.click_athlete_onboard()\n        # Step 3: Click on Search Athlete button\n        page.click_search_button()\n        # Step 4: Search and select athlete by name\n        page.search_and_select_athlete(\"John\")\n>       page.select_payment_status_via_keys()\n\ntests\\test_assign_athletes_to_batch.py:22: \n_ _ _ _ _ _ _ _ _ _ _ _ _ _ _ _ _ _ _ _ _ _ _ _ _ _ _ _ _ _ _ _ _ _ _ _ _ _ _ _ _ _ _ _ _ _ _ _ _ _ _ _ _\npages\\assign_athletes_to_batch_page.py:84: in select_payment_status_via_keys\n    option = wait.until(\n_ _ _ _ _ _ _ _ _ _ _ _ _ _ _ _ _ _ _ _ _ _ _ _ _ _ _ _ _ _ _ _ _ _ _ _ _ _ _ _ _ _ _ _ _ _ _ _ _ _ _ _ _\n\nself = <selenium.webdriver.support.wait.WebDriverWait (session=\"e11f13485387ffb05deed8ef889ddb8e\")>\nmethod = <function element_to_be_clickable.<locals>._predicate at 0x0000015F9BC1EFC0>, message = ''\n\n    def until(self, method: Callable[[D], Union[Literal[False], T]], message: str = \"\") -> T:\n        \"\"\"Wait until the method returns a value that is not False.\n    \n        Calls the method provided with the driver as an argument until the\n        return value does not evaluate to ``False``.\n    \n        Parameters:\n        -----------\n        method: callable(WebDriver)\n            - A callable object that takes a WebDriver instance as an argument.\n    \n        message: str\n            - Optional message for :exc:`TimeoutException`\n    \n        Return:\n        -------\n        object: T\n            - The result of the last call to `method`\n    \n        Raises:\n        -------\n        TimeoutException\n            - If 'method' does not return a truthy value within the WebDriverWait\n            object's timeout\n    \n        Example:\n        --------\n        >>> from selenium.webdriver.common.by import By\n        >>> from selenium.webdriver.support.ui import WebDriverWait\n        >>> from selenium.webdriver.support import expected_conditions as EC\n    \n        # Wait until an element is visible on the page\n        >>> wait = WebDriverWait(driver, 10)\n        >>> element = wait.until(EC.visibility_of_element_located((By.ID, \"exampleId\")))\n        >>> print(element.text)\n        \"\"\"\n        screen = None\n        stacktrace = None\n    \n        end_time = time.monotonic() + self._timeout\n        while True:\n            try:\n                value = method(self._driver)\n                if value:\n                    return value\n            except self._ignored_exceptions as exc:\n                screen = getattr(exc, \"screen\", None)\n                stacktrace = getattr(exc, \"stacktrace\", None)\n            if time.monotonic() > end_time:\n                break\n            time.sleep(self._poll)\n>       raise TimeoutException(message, screen, stacktrace)\nE       selenium.common.exceptions.TimeoutException: Message: \nE       Stacktrace:\nE       \tGetHandleVerifier [0x0x82a8a3+63283]\nE       \tGetHandleVerifier [0x0x82a8e4+63348]\nE       \t(No symbol) [0x0x663e43]\nE       \t(No symbol) [0x0x6ac8de]\nE       \t(No symbol) [0x0x6acc7b]\nE       \t(No symbol) [0x0x6f4ef2]\nE       \t(No symbol) [0x0x6d1464]\nE       \t(No symbol) [0x0x6f271a]\nE       \t(No symbol) [0x0x6d1216]\nE       \t(No symbol) [0x0x6a0855]\nE       \t(No symbol) [0x0x6a16f4]\nE       \tGetHandleVerifier [0x0xa9bb43+2623955]\nE       \tGetHandleVerifier [0x0xa96daa+2604090]\nE       \tGetHandleVerifier [0x0x85069a+218410]\nE       \tGetHandleVerifier [0x0x840ed8+154984]\nE       \tGetHandleVerifier [0x0x84742d+180925]\nE       \tGetHandleVerifier [0x0x8322b8+94536]\nE       \tGetHandleVerifier [0x0x832442+94930]\nE       \tGetHandleVerifier [0x0x81d5ea+9338]\nE       \tBaseThreadInitThunk [0x0x76b9fcc9+25]\nE       \tRtlGetAppContainerNamedObjectPath [0x0x777582ae+286]\nE       \tRtlGetAppContainerNamedObjectPath [0x0x7775827e+238]\n\nvenv\\Lib\\site-packages\\selenium\\webdriver\\support\\wait.py:138: TimeoutException","flaky":false,"newFailed":false,"newBroken":false,"newPassed":false,"retriesCount":0,"retriesStatusChange":false,"beforeStages":[{"name":"driver","time":{"start":1756999358783,"stop":1756999363883,"duration":5100},"status":"passed","steps":[],"attachments":[],"parameters":[],"hasContent":false,"attachmentStep":false,"stepsCount":0,"shouldDisplayMessage":false,"attachmentsCount":0}],"testStage":{"status":"broken","statusMessage":"selenium.common.exceptions.TimeoutException: Message: \nStacktrace:\n\tGetHandleVerifier [0x0x82a8a3+63283]\n\tGetHandleVerifier [0x0x82a8e4+63348]\n\t(No symbol) [0x0x663e43]\n\t(No symbol) [0x0x6ac8de]\n\t(No symbol) [0x0x6acc7b]\n\t(No symbol) [0x0x6f4ef2]\n\t(No symbol) [0x0x6d1464]\n\t(No symbol) [0x0x6f271a]\n\t(No symbol) [0x0x6d1216]\n\t(No symbol) [0x0x6a0855]\n\t(No symbol) [0x0x6a16f4]\n\tGetHandleVerifier [0x0xa9bb43+2623955]\n\tGetHandleVerifier [0x0xa96daa+2604090]\n\tGetHandleVerifier [0x0x85069a+218410]\n\tGetHandleVerifier [0x0x840ed8+154984]\n\tGetHandleVerifier [0x0x84742d+180925]\n\tGetHandleVerifier [0x0x8322b8+94536]\n\tGetHandleVerifier [0x0x832442+94930]\n\tGetHandleVerifier [0x0x81d5ea+9338]\n\tBaseThreadInitThunk [0x0x76b9fcc9+25]\n\tRtlGetAppContainerNamedObjectPath [0x0x777582ae+286]\n\tRtlGetAppContainerNamedObjectPath [0x0x7775827e+238]","statusTrace":"driver = <selenium.webdriver.chrome.webdriver.WebDriver (session=\"e11f13485387ffb05deed8ef889ddb8e\")>\n\n    @pytest.mark.usefixtures(\"driver\")\n    def test_assign_athlete_to_batch(driver):\n        page = AssignAthletesToBatchPage(driver)\n        # Step 1: Click on Programs tab\n        page.click_program_tab()\n        page.select_and_click_program_name(program_data[\"title\"])\n        page.click_actions_dropdown()\n        page.click_athlete_onboard()\n        # Step 3: Click on Search Athlete button\n        page.click_search_button()\n        # Step 4: Search and select athlete by name\n        page.search_and_select_athlete(\"John\")\n>       page.select_payment_status_via_keys()\n\ntests\\test_assign_athletes_to_batch.py:22: \n_ _ _ _ _ _ _ _ _ _ _ _ _ _ _ _ _ _ _ _ _ _ _ _ _ _ _ _ _ _ _ _ _ _ _ _ _ _ _ _ _ _ _ _ _ _ _ _ _ _ _ _ _\npages\\assign_athletes_to_batch_page.py:84: in select_payment_status_via_keys\n    option = wait.until(\n_ _ _ _ _ _ _ _ _ _ _ _ _ _ _ _ _ _ _ _ _ _ _ _ _ _ _ _ _ _ _ _ _ _ _ _ _ _ _ _ _ _ _ _ _ _ _ _ _ _ _ _ _\n\nself = <selenium.webdriver.support.wait.WebDriverWait (session=\"e11f13485387ffb05deed8ef889ddb8e\")>\nmethod = <function element_to_be_clickable.<locals>._predicate at 0x0000015F9BC1EFC0>, message = ''\n\n    def until(self, method: Callable[[D], Union[Literal[False], T]], message: str = \"\") -> T:\n        \"\"\"Wait until the method returns a value that is not False.\n    \n        Calls the method provided with the driver as an argument until the\n        return value does not evaluate to ``False``.\n    \n        Parameters:\n        -----------\n        method: callable(WebDriver)\n            - A callable object that takes a WebDriver instance as an argument.\n    \n        message: str\n            - Optional message for :exc:`TimeoutException`\n    \n        Return:\n        -------\n        object: T\n            - The result of the last call to `method`\n    \n        Raises:\n        -------\n        TimeoutException\n            - If 'method' does not return a truthy value within the WebDriverWait\n            object's timeout\n    \n        Example:\n        --------\n        >>> from selenium.webdriver.common.by import By\n        >>> from selenium.webdriver.support.ui import WebDriverWait\n        >>> from selenium.webdriver.support import expected_conditions as EC\n    \n        # Wait until an element is visible on the page\n        >>> wait = WebDriverWait(driver, 10)\n        >>> element = wait.until(EC.visibility_of_element_located((By.ID, \"exampleId\")))\n        >>> print(element.text)\n        \"\"\"\n        screen = None\n        stacktrace = None\n    \n        end_time = time.monotonic() + self._timeout\n        while True:\n            try:\n                value = method(self._driver)\n                if value:\n                    return value\n            except self._ignored_exceptions as exc:\n                screen = getattr(exc, \"screen\", None)\n                stacktrace = getattr(exc, \"stacktrace\", None)\n            if time.monotonic() > end_time:\n                break\n            time.sleep(self._poll)\n>       raise TimeoutException(message, screen, stacktrace)\nE       selenium.common.exceptions.TimeoutException: Message: \nE       Stacktrace:\nE       \tGetHandleVerifier [0x0x82a8a3+63283]\nE       \tGetHandleVerifier [0x0x82a8e4+63348]\nE       \t(No symbol) [0x0x663e43]\nE       \t(No symbol) [0x0x6ac8de]\nE       \t(No symbol) [0x0x6acc7b]\nE       \t(No symbol) [0x0x6f4ef2]\nE       \t(No symbol) [0x0x6d1464]\nE       \t(No symbol) [0x0x6f271a]\nE       \t(No symbol) [0x0x6d1216]\nE       \t(No symbol) [0x0x6a0855]\nE       \t(No symbol) [0x0x6a16f4]\nE       \tGetHandleVerifier [0x0xa9bb43+2623955]\nE       \tGetHandleVerifier [0x0xa96daa+2604090]\nE       \tGetHandleVerifier [0x0x85069a+218410]\nE       \tGetHandleVerifier [0x0x840ed8+154984]\nE       \tGetHandleVerifier [0x0x84742d+180925]\nE       \tGetHandleVerifier [0x0x8322b8+94536]\nE       \tGetHandleVerifier [0x0x832442+94930]\nE       \tGetHandleVerifier [0x0x81d5ea+9338]\nE       \tBaseThreadInitThunk [0x0x76b9fcc9+25]\nE       \tRtlGetAppContainerNamedObjectPath [0x0x777582ae+286]\nE       \tRtlGetAppContainerNamedObjectPath [0x0x7775827e+238]\n\nvenv\\Lib\\site-packages\\selenium\\webdriver\\support\\wait.py:138: TimeoutException","steps":[],"attachments":[{"uid":"d6de98588c4cb5f3","name":"stdout","source":"d6de98588c4cb5f3.txt","type":"text/plain","size":160}],"parameters":[],"hasContent":true,"attachmentStep":false,"stepsCount":0,"shouldDisplayMessage":true,"attachmentsCount":1},"afterStages":[{"name":"driver::0","time":{"start":1756999402453,"stop":1756999404968,"duration":2515},"status":"passed","steps":[],"attachments":[],"parameters":[],"hasContent":false,"attachmentStep":false,"stepsCount":0,"shouldDisplayMessage":false,"attachmentsCount":0}],"labels":[{"name":"parentSuite","value":"tests"},{"name":"suite","value":"test_assign_athletes_to_batch"},{"name":"host","value":"OTSI-Lap80"},{"name":"thread","value":"88316-MainThread"},{"name":"framework","value":"pytest"},{"name":"language","value":"cpython3"},{"name":"package","value":"tests.test_assign_athletes_to_batch"},{"name":"resultFormat","value":"allure2"}],"parameters":[],"links":[],"hidden":true,"retry":true,"extra":{"categories":[],"tags":[]},"source":"42565686c3ee83ea.json","parameterValues":[]}