{"uid":"430899136410d1f8","name":"test_field_validations","fullName":"tests.test_academy_registration#test_field_validations","historyId":"0224d3e967866456a4e98797d160c009","time":{"start":1757169339376,"stop":1757169349487,"duration":10111},"status":"broken","statusMessage":"selenium.common.exceptions.TimeoutException: Message: \nStacktrace:\n\tGetHandleVerifier [0x0x5da8a3+63283]\n\tGetHandleVerifier [0x0x5da8e4+63348]\n\t(No symbol) [0x0x413e43]\n\t(No symbol) [0x0x45c8de]\n\t(No symbol) [0x0x45cc7b]\n\t(No symbol) [0x0x4a4ef2]\n\t(No symbol) [0x0x481464]\n\t(No symbol) [0x0x4a271a]\n\t(No symbol) [0x0x481216]\n\t(No symbol) [0x0x450855]\n\t(No symbol) [0x0x4516f4]\n\tGetHandleVerifier [0x0x84bb43+2623955]\n\tGetHandleVerifier [0x0x846daa+2604090]\n\tGetHandleVerifier [0x0x60069a+218410]\n\tGetHandleVerifier [0x0x5f0ed8+154984]\n\tGetHandleVerifier [0x0x5f742d+180925]\n\tGetHandleVerifier [0x0x5e22b8+94536]\n\tGetHandleVerifier [0x0x5e2442+94930]\n\tGetHandleVerifier [0x0x5cd5ea+9338]\n\tBaseThreadInitThunk [0x0x76b9fcc9+25]\n\tRtlGetAppContainerNamedObjectPath [0x0x777582ae+286]\n\tRtlGetAppContainerNamedObjectPath [0x0x7775827e+238]","statusTrace":"driver = <selenium.webdriver.chrome.webdriver.WebDriver (session=\"731b46c73951278caf7e7857289835e0\")>\n\n    @pytest.mark.usefixtures(\"driver\")\n    def test_field_validations(driver):\n            academypage = RegisterAcademyPage(driver)\n            #click on previous button\n>           academypage.click_previous()\n\ntests\\test_academy_registration.py:93: \n_ _ _ _ _ _ _ _ _ _ _ _ _ _ _ _ _ _ _ _ _ _ _ _ _ _ _ _ _ _ _ _ _ _ _ _ _ _ _ _ _ _ _ _ _ _ _ _ _ _ _ _ _ _ _ _ _ _ _ _ _ _ _ _ _\npages\\academy_registration_page.py:239: in click_previous\n    prev_btn = self.wait.until(EC.element_to_be_clickable(self.previous_button))\n               ^^^^^^^^^^^^^^^^^^^^^^^^^^^^^^^^^^^^^^^^^^^^^^^^^^^^^^^^^^^^^^^^^\n_ _ _ _ _ _ _ _ _ _ _ _ _ _ _ _ _ _ _ _ _ _ _ _ _ _ _ _ _ _ _ _ _ _ _ _ _ _ _ _ _ _ _ _ _ _ _ _ _ _ _ _ _ _ _ _ _ _ _ _ _ _ _ _ _\n\nself = <selenium.webdriver.support.wait.WebDriverWait (session=\"731b46c73951278caf7e7857289835e0\")>\nmethod = <function element_to_be_clickable.<locals>._predicate at 0x000002092437A340>, message = ''\n\n    def until(self, method: Callable[[D], Union[Literal[False], T]], message: str = \"\") -> T:\n        \"\"\"Wait until the method returns a value that is not False.\n    \n        Calls the method provided with the driver as an argument until the\n        return value does not evaluate to ``False``.\n    \n        Parameters:\n        -----------\n        method: callable(WebDriver)\n            - A callable object that takes a WebDriver instance as an argument.\n    \n        message: str\n            - Optional message for :exc:`TimeoutException`\n    \n        Return:\n        -------\n        object: T\n            - The result of the last call to `method`\n    \n        Raises:\n        -------\n        TimeoutException\n            - If 'method' does not return a truthy value within the WebDriverWait\n            object's timeout\n    \n        Example:\n        --------\n        >>> from selenium.webdriver.common.by import By\n        >>> from selenium.webdriver.support.ui import WebDriverWait\n        >>> from selenium.webdriver.support import expected_conditions as EC\n    \n        # Wait until an element is visible on the page\n        >>> wait = WebDriverWait(driver, 10)\n        >>> element = wait.until(EC.visibility_of_element_located((By.ID, \"exampleId\")))\n        >>> print(element.text)\n        \"\"\"\n        screen = None\n        stacktrace = None\n    \n        end_time = time.monotonic() + self._timeout\n        while True:\n            try:\n                value = method(self._driver)\n                if value:\n                    return value\n            except self._ignored_exceptions as exc:\n                screen = getattr(exc, \"screen\", None)\n                stacktrace = getattr(exc, \"stacktrace\", None)\n            if time.monotonic() > end_time:\n                break\n            time.sleep(self._poll)\n>       raise TimeoutException(message, screen, stacktrace)\nE       selenium.common.exceptions.TimeoutException: Message: \nE       Stacktrace:\nE       \tGetHandleVerifier [0x0x5da8a3+63283]\nE       \tGetHandleVerifier [0x0x5da8e4+63348]\nE       \t(No symbol) [0x0x413e43]\nE       \t(No symbol) [0x0x45c8de]\nE       \t(No symbol) [0x0x45cc7b]\nE       \t(No symbol) [0x0x4a4ef2]\nE       \t(No symbol) [0x0x481464]\nE       \t(No symbol) [0x0x4a271a]\nE       \t(No symbol) [0x0x481216]\nE       \t(No symbol) [0x0x450855]\nE       \t(No symbol) [0x0x4516f4]\nE       \tGetHandleVerifier [0x0x84bb43+2623955]\nE       \tGetHandleVerifier [0x0x846daa+2604090]\nE       \tGetHandleVerifier [0x0x60069a+218410]\nE       \tGetHandleVerifier [0x0x5f0ed8+154984]\nE       \tGetHandleVerifier [0x0x5f742d+180925]\nE       \tGetHandleVerifier [0x0x5e22b8+94536]\nE       \tGetHandleVerifier [0x0x5e2442+94930]\nE       \tGetHandleVerifier [0x0x5cd5ea+9338]\nE       \tBaseThreadInitThunk [0x0x76b9fcc9+25]\nE       \tRtlGetAppContainerNamedObjectPath [0x0x777582ae+286]\nE       \tRtlGetAppContainerNamedObjectPath [0x0x7775827e+238]\n\nvenv\\Lib\\site-packages\\selenium\\webdriver\\support\\wait.py:138: TimeoutException","flaky":false,"newFailed":false,"newBroken":false,"newPassed":false,"retriesCount":0,"retriesStatusChange":false,"beforeStages":[{"name":"driver","time":{"start":1757169196178,"stop":1757169238190,"duration":42012},"status":"passed","steps":[],"attachments":[],"parameters":[],"hasContent":false,"attachmentStep":false,"stepsCount":0,"shouldDisplayMessage":false,"attachmentsCount":0}],"afterStages":[{"name":"driver::0","time":{"start":1757169349618,"stop":1757169358098,"duration":8480},"status":"passed","steps":[],"attachments":[],"parameters":[],"hasContent":false,"attachmentStep":false,"stepsCount":0,"shouldDisplayMessage":false,"attachmentsCount":0}],"labels":[{"name":"parentSuite","value":"tests"},{"name":"suite","value":"test_academy_registration"},{"name":"host","value":"OTSI-Lap80"},{"name":"thread","value":"86964-MainThread"},{"name":"framework","value":"pytest"},{"name":"language","value":"cpython3"},{"name":"package","value":"tests.test_academy_registration"},{"name":"resultFormat","value":"allure2"}],"parameters":[],"links":[],"hidden":true,"retry":true,"extra":{"categories":[],"tags":[]},"source":"430899136410d1f8.json","parameterValues":[]}