{"uid":"4f1ab7400d4786c1","name":"test_mandate_field_validation_errors","fullName":"tests.test_academy_registration#test_mandate_field_validation_errors","historyId":"6c5a0a70a2da4b9b4f8e36a2eff2ad57","time":{"start":1757172099585,"stop":1757172104074,"duration":4489},"status":"failed","statusMessage":"AssertionError: Incorrect error for Sports In Your Organisation?\n  *: Required\nassert 'required' in 'Required'","statusTrace":"driver = <selenium.webdriver.chrome.webdriver.WebDriver (session=\"fd952bcd3c70dc041a47bbd899aeab7a\")>\n\n    @pytest.mark.usefixtures(\"driver\")\n    def test_mandate_field_validation_errors(driver):\n            academypage = RegisterAcademyPage(driver)\n            academy = config[\"academy_reg\"]\n            academypage.next_button_click()\n            time.sleep(1)\n            # Capture actual errors\n            errors = academypage.validation_academy_registration()\n            # Load expected from config.json\n            expected_fields = config[\"academy_required_fields\"][\"expected\"]\n    \n            print(\"Expected Errors:\", expected_fields)\n            print(\"Actual Errors:\", errors)\n            # Check that every expected field has a Required error\n            for field in expected_fields:\n                assert field in errors, f\"Missing error for: {field}\"\n>               assert \"required\" in errors[field], f\"Incorrect error for {field}: {errors[field]}\"\nE               AssertionError: Incorrect error for Sports In Your Organisation?\nE                 *: Required\nE               assert 'required' in 'Required'\n\ntests\\test_academy_registration.py:41: AssertionError","flaky":false,"newFailed":false,"newBroken":false,"newPassed":false,"retriesCount":0,"retriesStatusChange":false,"beforeStages":[{"name":"driver","time":{"start":1757172063108,"stop":1757172068035,"duration":4927},"status":"passed","steps":[],"attachments":[],"parameters":[],"hasContent":false,"attachmentStep":false,"stepsCount":0,"shouldDisplayMessage":false,"attachmentsCount":0}],"testStage":{"status":"failed","statusMessage":"AssertionError: Incorrect error for Sports In Your Organisation?\n  *: Required\nassert 'required' in 'Required'","statusTrace":"driver = <selenium.webdriver.chrome.webdriver.WebDriver (session=\"fd952bcd3c70dc041a47bbd899aeab7a\")>\n\n    @pytest.mark.usefixtures(\"driver\")\n    def test_mandate_field_validation_errors(driver):\n            academypage = RegisterAcademyPage(driver)\n            academy = config[\"academy_reg\"]\n            academypage.next_button_click()\n            time.sleep(1)\n            # Capture actual errors\n            errors = academypage.validation_academy_registration()\n            # Load expected from config.json\n            expected_fields = config[\"academy_required_fields\"][\"expected\"]\n    \n            print(\"Expected Errors:\", expected_fields)\n            print(\"Actual Errors:\", errors)\n            # Check that every expected field has a Required error\n            for field in expected_fields:\n                assert field in errors, f\"Missing error for: {field}\"\n>               assert \"required\" in errors[field], f\"Incorrect error for {field}: {errors[field]}\"\nE               AssertionError: Incorrect error for Sports In Your Organisation?\nE                 *: Required\nE               assert 'required' in 'Required'\n\ntests\\test_academy_registration.py:41: AssertionError","steps":[],"attachments":[{"uid":"563e70ecd2b5aa01","name":"stdout","source":"563e70ecd2b5aa01.txt","type":"text/plain","size":594}],"parameters":[],"hasContent":true,"attachmentStep":false,"stepsCount":0,"shouldDisplayMessage":true,"attachmentsCount":1},"afterStages":[{"name":"driver::0","time":{"start":1757172104443,"stop":1757172107270,"duration":2827},"status":"passed","steps":[],"attachments":[],"parameters":[],"hasContent":false,"attachmentStep":false,"stepsCount":0,"shouldDisplayMessage":false,"attachmentsCount":0}],"labels":[{"name":"parentSuite","value":"tests"},{"name":"suite","value":"test_academy_registration"},{"name":"host","value":"OTSI-Lap80"},{"name":"thread","value":"10876-MainThread"},{"name":"framework","value":"pytest"},{"name":"language","value":"cpython3"},{"name":"package","value":"tests.test_academy_registration"},{"name":"resultFormat","value":"allure2"}],"parameters":[],"links":[],"hidden":true,"retry":true,"extra":{"categories":[],"tags":[]},"source":"4f1ab7400d4786c1.json","parameterValues":[]}