{"uid":"5ca4ab81f650ed7d","name":"test_login_correct_username_correct_password","fullName":"tests.test_login#test_login_correct_username_correct_password","historyId":"73be65653c7801c1b3e9ad3c4844d02f","time":{"start":1757308874590,"stop":1757308887554,"duration":12964},"description":"Test login with correct username and correct password.","descriptionHtml":"<p>Test login with correct username and correct password.</p>\n","status":"failed","statusMessage":"AssertionError: Login failed with correct username and correct password\nassert False","statusTrace":"driver = <selenium.webdriver.chrome.webdriver.WebDriver (session=\"0cf2e09e4c49d80d3eb51ab8a3de0824\")>\n\n    @pytest.mark.usefixtures(\"driver\")\n    def test_login_correct_username_correct_password(driver):\n        \"\"\"Test login with correct username and correct password.\"\"\"\n        driver.get(config[\"base_url\"])\n        username = config[\"username\"]\n        password = config[\"password\"]\n        login_page = LoginPage(driver)\n        login_page.clear_field(login_page.username_input)\n        time.sleep(1)\n        login_page.create_username(username)\n        login_page.clear_field(login_page.password_input)\n        time.sleep(1)\n        login_page.create_password(password)\n        login_page.click_login_button()\n        time.sleep(4)\n        if login_page.is_logged_in():\n            print(\"Login test with correct username and correct password executed successfully!\")\n        else:\n>           assert False, \"Login failed with correct username and correct password\"\nE           AssertionError: Login failed with correct username and correct password\nE           assert False\n\ntests\\test_login.py:75: AssertionError","flaky":false,"newFailed":false,"newBroken":false,"newPassed":false,"retriesCount":0,"retriesStatusChange":false,"beforeStages":[{"name":"driver","time":{"start":1757308869556,"stop":1757308874588,"duration":5032},"status":"passed","steps":[],"attachments":[],"parameters":[],"hasContent":false,"attachmentStep":false,"stepsCount":0,"shouldDisplayMessage":false,"attachmentsCount":0}],"afterStages":[{"name":"driver::0","time":{"start":1757308888071,"stop":1757308890104,"duration":2033},"status":"passed","steps":[],"attachments":[],"parameters":[],"hasContent":false,"attachmentStep":false,"stepsCount":0,"shouldDisplayMessage":false,"attachmentsCount":0}],"labels":[{"name":"parentSuite","value":"tests"},{"name":"suite","value":"test_login"},{"name":"host","value":"OTSI-Lap80"},{"name":"thread","value":"73036-MainThread"},{"name":"framework","value":"pytest"},{"name":"language","value":"cpython3"},{"name":"package","value":"tests.test_login"},{"name":"resultFormat","value":"allure2"}],"parameters":[],"links":[],"hidden":true,"retry":true,"extra":{"categories":[],"tags":[]},"source":"5ca4ab81f650ed7d.json","parameterValues":[]}