{"uid":"5d67a52d08d9a5b0","name":"test_login_correct_username_correct_password","fullName":"tests.test_login#test_login_correct_username_correct_password","historyId":"73be65653c7801c1b3e9ad3c4844d02f","time":{"start":1757255903419,"stop":1757255913757,"duration":10338},"description":"Test login with correct username and correct password.","descriptionHtml":"<p>Test login with correct username and correct password.</p>\n","status":"failed","statusMessage":"AssertionError: Login failed with correct username and correct password\nassert False","statusTrace":"driver = <selenium.webdriver.chrome.webdriver.WebDriver (session=\"5e1d28b9019ec9e12bea4b17259ef070\")>\n\n    @pytest.mark.usefixtures(\"driver\")\n    def test_login_correct_username_correct_password(driver):\n        \"\"\"Test login with correct username and correct password.\"\"\"\n        driver.get(config[\"base_url\"])\n    \n        username = config[\"username\"]\n        password = config[\"password\"]\n    \n        login_page = LoginPage(driver)\n        login_page.login(username, password)\n    \n        time.sleep(4)\n    \n        if login_page.is_logged_in():\n            print(\"Login test with correct username and correct password executed successfully!\")\n        else:\n>           assert False, \"Login failed with correct username and correct password\"\nE           AssertionError: Login failed with correct username and correct password\nE           assert False\n\ntests\\test_login.py:121: AssertionError","flaky":false,"newFailed":false,"newBroken":false,"newPassed":false,"retriesCount":0,"retriesStatusChange":false,"beforeStages":[{"name":"driver","time":{"start":1757255829113,"stop":1757255834423,"duration":5310},"status":"passed","steps":[],"attachments":[],"parameters":[],"hasContent":false,"attachmentStep":false,"stepsCount":0,"shouldDisplayMessage":false,"attachmentsCount":0}],"afterStages":[{"name":"driver::0","time":{"start":1757255913773,"stop":1757255916097,"duration":2324},"status":"passed","steps":[],"attachments":[],"parameters":[],"hasContent":false,"attachmentStep":false,"stepsCount":0,"shouldDisplayMessage":false,"attachmentsCount":0}],"labels":[{"name":"parentSuite","value":"tests"},{"name":"suite","value":"test_login"},{"name":"host","value":"OTSI-Lap80"},{"name":"thread","value":"70228-MainThread"},{"name":"framework","value":"pytest"},{"name":"language","value":"cpython3"},{"name":"package","value":"tests.test_login"},{"name":"resultFormat","value":"allure2"}],"parameters":[],"links":[],"hidden":true,"retry":true,"extra":{"categories":[],"tags":[]},"source":"5d67a52d08d9a5b0.json","parameterValues":[]}