{"uid":"833d5bf457784020","name":"test_login_correct_username_correct_password","fullName":"tests.test_login#test_login_correct_username_correct_password","historyId":"73be65653c7801c1b3e9ad3c4844d02f","time":{"start":1757309012686,"stop":1757309024556,"duration":11870},"description":"Test login with correct username and correct password.","descriptionHtml":"<p>Test login with correct username and correct password.</p>\n","status":"failed","statusMessage":"AssertionError: Login failed with correct username and correct password\nassert False","statusTrace":"driver = <selenium.webdriver.chrome.webdriver.WebDriver (session=\"78e04206030b5b80750a7d5eeea1e1b4\")>\n\n    @pytest.mark.usefixtures(\"driver\")\n    def test_login_correct_username_correct_password(driver):\n        \"\"\"Test login with correct username and correct password.\"\"\"\n        driver.get(config[\"base_url\"])\n        username = config[\"username\"]\n        password = config[\"password\"]\n        login_page = LoginPage(driver)\n        login_page.clear_field(login_page.username_input)\n        time.sleep(1)\n        login_page.create_username(username)\n        login_page.clear_field(login_page.password_input)\n        time.sleep(1)\n        login_page.create_password(password)\n        login_page.click_login_button()\n        time.sleep(4)\n        if login_page.is_logged_in():\n            print(\"Login test with correct username and correct password executed successfully!\")\n        else:\n>           assert False, \"Login failed with correct username and correct password\"\nE           AssertionError: Login failed with correct username and correct password\nE           assert False\n\ntests\\test_login.py:75: AssertionError","flaky":false,"newFailed":false,"newBroken":false,"newPassed":false,"retriesCount":0,"retriesStatusChange":false,"beforeStages":[{"name":"driver","time":{"start":1757309007872,"stop":1757309012685,"duration":4813},"status":"passed","steps":[],"attachments":[],"parameters":[],"hasContent":false,"attachmentStep":false,"stepsCount":0,"shouldDisplayMessage":false,"attachmentsCount":0}],"afterStages":[{"name":"driver::0","time":{"start":1757309025096,"stop":1757309027375,"duration":2279},"status":"passed","steps":[],"attachments":[],"parameters":[],"hasContent":false,"attachmentStep":false,"stepsCount":0,"shouldDisplayMessage":false,"attachmentsCount":0}],"labels":[{"name":"parentSuite","value":"tests"},{"name":"suite","value":"test_login"},{"name":"host","value":"OTSI-Lap80"},{"name":"thread","value":"81632-MainThread"},{"name":"framework","value":"pytest"},{"name":"language","value":"cpython3"},{"name":"package","value":"tests.test_login"},{"name":"resultFormat","value":"allure2"}],"parameters":[],"links":[],"hidden":true,"retry":true,"extra":{"categories":[],"tags":[]},"source":"833d5bf457784020.json","parameterValues":[]}