{"uid":"8a05eb223e591e6d","name":"test_assign_athlete_to_batch","fullName":"tests.test_assign_athletes_to_batch#test_assign_athlete_to_batch","historyId":"8cdaf8c00d5fe48c7671c2d70ef56fcd","time":{"start":1757323220324,"stop":1757323230535,"duration":10211},"status":"passed","flaky":false,"newFailed":false,"newBroken":false,"newPassed":false,"retriesCount":35,"retriesStatusChange":true,"beforeStages":[{"name":"driver","time":{"start":1757322768060,"stop":1757322773033,"duration":4973},"status":"passed","steps":[],"attachments":[],"parameters":[],"hasContent":false,"attachmentStep":false,"stepsCount":0,"shouldDisplayMessage":false,"attachmentsCount":0}],"testStage":{"status":"passed","steps":[],"attachments":[{"uid":"57c307c9785fec68","name":"stdout","source":"57c307c9785fec68.txt","type":"text/plain","size":245}],"parameters":[],"hasContent":true,"attachmentStep":false,"stepsCount":0,"shouldDisplayMessage":false,"attachmentsCount":1},"afterStages":[{"name":"driver::0","time":{"start":1757323358091,"stop":1757323361310,"duration":3219},"status":"passed","steps":[],"attachments":[],"parameters":[],"hasContent":false,"attachmentStep":false,"stepsCount":0,"shouldDisplayMessage":false,"attachmentsCount":0}],"labels":[{"name":"parentSuite","value":"tests"},{"name":"suite","value":"test_assign_athletes_to_batch"},{"name":"host","value":"OTSI-Lap80"},{"name":"thread","value":"88428-MainThread"},{"name":"framework","value":"pytest"},{"name":"language","value":"cpython3"},{"name":"package","value":"tests.test_assign_athletes_to_batch"},{"name":"resultFormat","value":"allure2"}],"parameters":[],"links":[],"hidden":false,"retry":false,"extra":{"severity":"normal","retries":[{"uid":"6d00a8dff0f17fa2","status":"passed","time":{"start":1757309836979,"stop":1757309847496,"duration":10517}},{"uid":"aba414462ef94873","status":"failed","statusDetails":"AssertionError: Expected success message not found. Got: \nassert 'athlete added to batch successfully' in ''\n +  where '' = <built-in method lower of str object at 0x00007FFAAFE9C6E0>()\n +    where <built-in method lower of str object at 0x00007FFAAFE9C6E0> = ''.lower","time":{"start":1757000432094,"stop":1757000510350,"duration":78256}},{"uid":"8edac76486698f1e","status":"failed","statusDetails":"AssertionError: Expected success message not found. Got: \nassert 'athlete added to batch successfully' in ''\n +  where '' = <built-in method lower of str object at 0x00007FFAAFE9C6E0>()\n +    where <built-in method lower of str object at 0x00007FFAAFE9C6E0> = ''.lower","time":{"start":1756999956618,"stop":1757000036416,"duration":79798}},{"uid":"f4889736c0a4cd19","status":"failed","statusDetails":"AssertionError: Expected success message not found. Got: \nassert 'athlete added to batch successfully' in ''\n +  where '' = <built-in method lower of str object at 0x00007FFAAFE9C6E0>()\n +    where <built-in method lower of str object at 0x00007FFAAFE9C6E0> = ''.lower","time":{"start":1756999749562,"stop":1756999829703,"duration":80141}},{"uid":"b67cfa420c78f8e1","status":"broken","statusDetails":"selenium.common.exceptions.TimeoutException: Message: \nStacktrace:\n\tGetHandleVerifier [0x0x82a8a3+63283]\n\tGetHandleVerifier [0x0x82a8e4+63348]\n\t(No symbol) [0x0x663e43]\n\t(No symbol) [0x0x6ac8de]\n\t(No symbol) [0x0x6acc7b]\n\t(No symbol) [0x0x6f4ef2]\n\t(No symbol) [0x0x6d1464]\n\t(No symbol) [0x0x6f271a]\n\t(No symbol) [0x0x6d1216]\n\t(No symbol) [0x0x6a0855]\n\t(No symbol) [0x0x6a16f4]\n\tGetHandleVerifier [0x0xa9bb43+2623955]\n\tGetHandleVerifier [0x0xa96daa+2604090]\n\tGetHandleVerifier [0x0x85069a+218410]\n\tGetHandleVerifier [0x0x840ed8+154984]\n\tGetHandleVerifier [0x0x84742d+180925]\n\tGetHandleVerifier [0x0x8322b8+94536]\n\tGetHandleVerifier [0x0x832442+94930]\n\tGetHandleVerifier [0x0x81d5ea+9338]\n\tBaseThreadInitThunk [0x0x76b9fcc9+25]\n\tRtlGetAppContainerNamedObjectPath [0x0x777582ae+286]\n\tRtlGetAppContainerNamedObjectPath [0x0x7775827e+238]","time":{"start":1756999622152,"stop":1756999643292,"duration":21140}},{"uid":"42565686c3ee83ea","status":"broken","statusDetails":"selenium.common.exceptions.TimeoutException: Message: \nStacktrace:\n\tGetHandleVerifier [0x0x82a8a3+63283]\n\tGetHandleVerifier [0x0x82a8e4+63348]\n\t(No symbol) [0x0x663e43]\n\t(No symbol) [0x0x6ac8de]\n\t(No symbol) [0x0x6acc7b]\n\t(No symbol) [0x0x6f4ef2]\n\t(No symbol) [0x0x6d1464]\n\t(No symbol) [0x0x6f271a]\n\t(No symbol) [0x0x6d1216]\n\t(No symbol) [0x0x6a0855]\n\t(No symbol) [0x0x6a16f4]\n\tGetHandleVerifier [0x0xa9bb43+2623955]\n\tGetHandleVerifier [0x0xa96daa+2604090]\n\tGetHandleVerifier [0x0x85069a+218410]\n\tGetHandleVerifier [0x0x840ed8+154984]\n\tGetHandleVerifier [0x0x84742d+180925]\n\tGetHandleVerifier [0x0x8322b8+94536]\n\tGetHandleVerifier [0x0x832442+94930]\n\tGetHandleVerifier [0x0x81d5ea+9338]\n\tBaseThreadInitThunk [0x0x76b9fcc9+25]\n\tRtlGetAppContainerNamedObjectPath [0x0x777582ae+286]\n\tRtlGetAppContainerNamedObjectPath [0x0x7775827e+238]","time":{"start":1756999378335,"stop":1756999401986,"duration":23651}},{"uid":"66661a17f0b5b2da","status":"broken","statusDetails":"selenium.common.exceptions.TimeoutException: Message: \nStacktrace:\n\tGetHandleVerifier [0x0x82a8a3+63283]\n\tGetHandleVerifier [0x0x82a8e4+63348]\n\t(No symbol) [0x0x663e43]\n\t(No symbol) [0x0x6ac8de]\n\t(No symbol) [0x0x6acc7b]\n\t(No symbol) [0x0x6f4ef2]\n\t(No symbol) [0x0x6d1464]\n\t(No symbol) [0x0x6f271a]\n\t(No symbol) [0x0x6d1216]\n\t(No symbol) [0x0x6a0855]\n\t(No symbol) [0x0x6a16f4]\n\tGetHandleVerifier [0x0xa9bb43+2623955]\n\tGetHandleVerifier [0x0xa96daa+2604090]\n\tGetHandleVerifier [0x0x85069a+218410]\n\tGetHandleVerifier [0x0x840ed8+154984]\n\tGetHandleVerifier [0x0x84742d+180925]\n\tGetHandleVerifier [0x0x8322b8+94536]\n\tGetHandleVerifier [0x0x832442+94930]\n\tGetHandleVerifier [0x0x81d5ea+9338]\n\tBaseThreadInitThunk [0x0x76b9fcc9+25]\n\tRtlGetAppContainerNamedObjectPath [0x0x777582ae+286]\n\tRtlGetAppContainerNamedObjectPath [0x0x7775827e+238]","time":{"start":1756999296196,"stop":1756999316503,"duration":20307}},{"uid":"82f0c6c272f67a7b","status":"broken","statusDetails":"NameError: name 'status' is not defined","time":{"start":1756999181830,"stop":1756999191705,"duration":9875}},{"uid":"b77e2ef2e78e965d","status":"broken","statusDetails":"selenium.common.exceptions.TimeoutException: Message: \nStacktrace:\n\tGetHandleVerifier [0x0x82a8a3+63283]\n\tGetHandleVerifier [0x0x82a8e4+63348]\n\t(No symbol) [0x0x663e43]\n\t(No symbol) [0x0x6ac8de]\n\t(No symbol) [0x0x6acc7b]\n\t(No symbol) [0x0x6f4ef2]\n\t(No symbol) [0x0x6d1464]\n\t(No symbol) [0x0x6f271a]\n\t(No symbol) [0x0x6d1216]\n\t(No symbol) [0x0x6a0855]\n\t(No symbol) [0x0x6a16f4]\n\tGetHandleVerifier [0x0xa9bb43+2623955]\n\tGetHandleVerifier [0x0xa96daa+2604090]\n\tGetHandleVerifier [0x0x85069a+218410]\n\tGetHandleVerifier [0x0x840ed8+154984]\n\tGetHandleVerifier [0x0x84742d+180925]\n\tGetHandleVerifier [0x0x8322b8+94536]\n\tGetHandleVerifier [0x0x832442+94930]\n\tGetHandleVerifier [0x0x81d5ea+9338]\n\tBaseThreadInitThunk [0x0x76b9fcc9+25]\n\tRtlGetAppContainerNamedObjectPath [0x0x777582ae+286]\n\tRtlGetAppContainerNamedObjectPath [0x0x7775827e+238]","time":{"start":1756999066629,"stop":1756999087189,"duration":20560}},{"uid":"4182b52d288195a2","status":"failed","statusDetails":"AssertionError: Expected success message not found. Got: \nassert 'athlete added to batch successfully' in ''\n +  where '' = <built-in method lower of str object at 0x00007FFAAFE9C6E0>()\n +    where <built-in method lower of str object at 0x00007FFAAFE9C6E0> = ''.lower","time":{"start":1756998920617,"stop":1756999000011,"duration":79394}},{"uid":"611b087efd7dfbb7","status":"failed","statusDetails":"AssertionError: Expected success message not found. Got: \nassert 'athlete added to batch successfully' in ''\n +  where '' = <built-in method lower of str object at 0x00007FFAAFB4C6E0>()\n +    where <built-in method lower of str object at 0x00007FFAAFB4C6E0> = ''.lower","time":{"start":1756998374227,"stop":1756998441108,"duration":66881}},{"uid":"95f2e04cd465898e","status":"failed","statusDetails":"AssertionError: Expected success message not found. Got: \nassert 'athlete added to batch successfully' in ''\n +  where '' = <built-in method lower of str object at 0x00007FFAAFB4C6E0>()\n +    where <built-in method lower of str object at 0x00007FFAAFB4C6E0> = ''.lower","time":{"start":1756998262247,"stop":1756998326087,"duration":63840}},{"uid":"88320cca899023f7","status":"broken","statusDetails":"AttributeError: 'AssignAthletesToBatchPage' object has no attribute 'click_drop_down_button'","time":{"start":1756998181192,"stop":1756998193270,"duration":12078}},{"uid":"62014a96f62551c3","status":"broken","statusDetails":"selenium.common.exceptions.ElementNotInteractableException: Message: element not interactable\n  (Session info: chrome=139.0.7258.155)\nStacktrace:\n\tGetHandleVerifier [0x0x82a8a3+63283]\n\tGetHandleVerifier [0x0x82a8e4+63348]\n\t(No symbol) [0x0x663ca0]\n\t(No symbol) [0x0x6a72e9]\n\t(No symbol) [0x0x6a59d7]\n\t(No symbol) [0x0x6d141c]\n\t(No symbol) [0x0x6a2044]\n\t(No symbol) [0x0x6d1694]\n\t(No symbol) [0x0x6f271a]\n\t(No symbol) [0x0x6d1216]\n\t(No symbol) [0x0x6a0855]\n\t(No symbol) [0x0x6a16f4]\n\tGetHandleVerifier [0x0xa9bb43+2623955]\n\tGetHandleVerifier [0x0xa96daa+2604090]\n\tGetHandleVerifier [0x0x85069a+218410]\n\tGetHandleVerifier [0x0x840ed8+154984]\n\tGetHandleVerifier [0x0x84742d+180925]\n\tGetHandleVerifier [0x0x8322b8+94536]\n\tGetHandleVerifier [0x0x832442+94930]\n\tGetHandleVerifier [0x0x81d5ea+9338]\n\tBaseThreadInitThunk [0x0x76b9fcc9+25]\n\tRtlGetAppContainerNamedObjectPath [0x0x777582ae+286]\n\tRtlGetAppContainerNamedObjectPath [0x0x7775827e+238]","time":{"start":1756998079641,"stop":1756998091375,"duration":11734}},{"uid":"f15bc079321d16ed","status":"broken","statusDetails":"selenium.common.exceptions.ElementClickInterceptedException: Message: element click intercepted: Element <button data-slot=\"button\" class=\"inline-flex items-center justify-center gap-2 whitespace-nowrap text-sm font-medium transition-all disabled:pointer-events-none disabled:opacity-50 [&amp;_svg]:pointer-events-none [&amp;_svg:not([class*='size-'])]:size-4 shrink-0 [&amp;_svg]:shrink-0 outline-none focus-visible:border-ring focus-visible:ring-[1px] aria-invalid:ring-destructive/20 dark:aria-invalid:ring-destructive/40 aria-invalid:border-destructive bg-primary text-primary-foreground shadow-xs hover:bg-primary/80 focus-visible:ring-primary/20 hover:ring h-9 px-2 py-2 has-[&gt;svg]:px-3 cursor-pointer md:px-3\" type=\"submit\">...</button> is not clickable at point (953, 609). Other element would receive the click: <div data-state=\"open\" data-slot=\"sheet-overlay\" class=\"data-[state=open]:animate-in data-[state=closed]:animate-out data-[state=closed]:fade-out-0 data-[state=open]:fade-in-0 fixed inset-0 z-50 bg-black/50\" data-aria-hidden=\"true\" aria-hidden=\"true\" style=\"pointer-events: auto;\"></div>\n  (Session info: chrome=139.0.7258.155)\nStacktrace:\n\tGetHandleVerifier [0x0x82a8a3+63283]\n\tGetHandleVerifier [0x0x82a8e4+63348]\n\t(No symbol) [0x0x663e43]\n\t(No symbol) [0x0x6b2c20]\n\t(No symbol) [0x0x6b0fda]\n\t(No symbol) [0x0x6aeb37]\n\t(No symbol) [0x0x6addf4]\n\t(No symbol) [0x0x6a25b5]\n\t(No symbol) [0x0x6d141c]\n\t(No symbol) [0x0x6a2044]\n\t(No symbol) [0x0x6d1694]\n\t(No symbol) [0x0x6f271a]\n\t(No symbol) [0x0x6d1216]\n\t(No symbol) [0x0x6a0855]\n\t(No symbol) [0x0x6a16f4]\n\tGetHandleVerifier [0x0xa9bb43+2623955]\n\tGetHandleVerifier [0x0xa96daa+2604090]\n\tGetHandleVerifier [0x0x85069a+218410]\n\tGetHandleVerifier [0x0x840ed8+154984]\n\tGetHandleVerifier [0x0x84742d+180925]\n\tGetHandleVerifier [0x0x8322b8+94536]\n\tGetHandleVerifier [0x0x832442+94930]\n\tGetHandleVerifier [0x0x81d5ea+9338]\n\tBaseThreadInitThunk [0x0x76b9fcc9+25]\n\tRtlGetAppContainerNamedObjectPath [0x0x777582ae+286]\n\tRtlGetAppContainerNamedObjectPath [0x0x7775827e+238]","time":{"start":1756996402846,"stop":1756996420223,"duration":17377}},{"uid":"69d8e7e83d9e8159","status":"broken","statusDetails":"selenium.common.exceptions.ElementClickInterceptedException: Message: element click intercepted: Element <button data-slot=\"button\" class=\"inline-flex items-center justify-center gap-2 whitespace-nowrap text-sm font-medium transition-all disabled:pointer-events-none disabled:opacity-50 [&amp;_svg]:pointer-events-none [&amp;_svg:not([class*='size-'])]:size-4 shrink-0 [&amp;_svg]:shrink-0 outline-none focus-visible:border-ring focus-visible:ring-[1px] aria-invalid:ring-destructive/20 dark:aria-invalid:ring-destructive/40 aria-invalid:border-destructive bg-primary text-primary-foreground shadow-xs hover:bg-primary/80 focus-visible:ring-primary/20 hover:ring h-9 px-2 py-2 has-[&gt;svg]:px-3 cursor-pointer md:px-3\" type=\"submit\">...</button> is not clickable at point (953, 609). Other element would receive the click: <div data-state=\"open\" data-slot=\"sheet-overlay\" class=\"data-[state=open]:animate-in data-[state=closed]:animate-out data-[state=closed]:fade-out-0 data-[state=open]:fade-in-0 fixed inset-0 z-50 bg-black/50\" data-aria-hidden=\"true\" aria-hidden=\"true\" style=\"pointer-events: auto;\"></div>\n  (Session info: chrome=139.0.7258.155)\nStacktrace:\n\tGetHandleVerifier [0x0x82a8a3+63283]\n\tGetHandleVerifier [0x0x82a8e4+63348]\n\t(No symbol) [0x0x663e43]\n\t(No symbol) [0x0x6b2c20]\n\t(No symbol) [0x0x6b0fda]\n\t(No symbol) [0x0x6aeb37]\n\t(No symbol) [0x0x6addf4]\n\t(No symbol) [0x0x6a25b5]\n\t(No symbol) [0x0x6d141c]\n\t(No symbol) [0x0x6a2044]\n\t(No symbol) [0x0x6d1694]\n\t(No symbol) [0x0x6f271a]\n\t(No symbol) [0x0x6d1216]\n\t(No symbol) [0x0x6a0855]\n\t(No symbol) [0x0x6a16f4]\n\tGetHandleVerifier [0x0xa9bb43+2623955]\n\tGetHandleVerifier [0x0xa96daa+2604090]\n\tGetHandleVerifier [0x0x85069a+218410]\n\tGetHandleVerifier [0x0x840ed8+154984]\n\tGetHandleVerifier [0x0x84742d+180925]\n\tGetHandleVerifier [0x0x8322b8+94536]\n\tGetHandleVerifier [0x0x832442+94930]\n\tGetHandleVerifier [0x0x81d5ea+9338]\n\tBaseThreadInitThunk [0x0x76b9fcc9+25]\n\tRtlGetAppContainerNamedObjectPath [0x0x777582ae+286]\n\tRtlGetAppContainerNamedObjectPath [0x0x7775827e+238]","time":{"start":1756995792154,"stop":1756995808184,"duration":16030}},{"uid":"20748429b6803eda","status":"broken","statusDetails":"selenium.common.exceptions.ElementClickInterceptedException: Message: element click intercepted: Element <button data-slot=\"button\" class=\"inline-flex items-center justify-center gap-2 whitespace-nowrap text-sm font-medium transition-all disabled:pointer-events-none disabled:opacity-50 [&amp;_svg]:pointer-events-none [&amp;_svg:not([class*='size-'])]:size-4 shrink-0 [&amp;_svg]:shrink-0 outline-none focus-visible:border-ring focus-visible:ring-[1px] aria-invalid:ring-destructive/20 dark:aria-invalid:ring-destructive/40 aria-invalid:border-destructive bg-primary text-primary-foreground shadow-xs hover:bg-primary/80 focus-visible:ring-primary/20 hover:ring h-9 px-2 py-2 has-[&gt;svg]:px-3 cursor-pointer md:px-3\" type=\"submit\">...</button> is not clickable at point (953, 609). Other element would receive the click: <div data-state=\"open\" data-slot=\"sheet-overlay\" class=\"data-[state=open]:animate-in data-[state=closed]:animate-out data-[state=closed]:fade-out-0 data-[state=open]:fade-in-0 fixed inset-0 z-50 bg-black/50\" data-aria-hidden=\"true\" aria-hidden=\"true\" style=\"pointer-events: auto;\"></div>\n  (Session info: chrome=139.0.7258.155)\nStacktrace:\n\tGetHandleVerifier [0x0x82a8a3+63283]\n\tGetHandleVerifier [0x0x82a8e4+63348]\n\t(No symbol) [0x0x663e43]\n\t(No symbol) [0x0x6b2c20]\n\t(No symbol) [0x0x6b0fda]\n\t(No symbol) [0x0x6aeb37]\n\t(No symbol) [0x0x6addf4]\n\t(No symbol) [0x0x6a25b5]\n\t(No symbol) [0x0x6d141c]\n\t(No symbol) [0x0x6a2044]\n\t(No symbol) [0x0x6d1694]\n\t(No symbol) [0x0x6f271a]\n\t(No symbol) [0x0x6d1216]\n\t(No symbol) [0x0x6a0855]\n\t(No symbol) [0x0x6a16f4]\n\tGetHandleVerifier [0x0xa9bb43+2623955]\n\tGetHandleVerifier [0x0xa96daa+2604090]\n\tGetHandleVerifier [0x0x85069a+218410]\n\tGetHandleVerifier [0x0x840ed8+154984]\n\tGetHandleVerifier [0x0x84742d+180925]\n\tGetHandleVerifier [0x0x8322b8+94536]\n\tGetHandleVerifier [0x0x832442+94930]\n\tGetHandleVerifier [0x0x81d5ea+9338]\n\tBaseThreadInitThunk [0x0x76b9fcc9+25]\n\tRtlGetAppContainerNamedObjectPath [0x0x777582ae+286]\n\tRtlGetAppContainerNamedObjectPath [0x0x7775827e+238]","time":{"start":1756995731712,"stop":1756995746063,"duration":14351}},{"uid":"91e9d1c6805904d","status":"broken","statusDetails":"selenium.common.exceptions.ElementClickInterceptedException: Message: element click intercepted: Element <button data-slot=\"button\" class=\"inline-flex items-center justify-center gap-2 whitespace-nowrap text-sm font-medium transition-all disabled:pointer-events-none disabled:opacity-50 [&amp;_svg]:pointer-events-none [&amp;_svg:not([class*='size-'])]:size-4 shrink-0 [&amp;_svg]:shrink-0 outline-none focus-visible:border-ring focus-visible:ring-[1px] aria-invalid:ring-destructive/20 dark:aria-invalid:ring-destructive/40 aria-invalid:border-destructive bg-primary text-primary-foreground shadow-xs hover:bg-primary/80 focus-visible:ring-primary/20 hover:ring h-9 px-2 py-2 has-[&gt;svg]:px-3 cursor-pointer md:px-3\" type=\"submit\">...</button> is not clickable at point (953, 609). Other element would receive the click: <div data-state=\"open\" data-slot=\"sheet-overlay\" class=\"data-[state=open]:animate-in data-[state=closed]:animate-out data-[state=closed]:fade-out-0 data-[state=open]:fade-in-0 fixed inset-0 z-50 bg-black/50\" data-aria-hidden=\"true\" aria-hidden=\"true\" style=\"pointer-events: auto;\"></div>\n  (Session info: chrome=139.0.7258.155)\nStacktrace:\n\tGetHandleVerifier [0x0x82a8a3+63283]\n\tGetHandleVerifier [0x0x82a8e4+63348]\n\t(No symbol) [0x0x663e43]\n\t(No symbol) [0x0x6b2c20]\n\t(No symbol) [0x0x6b0fda]\n\t(No symbol) [0x0x6aeb37]\n\t(No symbol) [0x0x6addf4]\n\t(No symbol) [0x0x6a25b5]\n\t(No symbol) [0x0x6d141c]\n\t(No symbol) [0x0x6a2044]\n\t(No symbol) [0x0x6d1694]\n\t(No symbol) [0x0x6f271a]\n\t(No symbol) [0x0x6d1216]\n\t(No symbol) [0x0x6a0855]\n\t(No symbol) [0x0x6a16f4]\n\tGetHandleVerifier [0x0xa9bb43+2623955]\n\tGetHandleVerifier [0x0xa96daa+2604090]\n\tGetHandleVerifier [0x0x85069a+218410]\n\tGetHandleVerifier [0x0x840ed8+154984]\n\tGetHandleVerifier [0x0x84742d+180925]\n\tGetHandleVerifier [0x0x8322b8+94536]\n\tGetHandleVerifier [0x0x832442+94930]\n\tGetHandleVerifier [0x0x81d5ea+9338]\n\tBaseThreadInitThunk [0x0x76b9fcc9+25]\n\tRtlGetAppContainerNamedObjectPath [0x0x777582ae+286]\n\tRtlGetAppContainerNamedObjectPath [0x0x7775827e+238]","time":{"start":1756995618906,"stop":1756995634770,"duration":15864}},{"uid":"a0459770a62356de","status":"broken","statusDetails":"selenium.common.exceptions.ElementClickInterceptedException: Message: element click intercepted: Element <button data-slot=\"button\" class=\"inline-flex items-center justify-center gap-2 whitespace-nowrap text-sm font-medium transition-all disabled:pointer-events-none disabled:opacity-50 [&amp;_svg]:pointer-events-none [&amp;_svg:not([class*='size-'])]:size-4 shrink-0 [&amp;_svg]:shrink-0 outline-none focus-visible:border-ring focus-visible:ring-[1px] aria-invalid:ring-destructive/20 dark:aria-invalid:ring-destructive/40 aria-invalid:border-destructive bg-primary text-primary-foreground shadow-xs hover:bg-primary/80 focus-visible:ring-primary/20 hover:ring h-9 px-2 py-2 has-[&gt;svg]:px-3 cursor-pointer md:px-3\" type=\"submit\">...</button> is not clickable at point (953, 609). Other element would receive the click: <div data-state=\"open\" data-slot=\"sheet-overlay\" class=\"data-[state=open]:animate-in data-[state=closed]:animate-out data-[state=closed]:fade-out-0 data-[state=open]:fade-in-0 fixed inset-0 z-50 bg-black/50\" data-aria-hidden=\"true\" aria-hidden=\"true\" style=\"pointer-events: auto;\"></div>\n  (Session info: chrome=139.0.7258.155)\nStacktrace:\n\tGetHandleVerifier [0x0x82a8a3+63283]\n\tGetHandleVerifier [0x0x82a8e4+63348]\n\t(No symbol) [0x0x663e43]\n\t(No symbol) [0x0x6b2c20]\n\t(No symbol) [0x0x6b0fda]\n\t(No symbol) [0x0x6aeb37]\n\t(No symbol) [0x0x6addf4]\n\t(No symbol) [0x0x6a25b5]\n\t(No symbol) [0x0x6d141c]\n\t(No symbol) [0x0x6a2044]\n\t(No symbol) [0x0x6d1694]\n\t(No symbol) [0x0x6f271a]\n\t(No symbol) [0x0x6d1216]\n\t(No symbol) [0x0x6a0855]\n\t(No symbol) [0x0x6a16f4]\n\tGetHandleVerifier [0x0xa9bb43+2623955]\n\tGetHandleVerifier [0x0xa96daa+2604090]\n\tGetHandleVerifier [0x0x85069a+218410]\n\tGetHandleVerifier [0x0x840ed8+154984]\n\tGetHandleVerifier [0x0x84742d+180925]\n\tGetHandleVerifier [0x0x8322b8+94536]\n\tGetHandleVerifier [0x0x832442+94930]\n\tGetHandleVerifier [0x0x81d5ea+9338]\n\tBaseThreadInitThunk [0x0x76b9fcc9+25]\n\tRtlGetAppContainerNamedObjectPath [0x0x777582ae+286]\n\tRtlGetAppContainerNamedObjectPath [0x0x7775827e+238]","time":{"start":1756995462214,"stop":1756995479020,"duration":16806}},{"uid":"44769b891003ff29","status":"broken","statusDetails":"selenium.common.exceptions.ElementClickInterceptedException: Message: element click intercepted: Element <button data-slot=\"button\" class=\"inline-flex items-center justify-center gap-2 whitespace-nowrap text-sm font-medium transition-all disabled:pointer-events-none disabled:opacity-50 [&amp;_svg]:pointer-events-none [&amp;_svg:not([class*='size-'])]:size-4 shrink-0 [&amp;_svg]:shrink-0 outline-none focus-visible:border-ring focus-visible:ring-[1px] aria-invalid:ring-destructive/20 dark:aria-invalid:ring-destructive/40 aria-invalid:border-destructive bg-primary text-primary-foreground shadow-xs hover:bg-primary/80 focus-visible:ring-primary/20 hover:ring h-9 px-2 py-2 has-[&gt;svg]:px-3 cursor-pointer md:px-3\" type=\"submit\">...</button> is not clickable at point (953, 609). Other element would receive the click: <div data-state=\"open\" data-slot=\"sheet-overlay\" class=\"data-[state=open]:animate-in data-[state=closed]:animate-out data-[state=closed]:fade-out-0 data-[state=open]:fade-in-0 fixed inset-0 z-50 bg-black/50\" data-aria-hidden=\"true\" aria-hidden=\"true\" style=\"pointer-events: auto;\"></div>\n  (Session info: chrome=139.0.7258.155)\nStacktrace:\n\tGetHandleVerifier [0x0x82a8a3+63283]\n\tGetHandleVerifier [0x0x82a8e4+63348]\n\t(No symbol) [0x0x663e43]\n\t(No symbol) [0x0x6b2c20]\n\t(No symbol) [0x0x6b0fda]\n\t(No symbol) [0x0x6aeb37]\n\t(No symbol) [0x0x6addf4]\n\t(No symbol) [0x0x6a25b5]\n\t(No symbol) [0x0x6d141c]\n\t(No symbol) [0x0x6a2044]\n\t(No symbol) [0x0x6d1694]\n\t(No symbol) [0x0x6f271a]\n\t(No symbol) [0x0x6d1216]\n\t(No symbol) [0x0x6a0855]\n\t(No symbol) [0x0x6a16f4]\n\tGetHandleVerifier [0x0xa9bb43+2623955]\n\tGetHandleVerifier [0x0xa96daa+2604090]\n\tGetHandleVerifier [0x0x85069a+218410]\n\tGetHandleVerifier [0x0x840ed8+154984]\n\tGetHandleVerifier [0x0x84742d+180925]\n\tGetHandleVerifier [0x0x8322b8+94536]\n\tGetHandleVerifier [0x0x832442+94930]\n\tGetHandleVerifier [0x0x81d5ea+9338]\n\tBaseThreadInitThunk [0x0x76b9fcc9+25]\n\tRtlGetAppContainerNamedObjectPath [0x0x777582ae+286]\n\tRtlGetAppContainerNamedObjectPath [0x0x7775827e+238]","time":{"start":1756995334282,"stop":1756995349460,"duration":15178}},{"uid":"2ee73c216015189d","status":"broken","statusDetails":"selenium.common.exceptions.TimeoutException: Message: \nStacktrace:\n\tGetHandleVerifier [0x0x82a8a3+63283]\n\tGetHandleVerifier [0x0x82a8e4+63348]\n\t(No symbol) [0x0x663e43]\n\t(No symbol) [0x0x6ac8de]\n\t(No symbol) [0x0x6acc7b]\n\t(No symbol) [0x0x6f4ef2]\n\t(No symbol) [0x0x6d1464]\n\t(No symbol) [0x0x6f271a]\n\t(No symbol) [0x0x6d1216]\n\t(No symbol) [0x0x6a0855]\n\t(No symbol) [0x0x6a16f4]\n\tGetHandleVerifier [0x0xa9bb43+2623955]\n\tGetHandleVerifier [0x0xa96daa+2604090]\n\tGetHandleVerifier [0x0x85069a+218410]\n\tGetHandleVerifier [0x0x840ed8+154984]\n\tGetHandleVerifier [0x0x84742d+180925]\n\tGetHandleVerifier [0x0x8322b8+94536]\n\tGetHandleVerifier [0x0x832442+94930]\n\tGetHandleVerifier [0x0x81d5ea+9338]\n\tBaseThreadInitThunk [0x0x76b9fcc9+25]\n\tRtlGetAppContainerNamedObjectPath [0x0x777582ae+286]\n\tRtlGetAppContainerNamedObjectPath [0x0x7775827e+238]","time":{"start":1756995181781,"stop":1756995203968,"duration":22187}},{"uid":"4e32e1e8bc9f73dc","status":"broken","statusDetails":"selenium.common.exceptions.NoSuchElementException: Message: Could not locate element with visible text: paid_till_next_due; For documentation on this error, please visit: https://www.selenium.dev/documentation/webdriver/troubleshooting/errors#no-such-element-exception","time":{"start":1756994814006,"stop":1756994837853,"duration":23847}},{"uid":"a3c2219d690f0f9e","status":"broken","statusDetails":"selenium.common.exceptions.ElementClickInterceptedException: Message: element click intercepted: Element <button data-slot=\"button\" class=\"inline-flex items-center justify-center gap-2 whitespace-nowrap text-sm font-medium transition-all disabled:pointer-events-none disabled:opacity-50 [&amp;_svg]:pointer-events-none [&amp;_svg:not([class*='size-'])]:size-4 shrink-0 [&amp;_svg]:shrink-0 outline-none focus-visible:border-ring focus-visible:ring-[1px] aria-invalid:ring-destructive/20 dark:aria-invalid:ring-destructive/40 aria-invalid:border-destructive bg-primary text-primary-foreground shadow-xs hover:bg-primary/80 focus-visible:ring-primary/20 hover:ring h-9 px-2 py-2 has-[&gt;svg]:px-3 cursor-pointer md:px-3\" type=\"submit\">...</button> is not clickable at point (953, 609). Other element would receive the click: <div data-state=\"open\" data-slot=\"sheet-overlay\" class=\"data-[state=open]:animate-in data-[state=closed]:animate-out data-[state=closed]:fade-out-0 data-[state=open]:fade-in-0 fixed inset-0 z-50 bg-black/50\" data-aria-hidden=\"true\" aria-hidden=\"true\" style=\"pointer-events: auto;\"></div>\n  (Session info: chrome=139.0.7258.155)\nStacktrace:\n\tGetHandleVerifier [0x0x82a8a3+63283]\n\tGetHandleVerifier [0x0x82a8e4+63348]\n\t(No symbol) [0x0x663e43]\n\t(No symbol) [0x0x6b2c20]\n\t(No symbol) [0x0x6b0fda]\n\t(No symbol) [0x0x6aeb37]\n\t(No symbol) [0x0x6addf4]\n\t(No symbol) [0x0x6a25b5]\n\t(No symbol) [0x0x6d141c]\n\t(No symbol) [0x0x6a2044]\n\t(No symbol) [0x0x6d1694]\n\t(No symbol) [0x0x6f271a]\n\t(No symbol) [0x0x6d1216]\n\t(No symbol) [0x0x6a0855]\n\t(No symbol) [0x0x6a16f4]\n\tGetHandleVerifier [0x0xa9bb43+2623955]\n\tGetHandleVerifier [0x0xa96daa+2604090]\n\tGetHandleVerifier [0x0x85069a+218410]\n\tGetHandleVerifier [0x0x840ed8+154984]\n\tGetHandleVerifier [0x0x84742d+180925]\n\tGetHandleVerifier [0x0x8322b8+94536]\n\tGetHandleVerifier [0x0x832442+94930]\n\tGetHandleVerifier [0x0x81d5ea+9338]\n\tBaseThreadInitThunk [0x0x76b9fcc9+25]\n\tRtlGetAppContainerNamedObjectPath [0x0x777582ae+286]\n\tRtlGetAppContainerNamedObjectPath [0x0x7775827e+238]","time":{"start":1756994408571,"stop":1756994425245,"duration":16674}},{"uid":"fe2fea7515ac6717","status":"broken","statusDetails":"selenium.common.exceptions.ElementClickInterceptedException: Message: element click intercepted: Element <button data-slot=\"button\" class=\"inline-flex items-center justify-center gap-2 whitespace-nowrap text-sm font-medium transition-all disabled:pointer-events-none disabled:opacity-50 [&amp;_svg]:pointer-events-none [&amp;_svg:not([class*='size-'])]:size-4 shrink-0 [&amp;_svg]:shrink-0 outline-none focus-visible:border-ring focus-visible:ring-[1px] aria-invalid:ring-destructive/20 dark:aria-invalid:ring-destructive/40 aria-invalid:border-destructive bg-primary text-primary-foreground shadow-xs hover:bg-primary/80 focus-visible:ring-primary/20 hover:ring h-9 px-2 py-2 has-[&gt;svg]:px-3 cursor-pointer md:px-3\" type=\"submit\">...</button> is not clickable at point (953, 609). Other element would receive the click: <div data-state=\"open\" data-slot=\"sheet-overlay\" class=\"data-[state=open]:animate-in data-[state=closed]:animate-out data-[state=closed]:fade-out-0 data-[state=open]:fade-in-0 fixed inset-0 z-50 bg-black/50\" data-aria-hidden=\"true\" aria-hidden=\"true\" style=\"pointer-events: auto;\"></div>\n  (Session info: chrome=139.0.7258.155)\nStacktrace:\n\tGetHandleVerifier [0x0x82a8a3+63283]\n\tGetHandleVerifier [0x0x82a8e4+63348]\n\t(No symbol) [0x0x663e43]\n\t(No symbol) [0x0x6b2c20]\n\t(No symbol) [0x0x6b0fda]\n\t(No symbol) [0x0x6aeb37]\n\t(No symbol) [0x0x6addf4]\n\t(No symbol) [0x0x6a25b5]\n\t(No symbol) [0x0x6d141c]\n\t(No symbol) [0x0x6a2044]\n\t(No symbol) [0x0x6d1694]\n\t(No symbol) [0x0x6f271a]\n\t(No symbol) [0x0x6d1216]\n\t(No symbol) [0x0x6a0855]\n\t(No symbol) [0x0x6a16f4]\n\tGetHandleVerifier [0x0xa9bb43+2623955]\n\tGetHandleVerifier [0x0xa96daa+2604090]\n\tGetHandleVerifier [0x0x85069a+218410]\n\tGetHandleVerifier [0x0x840ed8+154984]\n\tGetHandleVerifier [0x0x84742d+180925]\n\tGetHandleVerifier [0x0x8322b8+94536]\n\tGetHandleVerifier [0x0x832442+94930]\n\tGetHandleVerifier [0x0x81d5ea+9338]\n\tBaseThreadInitThunk [0x0x76b9fcc9+25]\n\tRtlGetAppContainerNamedObjectPath [0x0x777582ae+286]\n\tRtlGetAppContainerNamedObjectPath [0x0x7775827e+238]","time":{"start":1756994307624,"stop":1756994323908,"duration":16284}},{"uid":"e2568bce2db3ed55","status":"broken","statusDetails":"selenium.common.exceptions.ElementClickInterceptedException: Message: element click intercepted: Element <button data-slot=\"button\" class=\"inline-flex items-center justify-center gap-2 whitespace-nowrap text-sm font-medium transition-all disabled:pointer-events-none disabled:opacity-50 [&amp;_svg]:pointer-events-none [&amp;_svg:not([class*='size-'])]:size-4 shrink-0 [&amp;_svg]:shrink-0 outline-none focus-visible:border-ring focus-visible:ring-[1px] aria-invalid:ring-destructive/20 dark:aria-invalid:ring-destructive/40 aria-invalid:border-destructive bg-primary text-primary-foreground shadow-xs hover:bg-primary/80 focus-visible:ring-primary/20 hover:ring h-9 px-2 py-2 has-[&gt;svg]:px-3 cursor-pointer md:px-3\" type=\"submit\">...</button> is not clickable at point (953, 609). Other element would receive the click: <div data-state=\"open\" data-slot=\"sheet-overlay\" class=\"data-[state=open]:animate-in data-[state=closed]:animate-out data-[state=closed]:fade-out-0 data-[state=open]:fade-in-0 fixed inset-0 z-50 bg-black/50\" data-aria-hidden=\"true\" aria-hidden=\"true\" style=\"pointer-events: auto;\"></div>\n  (Session info: chrome=139.0.7258.155)\nStacktrace:\n\tGetHandleVerifier [0x0x82a8a3+63283]\n\tGetHandleVerifier [0x0x82a8e4+63348]\n\t(No symbol) [0x0x663e43]\n\t(No symbol) [0x0x6b2c20]\n\t(No symbol) [0x0x6b0fda]\n\t(No symbol) [0x0x6aeb37]\n\t(No symbol) [0x0x6addf4]\n\t(No symbol) [0x0x6a25b5]\n\t(No symbol) [0x0x6d141c]\n\t(No symbol) [0x0x6a2044]\n\t(No symbol) [0x0x6d1694]\n\t(No symbol) [0x0x6f271a]\n\t(No symbol) [0x0x6d1216]\n\t(No symbol) [0x0x6a0855]\n\t(No symbol) [0x0x6a16f4]\n\tGetHandleVerifier [0x0xa9bb43+2623955]\n\tGetHandleVerifier [0x0xa96daa+2604090]\n\tGetHandleVerifier [0x0x85069a+218410]\n\tGetHandleVerifier [0x0x840ed8+154984]\n\tGetHandleVerifier [0x0x84742d+180925]\n\tGetHandleVerifier [0x0x8322b8+94536]\n\tGetHandleVerifier [0x0x832442+94930]\n\tGetHandleVerifier [0x0x81d5ea+9338]\n\tBaseThreadInitThunk [0x0x76b9fcc9+25]\n\tRtlGetAppContainerNamedObjectPath [0x0x777582ae+286]\n\tRtlGetAppContainerNamedObjectPath [0x0x7775827e+238]","time":{"start":1756986314840,"stop":1756986327569,"duration":12729}},{"uid":"786440f07166e9f1","status":"broken","statusDetails":"selenium.common.exceptions.ElementClickInterceptedException: Message: element click intercepted: Element <button data-slot=\"button\" class=\"inline-flex items-center justify-center gap-2 whitespace-nowrap text-sm font-medium transition-all disabled:pointer-events-none disabled:opacity-50 [&amp;_svg]:pointer-events-none [&amp;_svg:not([class*='size-'])]:size-4 shrink-0 [&amp;_svg]:shrink-0 outline-none focus-visible:border-ring focus-visible:ring-[1px] aria-invalid:ring-destructive/20 dark:aria-invalid:ring-destructive/40 aria-invalid:border-destructive bg-primary text-primary-foreground shadow-xs hover:bg-primary/80 focus-visible:ring-primary/20 hover:ring h-9 px-2 py-2 has-[&gt;svg]:px-3 cursor-pointer md:px-3\" type=\"submit\">...</button> is not clickable at point (953, 609). Other element would receive the click: <div data-state=\"open\" data-slot=\"sheet-overlay\" class=\"data-[state=open]:animate-in data-[state=closed]:animate-out data-[state=closed]:fade-out-0 data-[state=open]:fade-in-0 fixed inset-0 z-50 bg-black/50\" data-aria-hidden=\"true\" aria-hidden=\"true\" style=\"pointer-events: auto;\"></div>\n  (Session info: chrome=139.0.7258.155)\nStacktrace:\n\tGetHandleVerifier [0x0x82a8a3+63283]\n\tGetHandleVerifier [0x0x82a8e4+63348]\n\t(No symbol) [0x0x663e43]\n\t(No symbol) [0x0x6b2c20]\n\t(No symbol) [0x0x6b0fda]\n\t(No symbol) [0x0x6aeb37]\n\t(No symbol) [0x0x6addf4]\n\t(No symbol) [0x0x6a25b5]\n\t(No symbol) [0x0x6d141c]\n\t(No symbol) [0x0x6a2044]\n\t(No symbol) [0x0x6d1694]\n\t(No symbol) [0x0x6f271a]\n\t(No symbol) [0x0x6d1216]\n\t(No symbol) [0x0x6a0855]\n\t(No symbol) [0x0x6a16f4]\n\tGetHandleVerifier [0x0xa9bb43+2623955]\n\tGetHandleVerifier [0x0xa96daa+2604090]\n\tGetHandleVerifier [0x0x85069a+218410]\n\tGetHandleVerifier [0x0x840ed8+154984]\n\tGetHandleVerifier [0x0x84742d+180925]\n\tGetHandleVerifier [0x0x8322b8+94536]\n\tGetHandleVerifier [0x0x832442+94930]\n\tGetHandleVerifier [0x0x81d5ea+9338]\n\tBaseThreadInitThunk [0x0x76b9fcc9+25]\n\tRtlGetAppContainerNamedObjectPath [0x0x777582ae+286]\n\tRtlGetAppContainerNamedObjectPath [0x0x7775827e+238]","time":{"start":1756985865937,"stop":1756985886420,"duration":20483}},{"uid":"e683ebb798a87831","status":"broken","statusDetails":"selenium.common.exceptions.ElementClickInterceptedException: Message: element click intercepted: Element <button data-slot=\"dropdown-menu-trigger\" class=\"inline-flex items-center justify-center gap-2 whitespace-nowrap text-sm font-medium transition-all disabled:pointer-events-none disabled:opacity-50 [&amp;_svg]:pointer-events-none [&amp;_svg:not([class*='size-'])]:size-4 shrink-0 [&amp;_svg]:shrink-0 outline-none focus-visible:border-ring focus-visible:ring-[1px] aria-invalid:ring-destructive/20 dark:aria-invalid:ring-destructive/40 aria-invalid:border-destructive hover:ring border border-primary text-primary hover:bg-primary hover:text-white h-9 px-2 py-2 has-[&gt;svg]:px-3 cursor-pointer md:px-3\" type=\"button\" id=\"radix-_r_d4_\" aria-haspopup=\"menu\" aria-expanded=\"false\" data-state=\"closed\">...</button> is not clickable at point (957, 375). Other element would receive the click: <button type=\"button\" role=\"combobox\" aria-controls=\"radix-_r_e7_\" aria-expanded=\"false\" aria-autocomplete=\"none\" dir=\"ltr\" data-state=\"closed\" data-placeholder=\"\" data-slot=\"select-trigger\" data-size=\"default\" class=\"border-input data-[placeholder]:text-muted-foreground [&amp;_svg:not([class*='text-'])]:text-muted-foreground focus-visible:border-ring focus-visible:ring-ring/50 aria-invalid:ring-destructive/20 dark:aria-invalid:ring-destructive/40 aria-invalid:border-destructive dark:bg-input/30 dark:hover:bg-input/50 flex items-center justify-between gap-2 rounded-md border px-3 py-2 text-sm whitespace-nowrap shadow-xs transition-[color,box-shadow] outline-none focus-visible:ring-[3px] disabled:cursor-not-allowed disabled:opacity-50 data-[size=default]:h-9 data-[size=sm]:h-8 *:data-[slot=select-value]:line-clamp-1 *:data-[slot=select-value]:flex *:data-[slot=select-value]:items-center *:data-[slot=select-value]:gap-2 [&amp;_svg]:pointer-events-none [&amp;_svg]:shrink-0 [&amp;_svg:not([class*='size-'])]:size-4 w-full bg-white cursor-pointer\">...</button>\n  (Session info: chrome=139.0.7258.155)\nStacktrace:\n\tGetHandleVerifier [0x0x82a8a3+63283]\n\tGetHandleVerifier [0x0x82a8e4+63348]\n\t(No symbol) [0x0x663e43]\n\t(No symbol) [0x0x6b2c20]\n\t(No symbol) [0x0x6b0fda]\n\t(No symbol) [0x0x6aeb37]\n\t(No symbol) [0x0x6addf4]\n\t(No symbol) [0x0x6a25b5]\n\t(No symbol) [0x0x6d141c]\n\t(No symbol) [0x0x6a2044]\n\t(No symbol) [0x0x6d1694]\n\t(No symbol) [0x0x6f271a]\n\t(No symbol) [0x0x6d1216]\n\t(No symbol) [0x0x6a0855]\n\t(No symbol) [0x0x6a16f4]\n\tGetHandleVerifier [0x0xa9bb43+2623955]\n\tGetHandleVerifier [0x0xa96daa+2604090]\n\tGetHandleVerifier [0x0x85069a+218410]\n\tGetHandleVerifier [0x0x840ed8+154984]\n\tGetHandleVerifier [0x0x84742d+180925]\n\tGetHandleVerifier [0x0x8322b8+94536]\n\tGetHandleVerifier [0x0x832442+94930]\n\tGetHandleVerifier [0x0x81d5ea+9338]\n\tBaseThreadInitThunk [0x0x76b9fcc9+25]\n\tRtlGetAppContainerNamedObjectPath [0x0x777582ae+286]\n\tRtlGetAppContainerNamedObjectPath [0x0x7775827e+238]","time":{"start":1756985722058,"stop":1756985736314,"duration":14256}},{"uid":"c21ffc8e435d30cb","status":"broken","statusDetails":"selenium.common.exceptions.ElementClickInterceptedException: Message: element click intercepted: Element <button data-slot=\"dropdown-menu-trigger\" class=\"inline-flex items-center justify-center gap-2 whitespace-nowrap text-sm font-medium transition-all disabled:pointer-events-none disabled:opacity-50 [&amp;_svg]:pointer-events-none [&amp;_svg:not([class*='size-'])]:size-4 shrink-0 [&amp;_svg]:shrink-0 outline-none focus-visible:border-ring focus-visible:ring-[1px] aria-invalid:ring-destructive/20 dark:aria-invalid:ring-destructive/40 aria-invalid:border-destructive hover:ring border border-primary text-primary hover:bg-primary hover:text-white h-9 px-2 py-2 has-[&gt;svg]:px-3 cursor-pointer md:px-3\" type=\"button\" id=\"radix-_r_d4_\" aria-haspopup=\"menu\" aria-expanded=\"false\" data-state=\"closed\">...</button> is not clickable at point (957, 375). Other element would receive the click: <button type=\"button\" role=\"combobox\" aria-controls=\"radix-_r_e7_\" aria-expanded=\"false\" aria-autocomplete=\"none\" dir=\"ltr\" data-state=\"closed\" data-placeholder=\"\" data-slot=\"select-trigger\" data-size=\"default\" class=\"border-input data-[placeholder]:text-muted-foreground [&amp;_svg:not([class*='text-'])]:text-muted-foreground focus-visible:border-ring focus-visible:ring-ring/50 aria-invalid:ring-destructive/20 dark:aria-invalid:ring-destructive/40 aria-invalid:border-destructive dark:bg-input/30 dark:hover:bg-input/50 flex items-center justify-between gap-2 rounded-md border px-3 py-2 text-sm whitespace-nowrap shadow-xs transition-[color,box-shadow] outline-none focus-visible:ring-[3px] disabled:cursor-not-allowed disabled:opacity-50 data-[size=default]:h-9 data-[size=sm]:h-8 *:data-[slot=select-value]:line-clamp-1 *:data-[slot=select-value]:flex *:data-[slot=select-value]:items-center *:data-[slot=select-value]:gap-2 [&amp;_svg]:pointer-events-none [&amp;_svg]:shrink-0 [&amp;_svg:not([class*='size-'])]:size-4 w-full bg-white cursor-pointer\">...</button>\n  (Session info: chrome=139.0.7258.155)\nStacktrace:\n\tGetHandleVerifier [0x0x82a8a3+63283]\n\tGetHandleVerifier [0x0x82a8e4+63348]\n\t(No symbol) [0x0x663e43]\n\t(No symbol) [0x0x6b2c20]\n\t(No symbol) [0x0x6b0fda]\n\t(No symbol) [0x0x6aeb37]\n\t(No symbol) [0x0x6addf4]\n\t(No symbol) [0x0x6a25b5]\n\t(No symbol) [0x0x6d141c]\n\t(No symbol) [0x0x6a2044]\n\t(No symbol) [0x0x6d1694]\n\t(No symbol) [0x0x6f271a]\n\t(No symbol) [0x0x6d1216]\n\t(No symbol) [0x0x6a0855]\n\t(No symbol) [0x0x6a16f4]\n\tGetHandleVerifier [0x0xa9bb43+2623955]\n\tGetHandleVerifier [0x0xa96daa+2604090]\n\tGetHandleVerifier [0x0x85069a+218410]\n\tGetHandleVerifier [0x0x840ed8+154984]\n\tGetHandleVerifier [0x0x84742d+180925]\n\tGetHandleVerifier [0x0x8322b8+94536]\n\tGetHandleVerifier [0x0x832442+94930]\n\tGetHandleVerifier [0x0x81d5ea+9338]\n\tBaseThreadInitThunk [0x0x76b9fcc9+25]\n\tRtlGetAppContainerNamedObjectPath [0x0x777582ae+286]\n\tRtlGetAppContainerNamedObjectPath [0x0x7775827e+238]","time":{"start":1756985567916,"stop":1756985578833,"duration":10917}},{"uid":"361e0780e3bdc4e0","status":"broken","statusDetails":"selenium.common.exceptions.ElementClickInterceptedException: Message: element click intercepted: Element <button data-slot=\"dropdown-menu-trigger\" class=\"inline-flex items-center justify-center gap-2 whitespace-nowrap text-sm font-medium transition-all disabled:pointer-events-none disabled:opacity-50 [&amp;_svg]:pointer-events-none [&amp;_svg:not([class*='size-'])]:size-4 shrink-0 [&amp;_svg]:shrink-0 outline-none focus-visible:border-ring focus-visible:ring-[1px] aria-invalid:ring-destructive/20 dark:aria-invalid:ring-destructive/40 aria-invalid:border-destructive hover:ring border border-primary text-primary hover:bg-primary hover:text-white h-9 px-2 py-2 has-[&gt;svg]:px-3 cursor-pointer md:px-3\" type=\"button\" id=\"radix-_r_d7_\" aria-haspopup=\"menu\" aria-expanded=\"false\" data-state=\"closed\">...</button> is not clickable at point (957, 375). Other element would receive the click: <button type=\"button\" role=\"combobox\" aria-controls=\"radix-_r_ea_\" aria-expanded=\"false\" aria-autocomplete=\"none\" dir=\"ltr\" data-state=\"closed\" data-placeholder=\"\" data-slot=\"select-trigger\" data-size=\"default\" class=\"border-input data-[placeholder]:text-muted-foreground [&amp;_svg:not([class*='text-'])]:text-muted-foreground focus-visible:border-ring focus-visible:ring-ring/50 aria-invalid:ring-destructive/20 dark:aria-invalid:ring-destructive/40 aria-invalid:border-destructive dark:bg-input/30 dark:hover:bg-input/50 flex items-center justify-between gap-2 rounded-md border px-3 py-2 text-sm whitespace-nowrap shadow-xs transition-[color,box-shadow] outline-none focus-visible:ring-[3px] disabled:cursor-not-allowed disabled:opacity-50 data-[size=default]:h-9 data-[size=sm]:h-8 *:data-[slot=select-value]:line-clamp-1 *:data-[slot=select-value]:flex *:data-[slot=select-value]:items-center *:data-[slot=select-value]:gap-2 [&amp;_svg]:pointer-events-none [&amp;_svg]:shrink-0 [&amp;_svg:not([class*='size-'])]:size-4 w-full bg-white cursor-pointer\">...</button>\n  (Session info: chrome=139.0.7258.155)\nStacktrace:\n\tGetHandleVerifier [0x0x82a8a3+63283]\n\tGetHandleVerifier [0x0x82a8e4+63348]\n\t(No symbol) [0x0x663e43]\n\t(No symbol) [0x0x6b2c20]\n\t(No symbol) [0x0x6b0fda]\n\t(No symbol) [0x0x6aeb37]\n\t(No symbol) [0x0x6addf4]\n\t(No symbol) [0x0x6a25b5]\n\t(No symbol) [0x0x6d141c]\n\t(No symbol) [0x0x6a2044]\n\t(No symbol) [0x0x6d1694]\n\t(No symbol) [0x0x6f271a]\n\t(No symbol) [0x0x6d1216]\n\t(No symbol) [0x0x6a0855]\n\t(No symbol) [0x0x6a16f4]\n\tGetHandleVerifier [0x0xa9bb43+2623955]\n\tGetHandleVerifier [0x0xa96daa+2604090]\n\tGetHandleVerifier [0x0x85069a+218410]\n\tGetHandleVerifier [0x0x840ed8+154984]\n\tGetHandleVerifier [0x0x84742d+180925]\n\tGetHandleVerifier [0x0x8322b8+94536]\n\tGetHandleVerifier [0x0x832442+94930]\n\tGetHandleVerifier [0x0x81d5ea+9338]\n\tBaseThreadInitThunk [0x0x76b9fcc9+25]\n\tRtlGetAppContainerNamedObjectPath [0x0x777582ae+286]\n\tRtlGetAppContainerNamedObjectPath [0x0x7775827e+238]","time":{"start":1756985446762,"stop":1756985457498,"duration":10736}},{"uid":"ba5d794fcc631951","status":"broken","statusDetails":"selenium.common.exceptions.TimeoutException: Message:","time":{"start":1756982228702,"stop":1756982270759,"duration":42057}},{"uid":"2216a73d7cc3bc46","status":"broken","statusDetails":"selenium.common.exceptions.ElementClickInterceptedException: Message: element click intercepted: Element <div class=\"break-all font-medium flex gap-0.5 items-center\">...</div> is not clickable at point (391, 606). Other element would receive the click: <div data-state=\"open\" data-slot=\"sheet-overlay\" class=\"data-[state=open]:animate-in data-[state=closed]:animate-out data-[state=closed]:fade-out-0 data-[state=open]:fade-in-0 fixed inset-0 z-50 bg-black/50\" data-aria-hidden=\"true\" aria-hidden=\"true\" style=\"pointer-events: auto;\"></div>\n  (Session info: chrome=139.0.7258.155)\nStacktrace:\n\tGetHandleVerifier [0x0x124a8a3+63283]\n\tGetHandleVerifier [0x0x124a8e4+63348]\n\t(No symbol) [0x0x1083e43]\n\t(No symbol) [0x0x10d2c20]\n\t(No symbol) [0x0x10d0fda]\n\t(No symbol) [0x0x10ceb37]\n\t(No symbol) [0x0x10cddf4]\n\t(No symbol) [0x0x10c25b5]\n\t(No symbol) [0x0x10f141c]\n\t(No symbol) [0x0x10c2044]\n\t(No symbol) [0x0x10f1694]\n\t(No symbol) [0x0x111271a]\n\t(No symbol) [0x0x10f1216]\n\t(No symbol) [0x0x10c0855]\n\t(No symbol) [0x0x10c16f4]\n\tGetHandleVerifier [0x0x14bbb43+2623955]\n\tGetHandleVerifier [0x0x14b6daa+2604090]\n\tGetHandleVerifier [0x0x127069a+218410]\n\tGetHandleVerifier [0x0x1260ed8+154984]\n\tGetHandleVerifier [0x0x126742d+180925]\n\tGetHandleVerifier [0x0x12522b8+94536]\n\tGetHandleVerifier [0x0x1252442+94930]\n\tGetHandleVerifier [0x0x123d5ea+9338]\n\tBaseThreadInitThunk [0x0x76b9fcc9+25]\n\tRtlGetAppContainerNamedObjectPath [0x0x777582ae+286]\n\tRtlGetAppContainerNamedObjectPath [0x0x7775827e+238]","time":{"start":1756982114643,"stop":1756982129886,"duration":15243}},{"uid":"9d8f443f524cdda6","status":"broken","statusDetails":"selenium.common.exceptions.ElementClickInterceptedException: Message: element click intercepted: Element <div class=\"break-all font-medium flex gap-0.5 items-center\">...</div> is not clickable at point (391, 606). Other element would receive the click: <div data-state=\"open\" data-slot=\"sheet-overlay\" class=\"data-[state=open]:animate-in data-[state=closed]:animate-out data-[state=closed]:fade-out-0 data-[state=open]:fade-in-0 fixed inset-0 z-50 bg-black/50\" data-aria-hidden=\"true\" aria-hidden=\"true\" style=\"pointer-events: auto;\"></div>\n  (Session info: chrome=139.0.7258.155)\nStacktrace:\n\tGetHandleVerifier [0x0x124a8a3+63283]\n\tGetHandleVerifier [0x0x124a8e4+63348]\n\t(No symbol) [0x0x1083e43]\n\t(No symbol) [0x0x10d2c20]\n\t(No symbol) [0x0x10d0fda]\n\t(No symbol) [0x0x10ceb37]\n\t(No symbol) [0x0x10cddf4]\n\t(No symbol) [0x0x10c25b5]\n\t(No symbol) [0x0x10f141c]\n\t(No symbol) [0x0x10c2044]\n\t(No symbol) [0x0x10f1694]\n\t(No symbol) [0x0x111271a]\n\t(No symbol) [0x0x10f1216]\n\t(No symbol) [0x0x10c0855]\n\t(No symbol) [0x0x10c16f4]\n\tGetHandleVerifier [0x0x14bbb43+2623955]\n\tGetHandleVerifier [0x0x14b6daa+2604090]\n\tGetHandleVerifier [0x0x127069a+218410]\n\tGetHandleVerifier [0x0x1260ed8+154984]\n\tGetHandleVerifier [0x0x126742d+180925]\n\tGetHandleVerifier [0x0x12522b8+94536]\n\tGetHandleVerifier [0x0x1252442+94930]\n\tGetHandleVerifier [0x0x123d5ea+9338]\n\tBaseThreadInitThunk [0x0x76b9fcc9+25]\n\tRtlGetAppContainerNamedObjectPath [0x0x777582ae+286]\n\tRtlGetAppContainerNamedObjectPath [0x0x7775827e+238]","time":{"start":1756981904665,"stop":1756981915016,"duration":10351}},{"uid":"d1fb64ede5cc2aca","status":"broken","statusDetails":"selenium.common.exceptions.TimeoutException: Message: \nStacktrace:\n\tGetHandleVerifier [0x0x124a8a3+63283]\n\tGetHandleVerifier [0x0x124a8e4+63348]\n\t(No symbol) [0x0x1083e43]\n\t(No symbol) [0x0x10cc8de]\n\t(No symbol) [0x0x10ccc7b]\n\t(No symbol) [0x0x1114ef2]\n\t(No symbol) [0x0x10f1464]\n\t(No symbol) [0x0x111271a]\n\t(No symbol) [0x0x10f1216]\n\t(No symbol) [0x0x10c0855]\n\t(No symbol) [0x0x10c16f4]\n\tGetHandleVerifier [0x0x14bbb43+2623955]\n\tGetHandleVerifier [0x0x14b6daa+2604090]\n\tGetHandleVerifier [0x0x127069a+218410]\n\tGetHandleVerifier [0x0x1260ed8+154984]\n\tGetHandleVerifier [0x0x126742d+180925]\n\tGetHandleVerifier [0x0x12522b8+94536]\n\tGetHandleVerifier [0x0x1252442+94930]\n\tGetHandleVerifier [0x0x123d5ea+9338]\n\tBaseThreadInitThunk [0x0x76b9fcc9+25]\n\tRtlGetAppContainerNamedObjectPath [0x0x777582ae+286]\n\tRtlGetAppContainerNamedObjectPath [0x0x7775827e+238]","time":{"start":1756981759453,"stop":1756981788524,"duration":29071}},{"uid":"98d64e33c3f3578b","status":"broken","statusDetails":"AttributeError: 'AssignAthletesToBatchPage' object has no attribute 'click_programs_tab'","time":{"start":1756981464643,"stop":1756981464644,"duration":1}},{"uid":"c259b4cdbbc785f2","status":"broken","statusDetails":"selenium.common.exceptions.InvalidSessionIdException: Message: invalid session id\nStacktrace:\n\tGetHandleVerifier [0x0x6ca8a3+63283]\n\tGetHandleVerifier [0x0x6ca8e4+63348]\n\t(No symbol) [0x0x503ca0]\n\t(No symbol) [0x0x53fb48]\n\t(No symbol) [0x0x5712d6]\n\t(No symbol) [0x0x56ceb5]\n\t(No symbol) [0x0x56c436]\n\t(No symbol) [0x0x4d5755]\n\t(No symbol) [0x0x4d5cae]\n\t(No symbol) [0x0x4d613d]\n\tGetHandleVerifier [0x0x93bb43+2623955]\n\tGetHandleVerifier [0x0x936daa+2604090]\n\tGetHandleVerifier [0x0x6f069a+218410]\n\tGetHandleVerifier [0x0x6e0ed8+154984]\n\tGetHandleVerifier [0x0x6e742d+180925]\n\t(No symbol) [0x0x4d5420]\n\t(No symbol) [0x0x4d4c36]\n\tGetHandleVerifier [0x0xa768fc+3913612]\n\tBaseThreadInitThunk [0x0x761afcc9+25]\n\tRtlGetAppContainerNamedObjectPath [0x0x778c82ae+286]\n\tRtlGetAppContainerNamedObjectPath [0x0x778c827e+238]","time":{"start":1756572585251,"stop":1756572585255,"duration":4}}],"categories":[],"tags":[]},"source":"8a05eb223e591e6d.json","parameterValues":[]}