{"uid":"95f2e04cd465898e","name":"test_assign_athlete_to_batch","fullName":"tests.test_assign_athletes_to_batch#test_assign_athlete_to_batch","historyId":"8cdaf8c00d5fe48c7671c2d70ef56fcd","time":{"start":1756998262247,"stop":1756998326087,"duration":63840},"status":"failed","statusMessage":"AssertionError: Expected success message not found. Got: \nassert 'athlete added to batch successfully' in ''\n +  where '' = <built-in method lower of str object at 0x00007FFAAFB4C6E0>()\n +    where <built-in method lower of str object at 0x00007FFAAFB4C6E0> = ''.lower","statusTrace":"driver = <selenium.webdriver.chrome.webdriver.WebDriver (session=\"e3e62a3ff1c3a53d9667897dd44a5489\")>\n\n    @pytest.mark.usefixtures(\"driver\")\n    def test_assign_athlete_to_batch(driver):\n        page = AssignAthletesToBatchPage(driver)\n        # Step 1: Click on Programs tab\n        page.click_program_tab()\n        page.select_and_click_program_name(program_data[\"title\"])\n        page.click_actions_dropdown()\n        page.click_athlete_onboard()\n        # Step 3: Click on Search Athlete button\n        page.click_search_button()\n        # Step 4: Search and select athlete by name\n        page.search_and_select_athlete(\"John\")\n        page.select_payment_status_via_keys()\n        # Step 5 & 6: Select payment status \"Fully Paid\"\n        # page.click_drop_down_button()\n        # page.select_payment_status(\"paid_till_next_due\")\n        # page.select_payment()\n        # Step 7: Click on Add Athlete submit\n        page.click_add_athlete_submit()\n        # Step 8: Verify success message with retry wait\n        success_message = page.get_success_message_text()\n        print(f\"[INFO] Success message: {success_message}\")\n>       assert \"athlete added to batch successfully\" in success_message.lower(), \\\n            f\"Expected success message not found. Got: {success_message}\"\nE       AssertionError: Expected success message not found. Got: \nE       assert 'athlete added to batch successfully' in ''\nE        +  where '' = <built-in method lower of str object at 0x00007FFAAFB4C6E0>()\nE        +    where <built-in method lower of str object at 0x00007FFAAFB4C6E0> = ''.lower\n\ntests\\test_assign_athletes_to_batch.py:32: AssertionError","flaky":false,"newFailed":false,"newBroken":false,"newPassed":false,"retriesCount":0,"retriesStatusChange":false,"beforeStages":[{"name":"driver","time":{"start":1756998239286,"stop":1756998244328,"duration":5042},"status":"passed","steps":[],"attachments":[],"parameters":[],"hasContent":false,"attachmentStep":false,"stepsCount":0,"shouldDisplayMessage":false,"attachmentsCount":0}],"testStage":{"status":"failed","statusMessage":"AssertionError: Expected success message not found. Got: \nassert 'athlete added to batch successfully' in ''\n +  where '' = <built-in method lower of str object at 0x00007FFAAFB4C6E0>()\n +    where <built-in method lower of str object at 0x00007FFAAFB4C6E0> = ''.lower","statusTrace":"driver = <selenium.webdriver.chrome.webdriver.WebDriver (session=\"e3e62a3ff1c3a53d9667897dd44a5489\")>\n\n    @pytest.mark.usefixtures(\"driver\")\n    def test_assign_athlete_to_batch(driver):\n        page = AssignAthletesToBatchPage(driver)\n        # Step 1: Click on Programs tab\n        page.click_program_tab()\n        page.select_and_click_program_name(program_data[\"title\"])\n        page.click_actions_dropdown()\n        page.click_athlete_onboard()\n        # Step 3: Click on Search Athlete button\n        page.click_search_button()\n        # Step 4: Search and select athlete by name\n        page.search_and_select_athlete(\"John\")\n        page.select_payment_status_via_keys()\n        # Step 5 & 6: Select payment status \"Fully Paid\"\n        # page.click_drop_down_button()\n        # page.select_payment_status(\"paid_till_next_due\")\n        # page.select_payment()\n        # Step 7: Click on Add Athlete submit\n        page.click_add_athlete_submit()\n        # Step 8: Verify success message with retry wait\n        success_message = page.get_success_message_text()\n        print(f\"[INFO] Success message: {success_message}\")\n>       assert \"athlete added to batch successfully\" in success_message.lower(), \\\n            f\"Expected success message not found. Got: {success_message}\"\nE       AssertionError: Expected success message not found. Got: \nE       assert 'athlete added to batch successfully' in ''\nE        +  where '' = <built-in method lower of str object at 0x00007FFAAFB4C6E0>()\nE        +    where <built-in method lower of str object at 0x00007FFAAFB4C6E0> = ''.lower\n\ntests\\test_assign_athletes_to_batch.py:32: AssertionError","steps":[],"attachments":[{"uid":"49a3c940a429835b","name":"log","source":"49a3c940a429835b.txt","type":"text/plain","size":3935},{"uid":"c6288923e35074f1","name":"stdout","source":"c6288923e35074f1.txt","type":"text/plain","size":279}],"parameters":[],"hasContent":true,"attachmentStep":false,"stepsCount":0,"shouldDisplayMessage":true,"attachmentsCount":2},"afterStages":[{"name":"driver::0","time":{"start":1756998326462,"stop":1756998342727,"duration":16265},"status":"passed","steps":[],"attachments":[],"parameters":[],"hasContent":false,"attachmentStep":false,"stepsCount":0,"shouldDisplayMessage":false,"attachmentsCount":0}],"labels":[{"name":"parentSuite","value":"tests"},{"name":"suite","value":"test_assign_athletes_to_batch"},{"name":"host","value":"OTSI-Lap80"},{"name":"thread","value":"52704-MainThread"},{"name":"framework","value":"pytest"},{"name":"language","value":"cpython3"},{"name":"package","value":"tests.test_assign_athletes_to_batch"},{"name":"resultFormat","value":"allure2"}],"parameters":[],"links":[],"hidden":true,"retry":true,"extra":{"categories":[],"tags":[]},"source":"95f2e04cd465898e.json","parameterValues":[]}