{"uid":"9bce7498d5f61fec","name":"test_logo_upload_field_validations","fullName":"tests.test_academy_registration#test_logo_upload_field_validations","historyId":"b6f3a75aebdeb8db6ba84ed79f3fac2a","time":{"start":1757253130236,"stop":1757253141251,"duration":11015},"status":"broken","statusMessage":"selenium.common.exceptions.NoSuchElementException: Message: no such element: Unable to locate element: {\"method\":\"xpath\",\"selector\":\"//label[contains(., 'Upload Logo')]/input[@type='file']\"}\n  (Session info: chrome=139.0.7258.155); For documentation on this error, please visit: https://www.selenium.dev/documentation/webdriver/troubleshooting/errors#no-such-element-exception\nStacktrace:\n\tGetHandleVerifier [0x0x90a8a3+63283]\n\tGetHandleVerifier [0x0x90a8e4+63348]\n\t(No symbol) [0x0x743e43]\n\t(No symbol) [0x0x78c8de]\n\t(No symbol) [0x0x78cc7b]\n\t(No symbol) [0x0x7d4ef2]\n\t(No symbol) [0x0x7b1464]\n\t(No symbol) [0x0x7d271a]\n\t(No symbol) [0x0x7b1216]\n\t(No symbol) [0x0x780855]\n\t(No symbol) [0x0x7816f4]\n\tGetHandleVerifier [0x0xb7bb43+2623955]\n\tGetHandleVerifier [0x0xb76daa+2604090]\n\tGetHandleVerifier [0x0x93069a+218410]\n\tGetHandleVerifier [0x0x920ed8+154984]\n\tGetHandleVerifier [0x0x92742d+180925]\n\tGetHandleVerifier [0x0x9122b8+94536]\n\tGetHandleVerifier [0x0x912442+94930]\n\tGetHandleVerifier [0x0x8fd5ea+9338]\n\tBaseThreadInitThunk [0x0x76b9fcc9+25]\n\tRtlGetAppContainerNamedObjectPath [0x0x777582ae+286]\n\tRtlGetAppContainerNamedObjectPath [0x0x7775827e+238]","statusTrace":"driver = <selenium.webdriver.chrome.webdriver.WebDriver (session=\"5b7832b3a2ff865a61937b32c18d1fb8\")>\n\n    @pytest.mark.usefixtures(\"driver\")\n    def test_logo_upload_field_validations(driver):\n            academypage = RegisterAcademyPage(driver)\n            time.sleep(1)\n            #trying to upload more than 5 mb\n>           academypage.upload_logo(\"C:/Users/vamshi.namile/Desktop/Test data Upload/File size greater 5/largefile.gif\")  # File larger than 5MB\n            ^^^^^^^^^^^^^^^^^^^^^^^^^^^^^^^^^^^^^^^^^^^^^^^^^^^^^^^^^^^^^^^^^^^^^^^^^^^^^^^^^^^^^^^^^^^^^^^^^^^^^^^^^^^^\n\ntests\\test_academy_registration.py:137: \n_ _ _ _ _ _ _ _ _ _ _ _ _ _ _ _ _ _ _ _ _ _ _ _ _ _ _ _ _ _ _ _ _ _ _ _ _ _ _ _ _ _ _ _ _ _ _ _ _ _ _ _ _ _ _ _ _ _ _ _ _ _ _ _ \npages\\academy_registration_page.py:141: in upload_logo\n    upload_logo_input = self.driver.find_element(*self.logo_upload)\n                        ^^^^^^^^^^^^^^^^^^^^^^^^^^^^^^^^^^^^^^^^^^^\nvenv\\Lib\\site-packages\\selenium\\webdriver\\remote\\webdriver.py:914: in find_element\n    return self.execute(Command.FIND_ELEMENT, {\"using\": by, \"value\": value})[\"value\"]\n           ^^^^^^^^^^^^^^^^^^^^^^^^^^^^^^^^^^^^^^^^^^^^^^^^^^^^^^^^^^^^^^^^^\nvenv\\Lib\\site-packages\\selenium\\webdriver\\remote\\webdriver.py:447: in execute\n    self.error_handler.check_response(response)\n_ _ _ _ _ _ _ _ _ _ _ _ _ _ _ _ _ _ _ _ _ _ _ _ _ _ _ _ _ _ _ _ _ _ _ _ _ _ _ _ _ _ _ _ _ _ _ _ _ _ _ _ _ _ _ _ _ _ _ _ _ _ _ _ \n\nself = <selenium.webdriver.remote.errorhandler.ErrorHandler object at 0x0000021D0F4E45D0>\nresponse = {'status': 404, 'value': '{\"value\":{\"error\":\"no such element\",\"message\":\"no such element: Unable to locate element: {\\...tRtlGetAppContainerNamedObjectPath [0x0x777582ae+286]\\\\n\\\\tRtlGetAppContainerNamedObjectPath [0x0x7775827e+238]\\\\n\"}}'}\n\n    def check_response(self, response: Dict[str, Any]) -> None:\n        \"\"\"Checks that a JSON response from the WebDriver does not have an\n        error.\n    \n        :Args:\n         - response - The JSON response from the WebDriver server as a dictionary\n           object.\n    \n        :Raises: If the response contains an error message.\n        \"\"\"\n        status = response.get(\"status\", None)\n        if not status or status == ErrorCode.SUCCESS:\n            return\n        value = None\n        message = response.get(\"message\", \"\")\n        screen: str = response.get(\"screen\", \"\")\n        stacktrace = None\n        if isinstance(status, int):\n            value_json = response.get(\"value\", None)\n            if value_json and isinstance(value_json, str):\n                import json\n    \n                try:\n                    value = json.loads(value_json)\n                    if len(value) == 1:\n                        value = value[\"value\"]\n                    status = value.get(\"error\", None)\n                    if not status:\n                        status = value.get(\"status\", ErrorCode.UNKNOWN_ERROR)\n                        message = value.get(\"value\") or value.get(\"message\")\n                        if not isinstance(message, str):\n                            value = message\n                            message = message.get(\"message\")\n                    else:\n                        message = value.get(\"message\", None)\n                except ValueError:\n                    pass\n    \n        exception_class: Type[WebDriverException]\n        e = ErrorCode()\n        error_codes = [item for item in dir(e) if not item.startswith(\"__\")]\n        for error_code in error_codes:\n            error_info = getattr(ErrorCode, error_code)\n            if isinstance(error_info, list) and status in error_info:\n                exception_class = getattr(ExceptionMapping, error_code, WebDriverException)\n                break\n        else:\n            exception_class = WebDriverException\n    \n        if not value:\n            value = response[\"value\"]\n        if isinstance(value, str):\n            raise exception_class(value)\n        if message == \"\" and \"message\" in value:\n            message = value[\"message\"]\n    \n        screen = None  # type: ignore[assignment]\n        if \"screen\" in value:\n            screen = value[\"screen\"]\n    \n        stacktrace = None\n        st_value = value.get(\"stackTrace\") or value.get(\"stacktrace\")\n        if st_value:\n            if isinstance(st_value, str):\n                stacktrace = st_value.split(\"\\n\")\n            else:\n                stacktrace = []\n                try:\n                    for frame in st_value:\n                        line = frame.get(\"lineNumber\", \"\")\n                        file = frame.get(\"fileName\", \"<anonymous>\")\n                        if line:\n                            file = f\"{file}:{line}\"\n                        meth = frame.get(\"methodName\", \"<anonymous>\")\n                        if \"className\" in frame:\n                            meth = f\"{frame['className']}.{meth}\"\n                        msg = \"    at %s (%s)\"\n                        msg = msg % (meth, file)\n                        stacktrace.append(msg)\n                except TypeError:\n                    pass\n        if exception_class == UnexpectedAlertPresentException:\n            alert_text = None\n            if \"data\" in value:\n                alert_text = value[\"data\"].get(\"text\")\n            elif \"alert\" in value:\n                alert_text = value[\"alert\"].get(\"text\")\n            raise exception_class(message, screen, stacktrace, alert_text)  # type: ignore[call-arg]  # mypy is not smart enough here\n>       raise exception_class(message, screen, stacktrace)\nE       selenium.common.exceptions.NoSuchElementException: Message: no such element: Unable to locate element: {\"method\":\"xpath\",\"selector\":\"//label[contains(., 'Upload Logo')]/input[@type='file']\"}\nE         (Session info: chrome=139.0.7258.155); For documentation on this error, please visit: https://www.selenium.dev/documentation/webdriver/troubleshooting/errors#no-such-element-exception\nE       Stacktrace:\nE       \tGetHandleVerifier [0x0x90a8a3+63283]\nE       \tGetHandleVerifier [0x0x90a8e4+63348]\nE       \t(No symbol) [0x0x743e43]\nE       \t(No symbol) [0x0x78c8de]\nE       \t(No symbol) [0x0x78cc7b]\nE       \t(No symbol) [0x0x7d4ef2]\nE       \t(No symbol) [0x0x7b1464]\nE       \t(No symbol) [0x0x7d271a]\nE       \t(No symbol) [0x0x7b1216]\nE       \t(No symbol) [0x0x780855]\nE       \t(No symbol) [0x0x7816f4]\nE       \tGetHandleVerifier [0x0xb7bb43+2623955]\nE       \tGetHandleVerifier [0x0xb76daa+2604090]\nE       \tGetHandleVerifier [0x0x93069a+218410]\nE       \tGetHandleVerifier [0x0x920ed8+154984]\nE       \tGetHandleVerifier [0x0x92742d+180925]\nE       \tGetHandleVerifier [0x0x9122b8+94536]\nE       \tGetHandleVerifier [0x0x912442+94930]\nE       \tGetHandleVerifier [0x0x8fd5ea+9338]\nE       \tBaseThreadInitThunk [0x0x76b9fcc9+25]\nE       \tRtlGetAppContainerNamedObjectPath [0x0x777582ae+286]\nE       \tRtlGetAppContainerNamedObjectPath [0x0x7775827e+238]\n\nvenv\\Lib\\site-packages\\selenium\\webdriver\\remote\\errorhandler.py:232: NoSuchElementException","flaky":false,"newFailed":false,"newBroken":false,"newPassed":false,"retriesCount":0,"retriesStatusChange":false,"beforeStages":[{"name":"driver","time":{"start":1757253032765,"stop":1757253037459,"duration":4694},"status":"passed","steps":[],"attachments":[],"parameters":[],"hasContent":false,"attachmentStep":false,"stepsCount":0,"shouldDisplayMessage":false,"attachmentsCount":0}],"afterStages":[{"name":"driver::0","time":{"start":1757253146540,"stop":1757253162897,"duration":16357},"status":"passed","steps":[],"attachments":[],"parameters":[],"hasContent":false,"attachmentStep":false,"stepsCount":0,"shouldDisplayMessage":false,"attachmentsCount":0}],"labels":[{"name":"parentSuite","value":"tests"},{"name":"suite","value":"test_academy_registration"},{"name":"host","value":"OTSI-Lap80"},{"name":"thread","value":"95268-MainThread"},{"name":"framework","value":"pytest"},{"name":"language","value":"cpython3"},{"name":"package","value":"tests.test_academy_registration"},{"name":"resultFormat","value":"allure2"}],"parameters":[],"links":[],"hidden":true,"retry":true,"extra":{"categories":[],"tags":[]},"source":"9bce7498d5f61fec.json","parameterValues":[]}