{"uid":"e1f725cc7f176711","name":"test_mandate_field_validation_errors","fullName":"tests.test_academy_registration#test_mandate_field_validation_errors","historyId":"6c5a0a70a2da4b9b4f8e36a2eff2ad57","time":{"start":1757171624804,"stop":1757171629910,"duration":5106},"status":"failed","statusMessage":"AssertionError: Incorrect error for Name of the Organization/Academy\n  *: Title is required\nassert 'Required' in 'Title is required'","statusTrace":"driver = <selenium.webdriver.chrome.webdriver.WebDriver (session=\"ecf92ae7954f185cb0145ba7559b9945\")>\n\n    @pytest.mark.usefixtures(\"driver\")\n    def test_mandate_field_validation_errors(driver):\n            academypage = RegisterAcademyPage(driver)\n            academypage.next_button_click()\n            time.sleep(1)\n            # Capture actual errors\n            errors = academypage.validation_academy_registration()\n            # Load expected from config.json\n            expected_fields = config[\"academy_required_fields\"][\"expected\"]\n    \n            print(\"Expected Errors:\", expected_fields)\n            print(\"Actual Errors:\", errors)\n            # Check that every expected field has a Required error\n            for field in expected_fields:\n                assert field in errors, f\"Missing error for: {field}\"\n>               assert \"Required\" in errors[field], f\"Incorrect error for {field}: {errors[field]}\"\nE               AssertionError: Incorrect error for Name of the Organization/Academy\nE                 *: Title is required\nE               assert 'Required' in 'Title is required'\n\ntests\\test_academy_registration.py:40: AssertionError","flaky":false,"newFailed":false,"newBroken":false,"newPassed":false,"retriesCount":0,"retriesStatusChange":false,"beforeStages":[{"name":"driver","time":{"start":1757171576244,"stop":1757171586935,"duration":10691},"status":"passed","steps":[],"attachments":[],"parameters":[],"hasContent":false,"attachmentStep":false,"stepsCount":0,"shouldDisplayMessage":false,"attachmentsCount":0}],"testStage":{"status":"failed","statusMessage":"AssertionError: Incorrect error for Name of the Organization/Academy\n  *: Title is required\nassert 'Required' in 'Title is required'","statusTrace":"driver = <selenium.webdriver.chrome.webdriver.WebDriver (session=\"ecf92ae7954f185cb0145ba7559b9945\")>\n\n    @pytest.mark.usefixtures(\"driver\")\n    def test_mandate_field_validation_errors(driver):\n            academypage = RegisterAcademyPage(driver)\n            academypage.next_button_click()\n            time.sleep(1)\n            # Capture actual errors\n            errors = academypage.validation_academy_registration()\n            # Load expected from config.json\n            expected_fields = config[\"academy_required_fields\"][\"expected\"]\n    \n            print(\"Expected Errors:\", expected_fields)\n            print(\"Actual Errors:\", errors)\n            # Check that every expected field has a Required error\n            for field in expected_fields:\n                assert field in errors, f\"Missing error for: {field}\"\n>               assert \"Required\" in errors[field], f\"Incorrect error for {field}: {errors[field]}\"\nE               AssertionError: Incorrect error for Name of the Organization/Academy\nE                 *: Title is required\nE               assert 'Required' in 'Title is required'\n\ntests\\test_academy_registration.py:40: AssertionError","steps":[],"attachments":[{"uid":"ebd907c4309e0b3b","name":"stdout","source":"ebd907c4309e0b3b.txt","type":"text/plain","size":594}],"parameters":[],"hasContent":true,"attachmentStep":false,"stepsCount":0,"shouldDisplayMessage":true,"attachmentsCount":1},"afterStages":[{"name":"driver::0","time":{"start":1757171630331,"stop":1757171637010,"duration":6679},"status":"passed","steps":[],"attachments":[],"parameters":[],"hasContent":false,"attachmentStep":false,"stepsCount":0,"shouldDisplayMessage":false,"attachmentsCount":0}],"labels":[{"name":"parentSuite","value":"tests"},{"name":"suite","value":"test_academy_registration"},{"name":"host","value":"OTSI-Lap80"},{"name":"thread","value":"29276-MainThread"},{"name":"framework","value":"pytest"},{"name":"language","value":"cpython3"},{"name":"package","value":"tests.test_academy_registration"},{"name":"resultFormat","value":"allure2"}],"parameters":[],"links":[],"hidden":true,"retry":true,"extra":{"categories":[],"tags":[]},"source":"e1f725cc7f176711.json","parameterValues":[]}